#
# There is insufficient memory for the Java Runtime Environment to continue.
# Native memory allocation (malloc) failed to allocate 1998736 bytes for Chunk::new
# Possible reasons:
#   The system is out of physical RAM or swap space
#   The process is running with CompressedOops enabled, and the Java Heap may be blocking the growth of the native heap
# Possible solutions:
#   Reduce memory load on the system
#   Increase physical memory or swap space
#   Check if swap backing store is full
#   Decrease Java heap size (-Xmx/-Xms)
#   Decrease number of Java threads
#   Decrease Java thread stack sizes (-Xss)
#   Set larger code cache with -XX:ReservedCodeCacheSize=
#   JVM is running with Unscaled Compressed Oops mode in which the Java heap is
#     placed in the first 4GB address space. The Java Heap base address is the
#     maximum limit for the native heap growth. Please use -XX:HeapBaseMinAddress
#     to set the Java Heap base and to place the Java Heap above 4GB virtual address.
# This output file may be truncated or incomplete.
#
#  Out of Memory Error (./src/hotspot/share/memory/arena.cpp:197), pid=3736, tid=7376
#
# JRE version: OpenJDK Runtime Environment (11.0.12+7) (build 11.0.12+7-b1504.28-7817840)
# Java VM: OpenJDK 64-Bit Server VM (11.0.12+7-b1504.28-7817840, mixed mode, tiered, compressed oops, g1 gc, windows-amd64)
# No core dump will be written. Minidumps are not enabled by default on client versions of Windows
#

---------------  S U M M A R Y ------------

Command Line: --add-opens=java.base/java.util=ALL-UNNAMED --add-opens=java.base/java.lang=ALL-UNNAMED --add-opens=java.base/java.lang.invoke=ALL-UNNAMED --add-opens=java.base/java.util=ALL-UNNAMED --add-opens=java.prefs/java.util.prefs=ALL-UNNAMED --add-opens=java.prefs/java.util.prefs=ALL-UNNAMED --add-opens=java.base/java.nio.charset=ALL-UNNAMED --add-opens=java.base/java.net=ALL-UNNAMED --add-opens=java.base/java.util.concurrent.atomic=ALL-UNNAMED -Xmx2048m -Dfile.encoding=UTF-8 -Duser.country=RU -Duser.language=ru -Duser.variant org.gradle.launcher.daemon.bootstrap.GradleDaemon 7.3.3

Host: Intel(R) Core(TM) i3-7020U CPU @ 2.30GHz, 4 cores, 7G,  Windows 10 , 64 bit Build 19041 (10.0.19041.1889)
Time: Wed Oct 19 11:53:31 2022 Центральная Азия (зима) elapsed time: 74.343372 seconds (0d 0h 1m 14s)

---------------  T H R E A D  ---------------

Current thread (0x0000023f0f9a3800):  JavaThread "C2 CompilerThread1" daemon [_thread_in_native, id=7376, stack(0x00000099cbb00000,0x00000099cbc00000)]


Current CompileTask:
C2:  74343 18895 %     4       com.android.tools.r8.ir.regalloc.b::c @ 2064 (3963 bytes)

Stack: [0x00000099cbb00000,0x00000099cbc00000]
Native frames: (J=compiled Java code, j=interpreted, Vv=VM code, C=native code)
V  [jvm.dll+0x5fbcea]
V  [jvm.dll+0x731905]
V  [jvm.dll+0x732f1d]
V  [jvm.dll+0x7335d3]
V  [jvm.dll+0x247bf8]
V  [jvm.dll+0xc018c]
V  [jvm.dll+0xc06cc]
V  [jvm.dll+0x35b2db]
V  [jvm.dll+0x19cebc]
V  [jvm.dll+0x20070e]
V  [jvm.dll+0x1ff794]
V  [jvm.dll+0x18868c]
V  [jvm.dll+0x20e0d7]
V  [jvm.dll+0x20c901]
V  [jvm.dll+0x6f9b7f]
V  [jvm.dll+0x6f26a5]
V  [jvm.dll+0x5fabf6]
C  [ucrtbase.dll+0x21bb2]
C  [KERNEL32.DLL+0x17034]
C  [ntdll.dll+0x526a1]


---------------  P R O C E S S  ---------------

Threads class SMR info:
_java_thread_list=0x0000023f12126120, length=92, elements={
0x0000023f69b8a000, 0x0000023f7f6ef000, 0x0000023f7f6f2800, 0x0000023f7f70e000,
0x0000023f7f712000, 0x0000023f7f713000, 0x0000023f7f716000, 0x0000023f7f71a800,
0x0000023f7f726000, 0x0000023f0629f000, 0x0000023f07805000, 0x0000023f06c1e000,
0x0000023f0842c000, 0x0000023f07caa000, 0x0000023f08b9a800, 0x0000023f06780800,
0x0000023f08f46800, 0x0000023f07b9a000, 0x0000023f08b97800, 0x0000023f08b94000,
0x0000023f08b96800, 0x0000023f08b95000, 0x0000023f08b98800, 0x0000023f08b92800,
0x0000023f08b99000, 0x0000023f08b93800, 0x0000023f08b96000, 0x0000023f064ac000,
0x0000023f064ae000, 0x0000023f064a9800, 0x0000023f064af800, 0x0000023f064aa800,
0x0000023f064b1000, 0x0000023f064b2000, 0x0000023f064ad000, 0x0000023f064b6000,
0x0000023f064b7000, 0x0000023f064b7800, 0x0000023f064b4800, 0x0000023f064b3800,
0x0000023f064b5000, 0x0000023f064b8800, 0x0000023f064b2800, 0x0000023f095fa000,
0x0000023f095f7800, 0x0000023f095f4000, 0x0000023f095f5000, 0x0000023f095f8800,
0x0000023f095fb800, 0x0000023f095f6000, 0x0000023f095f9000, 0x0000023f095fc800,
0x0000023f095fb000, 0x0000023f095f6800, 0x0000023f095ff000, 0x0000023f09603000,
0x0000023f09602000, 0x0000023f095ff800, 0x0000023f09600800, 0x0000023f095fd000,
0x0000023f095fe000, 0x0000023f09601800, 0x0000023f09757000, 0x0000023f09758800,
0x0000023f09755800, 0x0000023f09759800, 0x0000023f09756000, 0x0000023f09757800,
0x0000023f0975a000, 0x0000023f09754800, 0x0000023f09760000, 0x0000023f0975f000,
0x0000023f09760800, 0x0000023f0975d800, 0x0000023f0975e800, 0x0000023f0975b000,
0x0000023f09761800, 0x0000023f0975c800, 0x0000023f09762800, 0x0000023f09763000,
0x0000023f0f6a7800, 0x0000023f0f6aa000, 0x0000023f0f6a8800, 0x0000023f0f6a5800,
0x0000023f0f6ab000, 0x0000023f0f6a6000, 0x0000023f0f6ac800, 0x0000023f0f6ac000,
0x0000023f0f6a7000, 0x0000023f0f6ad800, 0x0000023f0f6ae800, 0x0000023f0f9a3800
}

Java Threads: ( => current thread )
  0x0000023f69b8a000 JavaThread "main" [_thread_blocked, id=9336, stack(0x00000099cbc00000,0x00000099cbd00000)]
  0x0000023f7f6ef000 JavaThread "Reference Handler" daemon [_thread_blocked, id=2416, stack(0x00000099cc300000,0x00000099cc400000)]
  0x0000023f7f6f2800 JavaThread "Finalizer" daemon [_thread_blocked, id=7104, stack(0x00000099cc400000,0x00000099cc500000)]
  0x0000023f7f70e000 JavaThread "Signal Dispatcher" daemon [_thread_blocked, id=2464, stack(0x00000099cc500000,0x00000099cc600000)]
  0x0000023f7f712000 JavaThread "Attach Listener" daemon [_thread_blocked, id=10548, stack(0x00000099cc600000,0x00000099cc700000)]
  0x0000023f7f713000 JavaThread "Service Thread" daemon [_thread_blocked, id=9828, stack(0x00000099cc700000,0x00000099cc800000)]
  0x0000023f7f716000 JavaThread "C2 CompilerThread0" daemon [_thread_in_native, id=2964, stack(0x00000099cc800000,0x00000099cc900000)]
  0x0000023f7f71a800 JavaThread "C1 CompilerThread0" daemon [_thread_blocked, id=4140, stack(0x00000099cc900000,0x00000099cca00000)]
  0x0000023f7f726000 JavaThread "Sweeper thread" daemon [_thread_blocked, id=2652, stack(0x00000099cca00000,0x00000099ccb00000)]
  0x0000023f0629f000 JavaThread "Common-Cleaner" daemon [_thread_blocked, id=7176, stack(0x00000099ccb00000,0x00000099ccc00000)]
  0x0000023f07805000 JavaThread "Daemon health stats" [_thread_blocked, id=4296, stack(0x00000099cd000000,0x00000099cd100000)]
  0x0000023f06c1e000 JavaThread "Incoming local TCP Connector on port 60811" [_thread_in_native, id=32, stack(0x00000099ccd00000,0x00000099cce00000)]
  0x0000023f0842c000 JavaThread "Daemon periodic checks" [_thread_blocked, id=476, stack(0x00000099cd100000,0x00000099cd200000)]
  0x0000023f07caa000 JavaThread "Daemon" [_thread_blocked, id=8596, stack(0x00000099cd200000,0x00000099cd300000)]
  0x0000023f08b9a800 JavaThread "Handler for socket connection from /127.0.0.1:60811 to /127.0.0.1:60812" [_thread_in_native, id=8168, stack(0x00000099cd300000,0x00000099cd400000)]
  0x0000023f06780800 JavaThread "Cancel handler" [_thread_blocked, id=3564, stack(0x00000099cd400000,0x00000099cd500000)]
  0x0000023f08f46800 JavaThread "Daemon worker" [_thread_blocked, id=10580, stack(0x00000099cd500000,0x00000099cd600000)]
  0x0000023f07b9a000 JavaThread "Asynchronous log dispatcher for DefaultDaemonConnection: socket connection from /127.0.0.1:60811 to /127.0.0.1:60812" [_thread_blocked, id=5176, stack(0x00000099cd600000,0x00000099cd700000)]
  0x0000023f08b97800 JavaThread "Daemon client event forwarder" [_thread_blocked, id=7124, stack(0x00000099cd800000,0x00000099cd900000)]
  0x0000023f08b94000 JavaThread "Cache worker for journal cache (C:\Users\Sultan\.gradle\caches\journal-1)" [_thread_blocked, id=8644, stack(0x00000099cda00000,0x00000099cdb00000)]
  0x0000023f08b96800 JavaThread "File lock request listener" [_thread_in_native, id=4116, stack(0x00000099cdb00000,0x00000099cdc00000)]
  0x0000023f08b95000 JavaThread "Cache worker for file hash cache (C:\Users\Sultan\.gradle\caches\7.3.3\fileHashes)" [_thread_blocked, id=1912, stack(0x00000099cdc00000,0x00000099cdd00000)]
  0x0000023f08b98800 JavaThread "Cache worker for file hash cache (F:\NeobisProjects\viewpager_test\.gradle\7.3.3\fileHashes)" [_thread_blocked, id=2316, stack(0x00000099cde00000,0x00000099cdf00000)]
  0x0000023f08b92800 JavaThread "File watcher server" daemon [_thread_in_native, id=6600, stack(0x00000099cdf00000,0x00000099ce000000)]
  0x0000023f08b99000 JavaThread "File watcher consumer" daemon [_thread_blocked, id=6900, stack(0x00000099ce000000,0x00000099ce100000)]
  0x0000023f08b93800 JavaThread "Cache worker for checksums cache (F:\NeobisProjects\viewpager_test\.gradle\7.3.3\checksums)" [_thread_blocked, id=10220, stack(0x00000099ce100000,0x00000099ce200000)]
  0x0000023f08b96000 JavaThread "Cache worker for cache directory md-supplier (C:\Users\Sultan\.gradle\caches\7.3.3\md-supplier)" [_thread_blocked, id=9056, stack(0x00000099ce200000,0x00000099ce300000)]
  0x0000023f064ac000 JavaThread "Cache worker for cache directory md-rule (C:\Users\Sultan\.gradle\caches\7.3.3\md-rule)" [_thread_blocked, id=6136, stack(0x00000099ce300000,0x00000099ce400000)]
  0x0000023f064ae000 JavaThread "Cache worker for execution history cache (C:\Users\Sultan\.gradle\caches\7.3.3\executionHistory)" [_thread_blocked, id=6952, stack(0x00000099ce400000,0x00000099ce500000)]
  0x0000023f064a9800 JavaThread "jar transforms" [_thread_blocked, id=3020, stack(0x00000099ce500000,0x00000099ce600000)]
  0x0000023f064af800 JavaThread "Cache worker for file content cache (C:\Users\Sultan\.gradle\caches\7.3.3\fileContent)" [_thread_blocked, id=10872, stack(0x00000099ce600000,0x00000099ce700000)]
  0x0000023f064aa800 JavaThread "jar transforms Thread 2" [_thread_blocked, id=1088, stack(0x00000099ce700000,0x00000099ce800000)]
  0x0000023f064b1000 JavaThread "Cache worker for dependencies-accessors (F:\NeobisProjects\viewpager_test\.gradle\7.3.3\dependencies-accessors)" [_thread_blocked, id=7656, stack(0x00000099ce800000,0x00000099ce900000)]
  0x0000023f064b2000 JavaThread "jar transforms Thread 3" [_thread_blocked, id=2844, stack(0x00000099ce900000,0x00000099cea00000)]
  0x0000023f064ad000 JavaThread "Cache worker for Build Output Cleanup Cache (F:\NeobisProjects\viewpager_test\.gradle\buildOutputCleanup)" [_thread_blocked, id=8828, stack(0x00000099cea00000,0x00000099ceb00000)]
  0x0000023f064b6000 JavaThread "Unconstrained build operations" [_thread_blocked, id=2224, stack(0x00000099ceb00000,0x00000099cec00000)]
  0x0000023f064b7000 JavaThread "Unconstrained build operations Thread 2" [_thread_blocked, id=5552, stack(0x00000099cec00000,0x00000099ced00000)]
  0x0000023f064b7800 JavaThread "Unconstrained build operations Thread 3" [_thread_blocked, id=10592, stack(0x00000099ced00000,0x00000099cee00000)]
  0x0000023f064b4800 JavaThread "Unconstrained build operations Thread 4" [_thread_in_Java, id=10004, stack(0x00000099cee00000,0x00000099cef00000)]
  0x0000023f064b3800 JavaThread "Unconstrained build operations Thread 5" [_thread_blocked, id=6492, stack(0x00000099cef00000,0x00000099cf000000)]
  0x0000023f064b5000 JavaThread "Unconstrained build operations Thread 6" [_thread_blocked, id=9488, stack(0x00000099cf000000,0x00000099cf100000)]
  0x0000023f064b8800 JavaThread "Unconstrained build operations Thread 7" [_thread_blocked, id=5156, stack(0x00000099cf100000,0x00000099cf200000)]
  0x0000023f064b2800 JavaThread "Unconstrained build operations Thread 8" [_thread_blocked, id=6368, stack(0x00000099cf200000,0x00000099cf300000)]
  0x0000023f095fa000 JavaThread "Unconstrained build operations Thread 9" [_thread_blocked, id=4152, stack(0x00000099cf300000,0x00000099cf400000)]
  0x0000023f095f7800 JavaThread "Unconstrained build operations Thread 10" [_thread_blocked, id=436, stack(0x00000099cf400000,0x00000099cf500000)]
  0x0000023f095f4000 JavaThread "Unconstrained build operations Thread 11" [_thread_blocked, id=1512, stack(0x00000099cf500000,0x00000099cf600000)]
  0x0000023f095f5000 JavaThread "Unconstrained build operations Thread 12" [_thread_blocked, id=3532, stack(0x00000099cf600000,0x00000099cf700000)]
  0x0000023f095f8800 JavaThread "Unconstrained build operations Thread 13" [_thread_blocked, id=7772, stack(0x00000099cf700000,0x00000099cf800000)]
  0x0000023f095fb800 JavaThread "Unconstrained build operations Thread 14" [_thread_blocked, id=10804, stack(0x00000099cf800000,0x00000099cf900000)]
  0x0000023f095f6000 JavaThread "Unconstrained build operations Thread 15" [_thread_blocked, id=2412, stack(0x00000099cf900000,0x00000099cfa00000)]
  0x0000023f095f9000 JavaThread "Unconstrained build operations Thread 16" [_thread_blocked, id=11260, stack(0x00000099cfa00000,0x00000099cfb00000)]
  0x0000023f095fc800 JavaThread "Unconstrained build operations Thread 17" [_thread_blocked, id=4320, stack(0x00000099cfb00000,0x00000099cfc00000)]
  0x0000023f095fb000 JavaThread "Unconstrained build operations Thread 18" [_thread_blocked, id=4756, stack(0x00000099cfc00000,0x00000099cfd00000)]
  0x0000023f095f6800 JavaThread "Unconstrained build operations Thread 19" [_thread_blocked, id=6500, stack(0x00000099cfd00000,0x00000099cfe00000)]
  0x0000023f095ff000 JavaThread "Unconstrained build operations Thread 20" [_thread_in_Java, id=4084, stack(0x00000099cfe00000,0x00000099cff00000)]
  0x0000023f09603000 JavaThread "Unconstrained build operations Thread 21" [_thread_blocked, id=8676, stack(0x00000099cff00000,0x00000099d0000000)]
  0x0000023f09602000 JavaThread "Unconstrained build operations Thread 22" [_thread_blocked, id=4192, stack(0x00000099d0000000,0x00000099d0100000)]
  0x0000023f095ff800 JavaThread "Unconstrained build operations Thread 23" [_thread_blocked, id=9912, stack(0x00000099d0100000,0x00000099d0200000)]
  0x0000023f09600800 JavaThread "Unconstrained build operations Thread 24" [_thread_blocked, id=3160, stack(0x00000099d0200000,0x00000099d0300000)]
  0x0000023f095fd000 JavaThread "Unconstrained build operations Thread 25" [_thread_blocked, id=10604, stack(0x00000099d0300000,0x00000099d0400000)]
  0x0000023f095fe000 JavaThread "Unconstrained build operations Thread 26" [_thread_blocked, id=1792, stack(0x00000099d0400000,0x00000099d0500000)]
  0x0000023f09601800 JavaThread "Unconstrained build operations Thread 27" [_thread_blocked, id=2712, stack(0x00000099d0500000,0x00000099d0600000)]
  0x0000023f09757000 JavaThread "Unconstrained build operations Thread 28" [_thread_blocked, id=10008, stack(0x00000099d0600000,0x00000099d0700000)]
  0x0000023f09758800 JavaThread "Unconstrained build operations Thread 29" [_thread_blocked, id=1332, stack(0x00000099d0700000,0x00000099d0800000)]
  0x0000023f09755800 JavaThread "Unconstrained build operations Thread 30" [_thread_blocked, id=10512, stack(0x00000099d0800000,0x00000099d0900000)]
  0x0000023f09759800 JavaThread "Unconstrained build operations Thread 31" [_thread_blocked, id=8712, stack(0x00000099d0900000,0x00000099d0a00000)]
  0x0000023f09756000 JavaThread "Unconstrained build operations Thread 32" [_thread_blocked, id=9048, stack(0x00000099d0a00000,0x00000099d0b00000)]
  0x0000023f09757800 JavaThread "Unconstrained build operations Thread 33" [_thread_blocked, id=9872, stack(0x00000099d0b00000,0x00000099d0c00000)]
  0x0000023f0975a000 JavaThread "Unconstrained build operations Thread 34" [_thread_blocked, id=10812, stack(0x00000099d0c00000,0x00000099d0d00000)]
  0x0000023f09754800 JavaThread "Unconstrained build operations Thread 35" [_thread_blocked, id=7676, stack(0x00000099d0d00000,0x00000099d0e00000)]
  0x0000023f09760000 JavaThread "Unconstrained build operations Thread 36" [_thread_blocked, id=10860, stack(0x00000099d0e00000,0x00000099d0f00000)]
  0x0000023f0975f000 JavaThread "Unconstrained build operations Thread 37" [_thread_blocked, id=11060, stack(0x00000099d0f00000,0x00000099d1000000)]
  0x0000023f09760800 JavaThread "Unconstrained build operations Thread 38" [_thread_blocked, id=3668, stack(0x00000099d1000000,0x00000099d1100000)]
  0x0000023f0975d800 JavaThread "Unconstrained build operations Thread 39" [_thread_blocked, id=3972, stack(0x00000099d1100000,0x00000099d1200000)]
  0x0000023f0975e800 JavaThread "Unconstrained build operations Thread 40" [_thread_blocked, id=10972, stack(0x00000099d1200000,0x00000099d1300000)]
  0x0000023f0975b000 JavaThread "jar transforms Thread 4" [_thread_blocked, id=10876, stack(0x00000099d1300000,0x00000099d1400000)]
  0x0000023f09761800 JavaThread "Memory manager" [_thread_blocked, id=5612, stack(0x00000099d1400000,0x00000099d1500000)]
  0x0000023f0975c800 JavaThread "build event listener" [_thread_blocked, id=5572, stack(0x00000099d1500000,0x00000099d1600000)]
  0x0000023f09762800 JavaThread "build event listener" [_thread_blocked, id=6908, stack(0x00000099d1600000,0x00000099d1700000)]
  0x0000023f09763000 JavaThread "pool-3-thread-1" [_thread_blocked, id=8576, stack(0x00000099d1700000,0x00000099d1800000)]
  0x0000023f0f6a7800 JavaThread "build event listener" [_thread_blocked, id=9728, stack(0x00000099d1800000,0x00000099d1900000)]
  0x0000023f0f6aa000 JavaThread "Execution worker for ':'" [_thread_blocked, id=8176, stack(0x00000099d1900000,0x00000099d1a00000)]
  0x0000023f0f6a8800 JavaThread "Execution worker for ':' Thread 2" [_thread_blocked, id=10620, stack(0x00000099d1a00000,0x00000099d1b00000)]
  0x0000023f0f6a5800 JavaThread "Execution worker for ':' Thread 3" [_thread_blocked, id=7788, stack(0x00000099d1b00000,0x00000099d1c00000)]
  0x0000023f0f6ab000 JavaThread "Cache worker for execution history cache (F:\NeobisProjects\viewpager_test\.gradle\7.3.3\executionHistory)" [_thread_blocked, id=6912, stack(0x00000099d1c00000,0x00000099d1d00000)]
  0x0000023f0f6a6000 JavaThread "WorkerExecutor Queue Thread 3" [_thread_blocked, id=1220, stack(0x00000099d1f00000,0x00000099d2000000)]
  0x0000023f0f6ac800 JavaThread "WorkerExecutor Queue Thread 4" [_thread_blocked, id=3656, stack(0x00000099d2000000,0x00000099d2100000)]
  0x0000023f0f6ac000 JavaThread "WorkerExecutor Queue Thread 5" [_thread_blocked, id=10676, stack(0x00000099cba00000,0x00000099cbb00000)]
  0x0000023f0f6a7000 JavaThread "pool-4-thread-1" [_thread_blocked, id=4776, stack(0x00000099d1d00000,0x00000099d1e00000)]
  0x0000023f0f6ad800 JavaThread "stderr" [_thread_in_native, id=9928, stack(0x00000099d1e00000,0x00000099d1f00000)]
  0x0000023f0f6ae800 JavaThread "stdout" [_thread_in_native, id=1140, stack(0x00000099d2300000,0x00000099d2400000)]
=>0x0000023f0f9a3800 JavaThread "C2 CompilerThread1" daemon [_thread_in_native, id=7376, stack(0x00000099cbb00000,0x00000099cbc00000)]

Other Threads:
  0x0000023f7f6eb000 VMThread "VM Thread" [stack: 0x00000099cc200000,0x00000099cc300000] [id=8564]
  0x0000023f062b0000 WatcherThread [stack: 0x00000099ccc00000,0x00000099ccd00000] [id=3232]
  0x0000023f69ba3800 GCTaskThread "GC Thread#0" [stack: 0x00000099cbd00000,0x00000099cbe00000] [id=1180]
  0x0000023f0688c800 GCTaskThread "GC Thread#1" [stack: 0x00000099cce00000,0x00000099ccf00000] [id=10756]
  0x0000023f06b82000 GCTaskThread "GC Thread#2" [stack: 0x00000099ccf00000,0x00000099cd000000] [id=1740]
  0x0000023f08630800 GCTaskThread "GC Thread#3" [stack: 0x00000099cd900000,0x00000099cda00000] [id=11248]
  0x0000023f69bda000 ConcurrentGCThread "G1 Main Marker" [stack: 0x00000099cbe00000,0x00000099cbf00000] [id=4692]
  0x0000023f69bdb000 ConcurrentGCThread "G1 Conc#0" [stack: 0x00000099cbf00000,0x00000099cc000000] [id=8160]
  0x0000023f69c66800 ConcurrentGCThread "G1 Refine#0" [stack: 0x00000099cc000000,0x00000099cc100000] [id=10104]
  0x0000023f0f9be000 ConcurrentGCThread "G1 Refine#1" [stack: 0x00000099cdd00000,0x00000099cde00000] [id=10120]
  0x0000023f69c67800 ConcurrentGCThread "G1 Young RemSet Sampling" [stack: 0x00000099cc100000,0x00000099cc200000] [id=10984]

Threads with active compile tasks:
C2 CompilerThread0  74442 19152       4       com.android.tools.r8.internal.uJ::a (447 bytes)
C2 CompilerThread1  74443 18895 %     4       com.android.tools.r8.ir.regalloc.b::c @ 2064 (3963 bytes)

VM state:not at safepoint (normal execution)

VM Mutex/Monitor currently owned by a thread: None

Heap address: 0x0000000080000000, size: 2048 MB, Compressed Oops mode: 32-bit
Narrow klass base: 0x0000000000000000, Narrow klass shift: 3
Compressed class space size: 1073741824 Address: 0x0000000100000000

Heap:
 garbage-first heap   total 343040K, used 196221K [0x0000000080000000, 0x0000000100000000)
  region size 1024K, 24 young (24576K), 8 survivors (8192K)
 Metaspace       used 118722K, capacity 121476K, committed 121600K, reserved 1155072K
  class space    used 14751K, capacity 15851K, committed 15872K, reserved 1048576K
Heap Regions: E=young(eden), S=young(survivor), O=old, HS=humongous(starts), HC=humongous(continues), CS=collection set, F=free, A=archive, TAMS=top-at-mark-start (previous, next)
|   0|0x0000000080000000, 0x0000000080100000, 0x0000000080100000|100%| O|  |TAMS 0x0000000080100000, 0x0000000080100000| Untracked 
|   1|0x0000000080100000, 0x0000000080200000, 0x0000000080200000|100%| O|  |TAMS 0x0000000080200000, 0x0000000080200000| Untracked 
|   2|0x0000000080200000, 0x0000000080300000, 0x0000000080300000|100%| O|  |TAMS 0x0000000080300000, 0x0000000080300000| Untracked 
|   3|0x0000000080300000, 0x0000000080400000, 0x0000000080400000|100%|HS|  |TAMS 0x0000000080400000, 0x0000000080400000| Complete 
|   4|0x0000000080400000, 0x0000000080500000, 0x0000000080500000|100%|HC|  |TAMS 0x0000000080500000, 0x0000000080500000| Complete 
|   5|0x0000000080500000, 0x0000000080600000, 0x0000000080600000|100%|HC|  |TAMS 0x0000000080600000, 0x0000000080600000| Complete 
|   6|0x0000000080600000, 0x0000000080700000, 0x0000000080700000|100%| O|  |TAMS 0x0000000080700000, 0x0000000080700000| Untracked 
|   7|0x0000000080700000, 0x0000000080800000, 0x0000000080800000|100%| O|  |TAMS 0x0000000080800000, 0x0000000080800000| Untracked 
|   8|0x0000000080800000, 0x0000000080900000, 0x0000000080900000|100%| O|  |TAMS 0x0000000080900000, 0x0000000080900000| Untracked 
|   9|0x0000000080900000, 0x0000000080a00000, 0x0000000080a00000|100%| O|  |TAMS 0x0000000080a00000, 0x0000000080a00000| Untracked 
|  10|0x0000000080a00000, 0x0000000080b00000, 0x0000000080b00000|100%| O|  |TAMS 0x0000000080b00000, 0x0000000080b00000| Untracked 
|  11|0x0000000080b00000, 0x0000000080c00000, 0x0000000080c00000|100%| O|  |TAMS 0x0000000080c00000, 0x0000000080c00000| Untracked 
|  12|0x0000000080c00000, 0x0000000080d00000, 0x0000000080d00000|100%| O|  |TAMS 0x0000000080d00000, 0x0000000080d00000| Untracked 
|  13|0x0000000080d00000, 0x0000000080e00000, 0x0000000080e00000|100%| O|  |TAMS 0x0000000080e00000, 0x0000000080e00000| Untracked 
|  14|0x0000000080e00000, 0x0000000080f00000, 0x0000000080f00000|100%| O|  |TAMS 0x0000000080f00000, 0x0000000080f00000| Untracked 
|  15|0x0000000080f00000, 0x0000000081000000, 0x0000000081000000|100%| O|  |TAMS 0x0000000081000000, 0x0000000081000000| Untracked 
|  16|0x0000000081000000, 0x0000000081100000, 0x0000000081100000|100%| O|  |TAMS 0x0000000081100000, 0x0000000081100000| Untracked 
|  17|0x0000000081100000, 0x0000000081200000, 0x0000000081200000|100%| O|  |TAMS 0x0000000081200000, 0x0000000081200000| Untracked 
|  18|0x0000000081200000, 0x0000000081300000, 0x0000000081300000|100%| O|  |TAMS 0x0000000081300000, 0x0000000081300000| Untracked 
|  19|0x0000000081300000, 0x0000000081400000, 0x0000000081400000|100%|HS|  |TAMS 0x0000000081400000, 0x0000000081400000| Complete 
|  20|0x0000000081400000, 0x0000000081500000, 0x0000000081500000|100%| O|  |TAMS 0x0000000081500000, 0x0000000081500000| Untracked 
|  21|0x0000000081500000, 0x0000000081600000, 0x0000000081600000|100%| O|  |TAMS 0x0000000081600000, 0x0000000081600000| Untracked 
|  22|0x0000000081600000, 0x0000000081700000, 0x0000000081700000|100%| O|  |TAMS 0x0000000081700000, 0x0000000081700000| Untracked 
|  23|0x0000000081700000, 0x0000000081800000, 0x0000000081800000|100%| O|  |TAMS 0x0000000081800000, 0x0000000081800000| Untracked 
|  24|0x0000000081800000, 0x0000000081900000, 0x0000000081900000|100%| O|  |TAMS 0x0000000081900000, 0x0000000081900000| Untracked 
|  25|0x0000000081900000, 0x0000000081a00000, 0x0000000081a00000|100%| O|  |TAMS 0x0000000081a00000, 0x0000000081a00000| Untracked 
|  26|0x0000000081a00000, 0x0000000081b00000, 0x0000000081b00000|100%| O|  |TAMS 0x0000000081b00000, 0x0000000081b00000| Untracked 
|  27|0x0000000081b00000, 0x0000000081c00000, 0x0000000081c00000|100%| O|  |TAMS 0x0000000081c00000, 0x0000000081c00000| Untracked 
|  28|0x0000000081c00000, 0x0000000081d00000, 0x0000000081d00000|100%|HS|  |TAMS 0x0000000081d00000, 0x0000000081d00000| Complete 
|  29|0x0000000081d00000, 0x0000000081e00000, 0x0000000081e00000|100%|HS|  |TAMS 0x0000000081e00000, 0x0000000081e00000| Complete 
|  30|0x0000000081e00000, 0x0000000081f00000, 0x0000000081f00000|100%|HS|  |TAMS 0x0000000081f00000, 0x0000000081f00000| Complete 
|  31|0x0000000081f00000, 0x0000000082000000, 0x0000000082000000|100%|HC|  |TAMS 0x0000000082000000, 0x0000000082000000| Complete 
|  32|0x0000000082000000, 0x0000000082100000, 0x0000000082100000|100%|HC|  |TAMS 0x0000000082100000, 0x0000000082100000| Complete 
|  33|0x0000000082100000, 0x0000000082200000, 0x0000000082200000|100%|HS|  |TAMS 0x0000000082200000, 0x0000000082200000| Complete 
|  34|0x0000000082200000, 0x0000000082300000, 0x0000000082300000|100%|HC|  |TAMS 0x0000000082300000, 0x0000000082300000| Complete 
|  35|0x0000000082300000, 0x0000000082400000, 0x0000000082400000|100%| O|  |TAMS 0x0000000082400000, 0x0000000082400000| Untracked 
|  36|0x0000000082400000, 0x0000000082500000, 0x0000000082500000|100%| O|  |TAMS 0x0000000082500000, 0x0000000082500000| Untracked 
|  37|0x0000000082500000, 0x0000000082600000, 0x0000000082600000|100%| O|  |TAMS 0x0000000082600000, 0x0000000082600000| Untracked 
|  38|0x0000000082600000, 0x0000000082700000, 0x0000000082700000|100%| O|  |TAMS 0x0000000082700000, 0x0000000082700000| Untracked 
|  39|0x0000000082700000, 0x0000000082800000, 0x0000000082800000|100%| O|  |TAMS 0x0000000082800000, 0x0000000082800000| Untracked 
|  40|0x0000000082800000, 0x0000000082900000, 0x0000000082900000|100%| O|  |TAMS 0x0000000082900000, 0x0000000082900000| Untracked 
|  41|0x0000000082900000, 0x0000000082a00000, 0x0000000082a00000|100%| O|  |TAMS 0x0000000082a00000, 0x0000000082a00000| Untracked 
|  42|0x0000000082a00000, 0x0000000082b00000, 0x0000000082b00000|100%| O|  |TAMS 0x0000000082b00000, 0x0000000082b00000| Untracked 
|  43|0x0000000082b00000, 0x0000000082c00000, 0x0000000082c00000|100%| O|  |TAMS 0x0000000082c00000, 0x0000000082c00000| Untracked 
|  44|0x0000000082c00000, 0x0000000082d00000, 0x0000000082d00000|100%| O|  |TAMS 0x0000000082d00000, 0x0000000082d00000| Untracked 
|  45|0x0000000082d00000, 0x0000000082e00000, 0x0000000082e00000|100%| O|  |TAMS 0x0000000082e00000, 0x0000000082e00000| Untracked 
|  46|0x0000000082e00000, 0x0000000082f00000, 0x0000000082f00000|100%| O|  |TAMS 0x0000000082f00000, 0x0000000082f00000| Untracked 
|  47|0x0000000082f00000, 0x0000000083000000, 0x0000000083000000|100%| O|  |TAMS 0x0000000083000000, 0x0000000083000000| Untracked 
|  48|0x0000000083000000, 0x0000000083100000, 0x0000000083100000|100%| O|  |TAMS 0x0000000083100000, 0x0000000083100000| Untracked 
|  49|0x0000000083100000, 0x0000000083200000, 0x0000000083200000|100%| O|  |TAMS 0x0000000083200000, 0x0000000083200000| Untracked 
|  50|0x0000000083200000, 0x0000000083300000, 0x0000000083300000|100%| O|  |TAMS 0x0000000083300000, 0x0000000083300000| Untracked 
|  51|0x0000000083300000, 0x0000000083400000, 0x0000000083400000|100%| O|  |TAMS 0x0000000083400000, 0x0000000083400000| Untracked 
|  52|0x0000000083400000, 0x0000000083500000, 0x0000000083500000|100%| O|  |TAMS 0x0000000083500000, 0x0000000083500000| Untracked 
|  53|0x0000000083500000, 0x0000000083600000, 0x0000000083600000|100%| O|  |TAMS 0x0000000083600000, 0x0000000083600000| Untracked 
|  54|0x0000000083600000, 0x0000000083700000, 0x0000000083700000|100%| O|  |TAMS 0x0000000083700000, 0x0000000083700000| Untracked 
|  55|0x0000000083700000, 0x0000000083800000, 0x0000000083800000|100%| O|  |TAMS 0x0000000083800000, 0x0000000083800000| Untracked 
|  56|0x0000000083800000, 0x0000000083900000, 0x0000000083900000|100%| O|  |TAMS 0x0000000083900000, 0x0000000083900000| Untracked 
|  57|0x0000000083900000, 0x0000000083a00000, 0x0000000083a00000|100%| O|  |TAMS 0x0000000083a00000, 0x0000000083a00000| Untracked 
|  58|0x0000000083a00000, 0x0000000083b00000, 0x0000000083b00000|100%| O|  |TAMS 0x0000000083b00000, 0x0000000083b00000| Untracked 
|  59|0x0000000083b00000, 0x0000000083c00000, 0x0000000083c00000|100%| O|  |TAMS 0x0000000083c00000, 0x0000000083c00000| Untracked 
|  60|0x0000000083c00000, 0x0000000083d00000, 0x0000000083d00000|100%| O|  |TAMS 0x0000000083d00000, 0x0000000083d00000| Untracked 
|  61|0x0000000083d00000, 0x0000000083e00000, 0x0000000083e00000|100%| O|  |TAMS 0x0000000083e00000, 0x0000000083e00000| Untracked 
|  62|0x0000000083e00000, 0x0000000083f00000, 0x0000000083f00000|100%| O|  |TAMS 0x0000000083f00000, 0x0000000083f00000| Untracked 
|  63|0x0000000083f00000, 0x0000000084000000, 0x0000000084000000|100%| O|  |TAMS 0x0000000084000000, 0x0000000084000000| Untracked 
|  64|0x0000000084000000, 0x0000000084100000, 0x0000000084100000|100%| O|  |TAMS 0x0000000084100000, 0x0000000084100000| Untracked 
|  65|0x0000000084100000, 0x0000000084200000, 0x0000000084200000|100%| O|  |TAMS 0x0000000084200000, 0x0000000084200000| Untracked 
|  66|0x0000000084200000, 0x0000000084300000, 0x0000000084300000|100%| O|  |TAMS 0x0000000084300000, 0x0000000084300000| Untracked 
|  67|0x0000000084300000, 0x0000000084400000, 0x0000000084400000|100%| O|  |TAMS 0x0000000084400000, 0x0000000084400000| Untracked 
|  68|0x0000000084400000, 0x0000000084500000, 0x0000000084500000|100%| O|  |TAMS 0x0000000084500000, 0x0000000084500000| Untracked 
|  69|0x0000000084500000, 0x0000000084600000, 0x0000000084600000|100%| O|  |TAMS 0x0000000084600000, 0x0000000084600000| Untracked 
|  70|0x0000000084600000, 0x0000000084700000, 0x0000000084700000|100%| O|  |TAMS 0x0000000084700000, 0x0000000084700000| Untracked 
|  71|0x0000000084700000, 0x0000000084800000, 0x0000000084800000|100%| O|  |TAMS 0x0000000084800000, 0x0000000084800000| Untracked 
|  72|0x0000000084800000, 0x0000000084900000, 0x0000000084900000|100%| O|  |TAMS 0x0000000084900000, 0x0000000084900000| Untracked 
|  73|0x0000000084900000, 0x0000000084a00000, 0x0000000084a00000|100%| O|  |TAMS 0x0000000084a00000, 0x0000000084a00000| Untracked 
|  74|0x0000000084a00000, 0x0000000084b00000, 0x0000000084b00000|100%| O|  |TAMS 0x0000000084b00000, 0x0000000084b00000| Untracked 
|  75|0x0000000084b00000, 0x0000000084c00000, 0x0000000084c00000|100%| O|  |TAMS 0x0000000084c00000, 0x0000000084c00000| Untracked 
|  76|0x0000000084c00000, 0x0000000084d00000, 0x0000000084d00000|100%| O|  |TAMS 0x0000000084d00000, 0x0000000084d00000| Untracked 
|  77|0x0000000084d00000, 0x0000000084e00000, 0x0000000084e00000|100%| O|  |TAMS 0x0000000084e00000, 0x0000000084e00000| Untracked 
|  78|0x0000000084e00000, 0x0000000084f00000, 0x0000000084f00000|100%| O|  |TAMS 0x0000000084f00000, 0x0000000084f00000| Untracked 
|  79|0x0000000084f00000, 0x0000000085000000, 0x0000000085000000|100%| O|  |TAMS 0x0000000085000000, 0x0000000085000000| Untracked 
|  80|0x0000000085000000, 0x0000000085100000, 0x0000000085100000|100%| O|  |TAMS 0x0000000085100000, 0x0000000085100000| Untracked 
|  81|0x0000000085100000, 0x0000000085200000, 0x0000000085200000|100%| O|  |TAMS 0x0000000085200000, 0x0000000085200000| Untracked 
|  82|0x0000000085200000, 0x0000000085300000, 0x0000000085300000|100%| O|  |TAMS 0x0000000085300000, 0x0000000085300000| Untracked 
|  83|0x0000000085300000, 0x0000000085400000, 0x0000000085400000|100%| O|  |TAMS 0x0000000085400000, 0x0000000085400000| Untracked 
|  84|0x0000000085400000, 0x0000000085500000, 0x0000000085500000|100%| O|  |TAMS 0x0000000085500000, 0x0000000085500000| Untracked 
|  85|0x0000000085500000, 0x0000000085600000, 0x0000000085600000|100%| O|  |TAMS 0x0000000085600000, 0x0000000085600000| Untracked 
|  86|0x0000000085600000, 0x0000000085700000, 0x0000000085700000|100%| O|  |TAMS 0x0000000085700000, 0x0000000085700000| Untracked 
|  87|0x0000000085700000, 0x0000000085800000, 0x0000000085800000|100%| O|  |TAMS 0x0000000085800000, 0x0000000085800000| Untracked 
|  88|0x0000000085800000, 0x0000000085900000, 0x0000000085900000|100%| O|  |TAMS 0x0000000085900000, 0x0000000085900000| Untracked 
|  89|0x0000000085900000, 0x0000000085a00000, 0x0000000085a00000|100%| O|  |TAMS 0x0000000085a00000, 0x0000000085a00000| Untracked 
|  90|0x0000000085a00000, 0x0000000085b00000, 0x0000000085b00000|100%| O|  |TAMS 0x0000000085b00000, 0x0000000085b00000| Untracked 
|  91|0x0000000085b00000, 0x0000000085c00000, 0x0000000085c00000|100%| O|  |TAMS 0x0000000085c00000, 0x0000000085c00000| Untracked 
|  92|0x0000000085c00000, 0x0000000085d00000, 0x0000000085d00000|100%| O|  |TAMS 0x0000000085d00000, 0x0000000085d00000| Untracked 
|  93|0x0000000085d00000, 0x0000000085e00000, 0x0000000085e00000|100%| O|  |TAMS 0x0000000085e00000, 0x0000000085e00000| Untracked 
|  94|0x0000000085e00000, 0x0000000085f00000, 0x0000000085f00000|100%| O|  |TAMS 0x0000000085f00000, 0x0000000085f00000| Untracked 
|  95|0x0000000085f00000, 0x0000000086000000, 0x0000000086000000|100%| O|  |TAMS 0x0000000086000000, 0x0000000086000000| Untracked 
|  96|0x0000000086000000, 0x0000000086100000, 0x0000000086100000|100%| O|  |TAMS 0x0000000086100000, 0x0000000086100000| Untracked 
|  97|0x0000000086100000, 0x0000000086200000, 0x0000000086200000|100%| O|  |TAMS 0x0000000086200000, 0x0000000086200000| Untracked 
|  98|0x0000000086200000, 0x0000000086300000, 0x0000000086300000|100%| O|  |TAMS 0x0000000086300000, 0x0000000086300000| Untracked 
|  99|0x0000000086300000, 0x0000000086400000, 0x0000000086400000|100%| O|  |TAMS 0x0000000086400000, 0x0000000086400000| Untracked 
| 100|0x0000000086400000, 0x0000000086500000, 0x0000000086500000|100%|HS|  |TAMS 0x0000000086500000, 0x0000000086500000| Complete 
| 101|0x0000000086500000, 0x0000000086600000, 0x0000000086600000|100%|HC|  |TAMS 0x0000000086600000, 0x0000000086600000| Complete 
| 102|0x0000000086600000, 0x0000000086700000, 0x0000000086700000|100%| O|  |TAMS 0x0000000086700000, 0x0000000086700000| Untracked 
| 103|0x0000000086700000, 0x0000000086800000, 0x0000000086800000|100%| O|  |TAMS 0x0000000086800000, 0x0000000086800000| Untracked 
| 104|0x0000000086800000, 0x0000000086900000, 0x0000000086900000|100%| O|  |TAMS 0x0000000086900000, 0x0000000086900000| Untracked 
| 105|0x0000000086900000, 0x0000000086a00000, 0x0000000086a00000|100%| O|  |TAMS 0x0000000086a00000, 0x0000000086a00000| Untracked 
| 106|0x0000000086a00000, 0x0000000086b00000, 0x0000000086b00000|100%| O|  |TAMS 0x0000000086b00000, 0x0000000086b00000| Untracked 
| 107|0x0000000086b00000, 0x0000000086c00000, 0x0000000086c00000|100%| O|  |TAMS 0x0000000086c00000, 0x0000000086c00000| Untracked 
| 108|0x0000000086c00000, 0x0000000086d00000, 0x0000000086d00000|100%| O|  |TAMS 0x0000000086d00000, 0x0000000086d00000| Untracked 
| 109|0x0000000086d00000, 0x0000000086e00000, 0x0000000086e00000|100%| O|  |TAMS 0x0000000086e00000, 0x0000000086e00000| Untracked 
| 110|0x0000000086e00000, 0x0000000086f00000, 0x0000000086f00000|100%| O|  |TAMS 0x0000000086f00000, 0x0000000086f00000| Untracked 
| 111|0x0000000086f00000, 0x0000000087000000, 0x0000000087000000|100%| O|  |TAMS 0x0000000087000000, 0x0000000087000000| Untracked 
| 112|0x0000000087000000, 0x0000000087100000, 0x0000000087100000|100%| O|  |TAMS 0x0000000087100000, 0x0000000087100000| Untracked 
| 113|0x0000000087100000, 0x0000000087200000, 0x0000000087200000|100%| O|  |TAMS 0x0000000087200000, 0x0000000087200000| Untracked 
| 114|0x0000000087200000, 0x0000000087300000, 0x0000000087300000|100%| O|  |TAMS 0x0000000087300000, 0x0000000087300000| Untracked 
| 115|0x0000000087300000, 0x0000000087400000, 0x0000000087400000|100%| O|  |TAMS 0x0000000087400000, 0x0000000087400000| Untracked 
| 116|0x0000000087400000, 0x0000000087500000, 0x0000000087500000|100%| O|  |TAMS 0x0000000087500000, 0x0000000087500000| Untracked 
| 117|0x0000000087500000, 0x0000000087600000, 0x0000000087600000|100%| O|  |TAMS 0x0000000087600000, 0x0000000087600000| Untracked 
| 118|0x0000000087600000, 0x0000000087700000, 0x0000000087700000|100%| O|  |TAMS 0x0000000087700000, 0x0000000087700000| Untracked 
| 119|0x0000000087700000, 0x0000000087800000, 0x0000000087800000|100%| O|  |TAMS 0x0000000087800000, 0x0000000087800000| Untracked 
| 120|0x0000000087800000, 0x0000000087900000, 0x0000000087900000|100%| O|  |TAMS 0x0000000087900000, 0x0000000087900000| Untracked 
| 121|0x0000000087900000, 0x0000000087a00000, 0x0000000087a00000|100%| O|  |TAMS 0x0000000087a00000, 0x0000000087a00000| Untracked 
| 122|0x0000000087a00000, 0x0000000087b00000, 0x0000000087b00000|100%| O|  |TAMS 0x0000000087b00000, 0x0000000087b00000| Untracked 
| 123|0x0000000087b00000, 0x0000000087c00000, 0x0000000087c00000|100%| O|  |TAMS 0x0000000087c00000, 0x0000000087c00000| Untracked 
| 124|0x0000000087c00000, 0x0000000087d00000, 0x0000000087d00000|100%| O|  |TAMS 0x0000000087d00000, 0x0000000087d00000| Untracked 
| 125|0x0000000087d00000, 0x0000000087e00000, 0x0000000087e00000|100%| O|  |TAMS 0x0000000087e00000, 0x0000000087e00000| Untracked 
| 126|0x0000000087e00000, 0x0000000087f00000, 0x0000000087f00000|100%| O|  |TAMS 0x0000000087f00000, 0x0000000087f00000| Untracked 
| 127|0x0000000087f00000, 0x0000000088000000, 0x0000000088000000|100%| O|  |TAMS 0x0000000088000000, 0x0000000088000000| Untracked 
| 128|0x0000000088000000, 0x0000000088100000, 0x0000000088100000|100%| O|  |TAMS 0x0000000088100000, 0x0000000088100000| Untracked 
| 129|0x0000000088100000, 0x0000000088200000, 0x0000000088200000|100%| O|  |TAMS 0x0000000088200000, 0x0000000088200000| Untracked 
| 130|0x0000000088200000, 0x0000000088300000, 0x0000000088300000|100%| O|  |TAMS 0x0000000088300000, 0x0000000088300000| Untracked 
| 131|0x0000000088300000, 0x0000000088400000, 0x0000000088400000|100%| O|  |TAMS 0x0000000088400000, 0x0000000088400000| Untracked 
| 132|0x0000000088400000, 0x0000000088500000, 0x0000000088500000|100%| O|  |TAMS 0x0000000088500000, 0x0000000088500000| Untracked 
| 133|0x0000000088500000, 0x0000000088600000, 0x0000000088600000|100%| O|  |TAMS 0x0000000088600000, 0x0000000088600000| Untracked 
| 134|0x0000000088600000, 0x0000000088700000, 0x0000000088700000|100%| O|  |TAMS 0x0000000088700000, 0x0000000088700000| Untracked 
| 135|0x0000000088700000, 0x0000000088800000, 0x0000000088800000|100%| O|  |TAMS 0x0000000088800000, 0x0000000088800000| Untracked 
| 136|0x0000000088800000, 0x0000000088900000, 0x0000000088900000|100%| O|  |TAMS 0x0000000088900000, 0x0000000088900000| Untracked 
| 137|0x0000000088900000, 0x0000000088a00000, 0x0000000088a00000|100%| O|  |TAMS 0x0000000088a00000, 0x0000000088a00000| Untracked 
| 138|0x0000000088a00000, 0x0000000088b00000, 0x0000000088b00000|100%| O|  |TAMS 0x0000000088b00000, 0x0000000088b00000| Untracked 
| 139|0x0000000088b00000, 0x0000000088c00000, 0x0000000088c00000|100%| O|  |TAMS 0x0000000088c00000, 0x0000000088c00000| Untracked 
| 140|0x0000000088c00000, 0x0000000088d00000, 0x0000000088d00000|100%| O|  |TAMS 0x0000000088d00000, 0x0000000088d00000| Untracked 
| 141|0x0000000088d00000, 0x0000000088e00000, 0x0000000088e00000|100%| O|  |TAMS 0x0000000088e00000, 0x0000000088e00000| Untracked 
| 142|0x0000000088e00000, 0x0000000088f00000, 0x0000000088f00000|100%| O|  |TAMS 0x0000000088f00000, 0x0000000088f00000| Untracked 
| 143|0x0000000088f00000, 0x0000000089000000, 0x0000000089000000|100%| O|  |TAMS 0x0000000089000000, 0x0000000089000000| Untracked 
| 144|0x0000000089000000, 0x0000000089100000, 0x0000000089100000|100%| O|  |TAMS 0x0000000089100000, 0x0000000089100000| Untracked 
| 145|0x0000000089100000, 0x0000000089200000, 0x0000000089200000|100%| O|  |TAMS 0x0000000089200000, 0x0000000089200000| Untracked 
| 146|0x0000000089200000, 0x0000000089300000, 0x0000000089300000|100%| O|  |TAMS 0x0000000089300000, 0x0000000089300000| Untracked 
| 147|0x0000000089300000, 0x0000000089400000, 0x0000000089400000|100%| O|  |TAMS 0x0000000089400000, 0x0000000089400000| Untracked 
| 148|0x0000000089400000, 0x0000000089500000, 0x0000000089500000|100%| O|  |TAMS 0x0000000089500000, 0x0000000089500000| Untracked 
| 149|0x0000000089500000, 0x0000000089600000, 0x0000000089600000|100%| O|  |TAMS 0x0000000089600000, 0x0000000089600000| Untracked 
| 150|0x0000000089600000, 0x0000000089700000, 0x0000000089700000|100%| O|  |TAMS 0x0000000089700000, 0x0000000089700000| Untracked 
| 151|0x0000000089700000, 0x0000000089800000, 0x0000000089800000|100%| O|  |TAMS 0x0000000089800000, 0x0000000089800000| Untracked 
| 152|0x0000000089800000, 0x0000000089900000, 0x0000000089900000|100%| O|  |TAMS 0x0000000089900000, 0x0000000089900000| Untracked 
| 153|0x0000000089900000, 0x0000000089a00000, 0x0000000089a00000|100%| O|  |TAMS 0x0000000089a00000, 0x0000000089a00000| Untracked 
| 154|0x0000000089a00000, 0x0000000089b00000, 0x0000000089b00000|100%| O|  |TAMS 0x0000000089b00000, 0x0000000089b00000| Untracked 
| 155|0x0000000089b00000, 0x0000000089c00000, 0x0000000089c00000|100%| O|  |TAMS 0x0000000089c00000, 0x0000000089c00000| Untracked 
| 156|0x0000000089c00000, 0x0000000089d00000, 0x0000000089d00000|100%| O|  |TAMS 0x0000000089d00000, 0x0000000089d00000| Untracked 
| 157|0x0000000089d00000, 0x0000000089e00000, 0x0000000089e00000|100%| O|  |TAMS 0x0000000089e00000, 0x0000000089e00000| Untracked 
| 158|0x0000000089e00000, 0x0000000089f00000, 0x0000000089f00000|100%| O|  |TAMS 0x0000000089f00000, 0x0000000089f00000| Untracked 
| 159|0x0000000089f00000, 0x000000008a000000, 0x000000008a000000|100%| O|  |TAMS 0x000000008a000000, 0x000000008a000000| Untracked 
| 160|0x000000008a000000, 0x000000008a100000, 0x000000008a100000|100%| O|  |TAMS 0x000000008a100000, 0x000000008a100000| Untracked 
| 161|0x000000008a100000, 0x000000008a200000, 0x000000008a200000|100%| O|  |TAMS 0x000000008a200000, 0x000000008a200000| Untracked 
| 162|0x000000008a200000, 0x000000008a300000, 0x000000008a300000|100%| O|  |TAMS 0x000000008a300000, 0x000000008a300000| Untracked 
| 163|0x000000008a300000, 0x000000008a400000, 0x000000008a400000|100%| O|  |TAMS 0x000000008a400000, 0x000000008a400000| Untracked 
| 164|0x000000008a400000, 0x000000008a500000, 0x000000008a500000|100%| O|  |TAMS 0x000000008a500000, 0x000000008a500000| Untracked 
| 165|0x000000008a500000, 0x000000008a600000, 0x000000008a600000|100%| O|  |TAMS 0x000000008a600000, 0x000000008a600000| Untracked 
| 166|0x000000008a600000, 0x000000008a700000, 0x000000008a700000|100%| O|  |TAMS 0x000000008a700000, 0x000000008a700000| Untracked 
| 167|0x000000008a700000, 0x000000008a800000, 0x000000008a800000|100%| O|  |TAMS 0x000000008a800000, 0x000000008a800000| Untracked 
| 168|0x000000008a800000, 0x000000008a900000, 0x000000008a900000|100%| O|  |TAMS 0x000000008a900000, 0x000000008a900000| Untracked 
| 169|0x000000008a900000, 0x000000008a93fc00, 0x000000008aa00000| 24%| O|  |TAMS 0x000000008a93fc00, 0x000000008a93fc00| Untracked 
| 170|0x000000008aa00000, 0x000000008aa00000, 0x000000008ab00000|  0%| F|  |TAMS 0x000000008aa00000, 0x000000008aa00000| Untracked 
| 171|0x000000008ab00000, 0x000000008ab00000, 0x000000008ac00000|  0%| F|  |TAMS 0x000000008ab00000, 0x000000008ab00000| Untracked 
| 172|0x000000008ac00000, 0x000000008ac00000, 0x000000008ad00000|  0%| F|  |TAMS 0x000000008ac00000, 0x000000008ac00000| Untracked 
| 173|0x000000008ad00000, 0x000000008ad00000, 0x000000008ae00000|  0%| F|  |TAMS 0x000000008ad00000, 0x000000008ad00000| Untracked 
| 174|0x000000008ae00000, 0x000000008ae00000, 0x000000008af00000|  0%| F|  |TAMS 0x000000008ae00000, 0x000000008ae00000| Untracked 
| 175|0x000000008af00000, 0x000000008af00000, 0x000000008b000000|  0%| F|  |TAMS 0x000000008af00000, 0x000000008af00000| Untracked 
| 176|0x000000008b000000, 0x000000008b000000, 0x000000008b100000|  0%| F|  |TAMS 0x000000008b000000, 0x000000008b000000| Untracked 
| 177|0x000000008b100000, 0x000000008b100000, 0x000000008b200000|  0%| F|  |TAMS 0x000000008b100000, 0x000000008b100000| Untracked 
| 178|0x000000008b200000, 0x000000008b200000, 0x000000008b300000|  0%| F|  |TAMS 0x000000008b200000, 0x000000008b200000| Untracked 
| 179|0x000000008b300000, 0x000000008b300000, 0x000000008b400000|  0%| F|  |TAMS 0x000000008b300000, 0x000000008b300000| Untracked 
| 180|0x000000008b400000, 0x000000008b400000, 0x000000008b500000|  0%| F|  |TAMS 0x000000008b400000, 0x000000008b400000| Untracked 
| 181|0x000000008b500000, 0x000000008b500000, 0x000000008b600000|  0%| F|  |TAMS 0x000000008b500000, 0x000000008b500000| Untracked 
| 182|0x000000008b600000, 0x000000008b600000, 0x000000008b700000|  0%| F|  |TAMS 0x000000008b600000, 0x000000008b600000| Untracked 
| 183|0x000000008b700000, 0x000000008b700000, 0x000000008b800000|  0%| F|  |TAMS 0x000000008b700000, 0x000000008b700000| Untracked 
| 184|0x000000008b800000, 0x000000008b800000, 0x000000008b900000|  0%| F|  |TAMS 0x000000008b800000, 0x000000008b800000| Untracked 
| 185|0x000000008b900000, 0x000000008b900000, 0x000000008ba00000|  0%| F|  |TAMS 0x000000008b900000, 0x000000008b900000| Untracked 
| 186|0x000000008ba00000, 0x000000008ba00000, 0x000000008bb00000|  0%| F|  |TAMS 0x000000008ba00000, 0x000000008ba00000| Untracked 
| 187|0x000000008bb00000, 0x000000008bb00000, 0x000000008bc00000|  0%| F|  |TAMS 0x000000008bb00000, 0x000000008bb00000| Untracked 
| 188|0x000000008bc00000, 0x000000008bc00000, 0x000000008bd00000|  0%| F|  |TAMS 0x000000008bc00000, 0x000000008bc00000| Untracked 
| 189|0x000000008bd00000, 0x000000008bd00000, 0x000000008be00000|  0%| F|  |TAMS 0x000000008bd00000, 0x000000008bd00000| Untracked 
| 190|0x000000008be00000, 0x000000008be00000, 0x000000008bf00000|  0%| F|  |TAMS 0x000000008be00000, 0x000000008be00000| Untracked 
| 191|0x000000008bf00000, 0x000000008bf00000, 0x000000008c000000|  0%| F|  |TAMS 0x000000008bf00000, 0x000000008bf00000| Untracked 
| 192|0x000000008c000000, 0x000000008c000000, 0x000000008c100000|  0%| F|  |TAMS 0x000000008c000000, 0x000000008c000000| Untracked 
| 193|0x000000008c100000, 0x000000008c100000, 0x000000008c200000|  0%| F|  |TAMS 0x000000008c100000, 0x000000008c100000| Untracked 
| 194|0x000000008c200000, 0x000000008c200000, 0x000000008c300000|  0%| F|  |TAMS 0x000000008c200000, 0x000000008c200000| Untracked 
| 195|0x000000008c300000, 0x000000008c300000, 0x000000008c400000|  0%| F|  |TAMS 0x000000008c300000, 0x000000008c300000| Untracked 
| 196|0x000000008c400000, 0x000000008c400000, 0x000000008c500000|  0%| F|  |TAMS 0x000000008c400000, 0x000000008c400000| Untracked 
| 197|0x000000008c500000, 0x000000008c500000, 0x000000008c600000|  0%| F|  |TAMS 0x000000008c500000, 0x000000008c500000| Untracked 
| 198|0x000000008c600000, 0x000000008c600000, 0x000000008c700000|  0%| F|  |TAMS 0x000000008c600000, 0x000000008c600000| Untracked 
| 199|0x000000008c700000, 0x000000008c700000, 0x000000008c800000|  0%| F|  |TAMS 0x000000008c700000, 0x000000008c700000| Untracked 
| 200|0x000000008c800000, 0x000000008c800000, 0x000000008c900000|  0%| F|  |TAMS 0x000000008c800000, 0x000000008c800000| Untracked 
| 201|0x000000008c900000, 0x000000008c900000, 0x000000008ca00000|  0%| F|  |TAMS 0x000000008c900000, 0x000000008c900000| Untracked 
| 202|0x000000008ca00000, 0x000000008ca00000, 0x000000008cb00000|  0%| F|  |TAMS 0x000000008ca00000, 0x000000008ca00000| Untracked 
| 203|0x000000008cb00000, 0x000000008cb00000, 0x000000008cc00000|  0%| F|  |TAMS 0x000000008cb00000, 0x000000008cb00000| Untracked 
| 204|0x000000008cc00000, 0x000000008cc00000, 0x000000008cd00000|  0%| F|  |TAMS 0x000000008cc00000, 0x000000008cc00000| Untracked 
| 205|0x000000008cd00000, 0x000000008cd00000, 0x000000008ce00000|  0%| F|  |TAMS 0x000000008cd00000, 0x000000008cd00000| Untracked 
| 206|0x000000008ce00000, 0x000000008ce00000, 0x000000008cf00000|  0%| F|  |TAMS 0x000000008ce00000, 0x000000008ce00000| Untracked 
| 207|0x000000008cf00000, 0x000000008cf00000, 0x000000008d000000|  0%| F|  |TAMS 0x000000008cf00000, 0x000000008cf00000| Untracked 
| 208|0x000000008d000000, 0x000000008d000000, 0x000000008d100000|  0%| F|  |TAMS 0x000000008d000000, 0x000000008d000000| Untracked 
| 209|0x000000008d100000, 0x000000008d100000, 0x000000008d200000|  0%| F|  |TAMS 0x000000008d100000, 0x000000008d100000| Untracked 
| 210|0x000000008d200000, 0x000000008d200000, 0x000000008d300000|  0%| F|  |TAMS 0x000000008d200000, 0x000000008d200000| Untracked 
| 211|0x000000008d300000, 0x000000008d300000, 0x000000008d400000|  0%| F|  |TAMS 0x000000008d300000, 0x000000008d300000| Untracked 
| 212|0x000000008d400000, 0x000000008d400000, 0x000000008d500000|  0%| F|  |TAMS 0x000000008d400000, 0x000000008d400000| Untracked 
| 213|0x000000008d500000, 0x000000008d500000, 0x000000008d600000|  0%| F|  |TAMS 0x000000008d500000, 0x000000008d500000| Untracked 
| 214|0x000000008d600000, 0x000000008d600000, 0x000000008d700000|  0%| F|  |TAMS 0x000000008d600000, 0x000000008d600000| Untracked 
| 215|0x000000008d700000, 0x000000008d700000, 0x000000008d800000|  0%| F|  |TAMS 0x000000008d700000, 0x000000008d700000| Untracked 
| 216|0x000000008d800000, 0x000000008d800000, 0x000000008d900000|  0%| F|  |TAMS 0x000000008d800000, 0x000000008d800000| Untracked 
| 217|0x000000008d900000, 0x000000008d900000, 0x000000008da00000|  0%| F|  |TAMS 0x000000008d900000, 0x000000008d900000| Untracked 
| 218|0x000000008da00000, 0x000000008da00000, 0x000000008db00000|  0%| F|  |TAMS 0x000000008da00000, 0x000000008da00000| Untracked 
| 219|0x000000008db00000, 0x000000008db00000, 0x000000008dc00000|  0%| F|  |TAMS 0x000000008db00000, 0x000000008db00000| Untracked 
| 220|0x000000008dc00000, 0x000000008dc00000, 0x000000008dd00000|  0%| F|  |TAMS 0x000000008dc00000, 0x000000008dc00000| Untracked 
| 221|0x000000008dd00000, 0x000000008dd00000, 0x000000008de00000|  0%| F|  |TAMS 0x000000008dd00000, 0x000000008dd00000| Untracked 
| 222|0x000000008de00000, 0x000000008de00000, 0x000000008df00000|  0%| F|  |TAMS 0x000000008de00000, 0x000000008de00000| Untracked 
| 223|0x000000008df00000, 0x000000008df00000, 0x000000008e000000|  0%| F|  |TAMS 0x000000008df00000, 0x000000008df00000| Untracked 
| 224|0x000000008e000000, 0x000000008e000000, 0x000000008e100000|  0%| F|  |TAMS 0x000000008e000000, 0x000000008e000000| Untracked 
| 225|0x000000008e100000, 0x000000008e100000, 0x000000008e200000|  0%| F|  |TAMS 0x000000008e100000, 0x000000008e100000| Untracked 
| 226|0x000000008e200000, 0x000000008e200000, 0x000000008e300000|  0%| F|  |TAMS 0x000000008e200000, 0x000000008e200000| Untracked 
| 227|0x000000008e300000, 0x000000008e300000, 0x000000008e400000|  0%| F|  |TAMS 0x000000008e300000, 0x000000008e300000| Untracked 
| 228|0x000000008e400000, 0x000000008e400000, 0x000000008e500000|  0%| F|  |TAMS 0x000000008e400000, 0x000000008e400000| Untracked 
| 229|0x000000008e500000, 0x000000008e500000, 0x000000008e600000|  0%| F|  |TAMS 0x000000008e500000, 0x000000008e500000| Untracked 
| 230|0x000000008e600000, 0x000000008e600000, 0x000000008e700000|  0%| F|  |TAMS 0x000000008e600000, 0x000000008e600000| Untracked 
| 231|0x000000008e700000, 0x000000008e700000, 0x000000008e800000|  0%| F|  |TAMS 0x000000008e700000, 0x000000008e700000| Untracked 
| 232|0x000000008e800000, 0x000000008e800000, 0x000000008e900000|  0%| F|  |TAMS 0x000000008e800000, 0x000000008e800000| Untracked 
| 233|0x000000008e900000, 0x000000008e900000, 0x000000008ea00000|  0%| F|  |TAMS 0x000000008e900000, 0x000000008e900000| Untracked 
| 234|0x000000008ea00000, 0x000000008ea00000, 0x000000008eb00000|  0%| F|  |TAMS 0x000000008ea00000, 0x000000008ea00000| Untracked 
| 235|0x000000008eb00000, 0x000000008eb00000, 0x000000008ec00000|  0%| F|  |TAMS 0x000000008eb00000, 0x000000008eb00000| Untracked 
| 236|0x000000008ec00000, 0x000000008ec5fa00, 0x000000008ed00000| 37%| S|CS|TAMS 0x000000008ec00000, 0x000000008ec00000| Complete 
| 237|0x000000008ed00000, 0x000000008ee00000, 0x000000008ee00000|100%| S|CS|TAMS 0x000000008ed00000, 0x000000008ed00000| Complete 
| 238|0x000000008ee00000, 0x000000008ef00000, 0x000000008ef00000|100%| S|CS|TAMS 0x000000008ee00000, 0x000000008ee00000| Complete 
| 239|0x000000008ef00000, 0x000000008f000000, 0x000000008f000000|100%| S|CS|TAMS 0x000000008ef00000, 0x000000008ef00000| Complete 
| 240|0x000000008f000000, 0x000000008f100000, 0x000000008f100000|100%| S|CS|TAMS 0x000000008f000000, 0x000000008f000000| Complete 
| 241|0x000000008f100000, 0x000000008f200000, 0x000000008f200000|100%| S|CS|TAMS 0x000000008f100000, 0x000000008f100000| Complete 
| 242|0x000000008f200000, 0x000000008f300000, 0x000000008f300000|100%| S|CS|TAMS 0x000000008f200000, 0x000000008f200000| Complete 
| 243|0x000000008f300000, 0x000000008f400000, 0x000000008f400000|100%| S|CS|TAMS 0x000000008f300000, 0x000000008f300000| Complete 
| 244|0x000000008f400000, 0x000000008f400000, 0x000000008f500000|  0%| F|  |TAMS 0x000000008f400000, 0x000000008f400000| Untracked 
| 245|0x000000008f500000, 0x000000008f500000, 0x000000008f600000|  0%| F|  |TAMS 0x000000008f500000, 0x000000008f500000| Untracked 
| 246|0x000000008f600000, 0x000000008f600000, 0x000000008f700000|  0%| F|  |TAMS 0x000000008f600000, 0x000000008f600000| Untracked 
| 247|0x000000008f700000, 0x000000008f700000, 0x000000008f800000|  0%| F|  |TAMS 0x000000008f700000, 0x000000008f700000| Untracked 
| 248|0x000000008f800000, 0x000000008f800000, 0x000000008f900000|  0%| F|  |TAMS 0x000000008f800000, 0x000000008f800000| Untracked 
| 249|0x000000008f900000, 0x000000008f900000, 0x000000008fa00000|  0%| F|  |TAMS 0x000000008f900000, 0x000000008f900000| Untracked 
| 250|0x000000008fa00000, 0x000000008fa00000, 0x000000008fb00000|  0%| F|  |TAMS 0x000000008fa00000, 0x000000008fa00000| Untracked 
| 251|0x000000008fb00000, 0x000000008fb00000, 0x000000008fc00000|  0%| F|  |TAMS 0x000000008fb00000, 0x000000008fb00000| Untracked 
| 252|0x000000008fc00000, 0x000000008fc00000, 0x000000008fd00000|  0%| F|  |TAMS 0x000000008fc00000, 0x000000008fc00000| Untracked 
| 253|0x000000008fd00000, 0x000000008fd00000, 0x000000008fe00000|  0%| F|  |TAMS 0x000000008fd00000, 0x000000008fd00000| Untracked 
| 254|0x000000008fe00000, 0x000000008fe00000, 0x000000008ff00000|  0%| F|  |TAMS 0x000000008fe00000, 0x000000008fe00000| Untracked 
| 255|0x000000008ff00000, 0x000000008ff00000, 0x0000000090000000|  0%| F|  |TAMS 0x000000008ff00000, 0x000000008ff00000| Untracked 
| 256|0x0000000090000000, 0x0000000090000000, 0x0000000090100000|  0%| F|  |TAMS 0x0000000090000000, 0x0000000090000000| Untracked 
| 257|0x0000000090100000, 0x0000000090100000, 0x0000000090200000|  0%| F|  |TAMS 0x0000000090100000, 0x0000000090100000| Untracked 
| 258|0x0000000090200000, 0x0000000090200000, 0x0000000090300000|  0%| F|  |TAMS 0x0000000090200000, 0x0000000090200000| Untracked 
| 259|0x0000000090300000, 0x0000000090300000, 0x0000000090400000|  0%| F|  |TAMS 0x0000000090300000, 0x0000000090300000| Untracked 
| 260|0x0000000090400000, 0x0000000090400000, 0x0000000090500000|  0%| F|  |TAMS 0x0000000090400000, 0x0000000090400000| Untracked 
| 261|0x0000000090500000, 0x0000000090500000, 0x0000000090600000|  0%| F|  |TAMS 0x0000000090500000, 0x0000000090500000| Untracked 
| 262|0x0000000090600000, 0x0000000090600000, 0x0000000090700000|  0%| F|  |TAMS 0x0000000090600000, 0x0000000090600000| Untracked 
| 263|0x0000000090700000, 0x0000000090700000, 0x0000000090800000|  0%| F|  |TAMS 0x0000000090700000, 0x0000000090700000| Untracked 
| 264|0x0000000090800000, 0x0000000090800000, 0x0000000090900000|  0%| F|  |TAMS 0x0000000090800000, 0x0000000090800000| Untracked 
| 265|0x0000000090900000, 0x0000000090900000, 0x0000000090a00000|  0%| F|  |TAMS 0x0000000090900000, 0x0000000090900000| Untracked 
| 266|0x0000000090a00000, 0x0000000090a00000, 0x0000000090b00000|  0%| F|  |TAMS 0x0000000090a00000, 0x0000000090a00000| Untracked 
| 267|0x0000000090b00000, 0x0000000090b00000, 0x0000000090c00000|  0%| F|  |TAMS 0x0000000090b00000, 0x0000000090b00000| Untracked 
| 268|0x0000000090c00000, 0x0000000090c00000, 0x0000000090d00000|  0%| F|  |TAMS 0x0000000090c00000, 0x0000000090c00000| Untracked 
| 269|0x0000000090d00000, 0x0000000090d00000, 0x0000000090e00000|  0%| F|  |TAMS 0x0000000090d00000, 0x0000000090d00000| Untracked 
| 270|0x0000000090e00000, 0x0000000090e00000, 0x0000000090f00000|  0%| F|  |TAMS 0x0000000090e00000, 0x0000000090e00000| Untracked 
| 271|0x0000000090f00000, 0x0000000090f00000, 0x0000000091000000|  0%| F|  |TAMS 0x0000000090f00000, 0x0000000090f00000| Untracked 
| 272|0x0000000091000000, 0x0000000091000000, 0x0000000091100000|  0%| F|  |TAMS 0x0000000091000000, 0x0000000091000000| Untracked 
| 273|0x0000000091100000, 0x0000000091100000, 0x0000000091200000|  0%| F|  |TAMS 0x0000000091100000, 0x0000000091100000| Untracked 
| 274|0x0000000091200000, 0x0000000091200000, 0x0000000091300000|  0%| F|  |TAMS 0x0000000091200000, 0x0000000091200000| Untracked 
| 275|0x0000000091300000, 0x0000000091300000, 0x0000000091400000|  0%| F|  |TAMS 0x0000000091300000, 0x0000000091300000| Untracked 
| 276|0x0000000091400000, 0x0000000091400000, 0x0000000091500000|  0%| F|  |TAMS 0x0000000091400000, 0x0000000091400000| Untracked 
| 277|0x0000000091500000, 0x0000000091500000, 0x0000000091600000|  0%| F|  |TAMS 0x0000000091500000, 0x0000000091500000| Untracked 
| 278|0x0000000091600000, 0x0000000091600000, 0x0000000091700000|  0%| F|  |TAMS 0x0000000091600000, 0x0000000091600000| Untracked 
| 279|0x0000000091700000, 0x0000000091700000, 0x0000000091800000|  0%| F|  |TAMS 0x0000000091700000, 0x0000000091700000| Untracked 
| 280|0x0000000091800000, 0x0000000091800000, 0x0000000091900000|  0%| F|  |TAMS 0x0000000091800000, 0x0000000091800000| Untracked 
| 281|0x0000000091900000, 0x0000000091900000, 0x0000000091a00000|  0%| F|  |TAMS 0x0000000091900000, 0x0000000091900000| Untracked 
| 282|0x0000000091a00000, 0x0000000091a00000, 0x0000000091b00000|  0%| F|  |TAMS 0x0000000091a00000, 0x0000000091a00000| Untracked 
| 283|0x0000000091b00000, 0x0000000091b00000, 0x0000000091c00000|  0%| F|  |TAMS 0x0000000091b00000, 0x0000000091b00000| Untracked 
| 284|0x0000000091c00000, 0x0000000091c00000, 0x0000000091d00000|  0%| F|  |TAMS 0x0000000091c00000, 0x0000000091c00000| Untracked 
| 285|0x0000000091d00000, 0x0000000091d00000, 0x0000000091e00000|  0%| F|  |TAMS 0x0000000091d00000, 0x0000000091d00000| Untracked 
| 286|0x0000000091e00000, 0x0000000091e00000, 0x0000000091f00000|  0%| F|  |TAMS 0x0000000091e00000, 0x0000000091e00000| Untracked 
| 287|0x0000000091f00000, 0x0000000091f00000, 0x0000000092000000|  0%| F|  |TAMS 0x0000000091f00000, 0x0000000091f00000| Untracked 
| 288|0x0000000092000000, 0x0000000092000000, 0x0000000092100000|  0%| F|  |TAMS 0x0000000092000000, 0x0000000092000000| Untracked 
| 289|0x0000000092100000, 0x0000000092100000, 0x0000000092200000|  0%| F|  |TAMS 0x0000000092100000, 0x0000000092100000| Untracked 
| 290|0x0000000092200000, 0x0000000092200000, 0x0000000092300000|  0%| F|  |TAMS 0x0000000092200000, 0x0000000092200000| Untracked 
| 291|0x0000000092300000, 0x0000000092300000, 0x0000000092400000|  0%| F|  |TAMS 0x0000000092300000, 0x0000000092300000| Untracked 
| 292|0x0000000092400000, 0x0000000092400000, 0x0000000092500000|  0%| F|  |TAMS 0x0000000092400000, 0x0000000092400000| Untracked 
| 293|0x0000000092500000, 0x0000000092500000, 0x0000000092600000|  0%| F|  |TAMS 0x0000000092500000, 0x0000000092500000| Untracked 
| 294|0x0000000092600000, 0x0000000092600000, 0x0000000092700000|  0%| F|  |TAMS 0x0000000092600000, 0x0000000092600000| Untracked 
| 295|0x0000000092700000, 0x0000000092700000, 0x0000000092800000|  0%| F|  |TAMS 0x0000000092700000, 0x0000000092700000| Untracked 
| 296|0x0000000092800000, 0x0000000092800000, 0x0000000092900000|  0%| F|  |TAMS 0x0000000092800000, 0x0000000092800000| Untracked 
| 297|0x0000000092900000, 0x0000000092900000, 0x0000000092a00000|  0%| F|  |TAMS 0x0000000092900000, 0x0000000092900000| Untracked 
| 298|0x0000000092a00000, 0x0000000092a00000, 0x0000000092b00000|  0%| F|  |TAMS 0x0000000092a00000, 0x0000000092a00000| Untracked 
| 299|0x0000000092b00000, 0x0000000092b00000, 0x0000000092c00000|  0%| F|  |TAMS 0x0000000092b00000, 0x0000000092b00000| Untracked 
| 300|0x0000000092c00000, 0x0000000092c00000, 0x0000000092d00000|  0%| F|  |TAMS 0x0000000092c00000, 0x0000000092c00000| Untracked 
| 301|0x0000000092d00000, 0x0000000092d00000, 0x0000000092e00000|  0%| F|  |TAMS 0x0000000092d00000, 0x0000000092d00000| Untracked 
| 302|0x0000000092e00000, 0x0000000092e00000, 0x0000000092f00000|  0%| F|  |TAMS 0x0000000092e00000, 0x0000000092e00000| Untracked 
| 303|0x0000000092f00000, 0x0000000092f00000, 0x0000000093000000|  0%| F|  |TAMS 0x0000000092f00000, 0x0000000092f00000| Untracked 
| 304|0x0000000093000000, 0x0000000093000000, 0x0000000093100000|  0%| F|  |TAMS 0x0000000093000000, 0x0000000093000000| Untracked 
| 305|0x0000000093100000, 0x0000000093100000, 0x0000000093200000|  0%| F|  |TAMS 0x0000000093100000, 0x0000000093100000| Untracked 
| 306|0x0000000093200000, 0x0000000093200000, 0x0000000093300000|  0%| F|  |TAMS 0x0000000093200000, 0x0000000093200000| Untracked 
| 307|0x0000000093300000, 0x0000000093300000, 0x0000000093400000|  0%| F|  |TAMS 0x0000000093300000, 0x0000000093300000| Untracked 
| 308|0x0000000093400000, 0x0000000093400000, 0x0000000093500000|  0%| F|  |TAMS 0x0000000093400000, 0x0000000093400000| Untracked 
| 309|0x0000000093500000, 0x0000000093500000, 0x0000000093600000|  0%| F|  |TAMS 0x0000000093500000, 0x0000000093500000| Untracked 
| 310|0x0000000093600000, 0x0000000093600000, 0x0000000093700000|  0%| F|  |TAMS 0x0000000093600000, 0x0000000093600000| Untracked 
| 311|0x0000000093700000, 0x0000000093700000, 0x0000000093800000|  0%| F|  |TAMS 0x0000000093700000, 0x0000000093700000| Untracked 
| 312|0x0000000093800000, 0x0000000093800000, 0x0000000093900000|  0%| F|  |TAMS 0x0000000093800000, 0x0000000093800000| Untracked 
| 313|0x0000000093900000, 0x0000000093900000, 0x0000000093a00000|  0%| F|  |TAMS 0x0000000093900000, 0x0000000093900000| Untracked 
| 314|0x0000000093a00000, 0x0000000093a00000, 0x0000000093b00000|  0%| F|  |TAMS 0x0000000093a00000, 0x0000000093a00000| Untracked 
| 315|0x0000000093b00000, 0x0000000093b00000, 0x0000000093c00000|  0%| F|  |TAMS 0x0000000093b00000, 0x0000000093b00000| Untracked 
| 316|0x0000000093c00000, 0x0000000093c00000, 0x0000000093d00000|  0%| F|  |TAMS 0x0000000093c00000, 0x0000000093c00000| Untracked 
| 317|0x0000000093d00000, 0x0000000093d00000, 0x0000000093e00000|  0%| F|  |TAMS 0x0000000093d00000, 0x0000000093d00000| Untracked 
| 318|0x0000000093e00000, 0x0000000093e80800, 0x0000000093f00000| 50%| E|  |TAMS 0x0000000093e00000, 0x0000000093e00000| Complete 
| 319|0x0000000093f00000, 0x0000000094000000, 0x0000000094000000|100%| E|CS|TAMS 0x0000000093f00000, 0x0000000093f00000| Complete 
| 320|0x0000000094000000, 0x0000000094100000, 0x0000000094100000|100%| E|CS|TAMS 0x0000000094000000, 0x0000000094000000| Complete 
| 321|0x0000000094100000, 0x0000000094200000, 0x0000000094200000|100%| E|CS|TAMS 0x0000000094100000, 0x0000000094100000| Complete 
| 322|0x0000000094200000, 0x0000000094300000, 0x0000000094300000|100%| E|CS|TAMS 0x0000000094200000, 0x0000000094200000| Complete 
| 323|0x0000000094300000, 0x0000000094400000, 0x0000000094400000|100%| E|CS|TAMS 0x0000000094300000, 0x0000000094300000| Complete 
| 324|0x0000000094400000, 0x0000000094500000, 0x0000000094500000|100%| E|CS|TAMS 0x0000000094400000, 0x0000000094400000| Complete 
| 325|0x0000000094500000, 0x0000000094600000, 0x0000000094600000|100%| E|CS|TAMS 0x0000000094500000, 0x0000000094500000| Complete 
| 326|0x0000000094600000, 0x0000000094700000, 0x0000000094700000|100%| E|CS|TAMS 0x0000000094600000, 0x0000000094600000| Complete 
| 327|0x0000000094700000, 0x0000000094800000, 0x0000000094800000|100%| E|CS|TAMS 0x0000000094700000, 0x0000000094700000| Complete 
| 328|0x0000000094800000, 0x0000000094900000, 0x0000000094900000|100%| E|CS|TAMS 0x0000000094800000, 0x0000000094800000| Complete 
| 329|0x0000000094900000, 0x0000000094a00000, 0x0000000094a00000|100%| E|CS|TAMS 0x0000000094900000, 0x0000000094900000| Complete 
| 330|0x0000000094a00000, 0x0000000094b00000, 0x0000000094b00000|100%| E|CS|TAMS 0x0000000094a00000, 0x0000000094a00000| Complete 
| 331|0x0000000094b00000, 0x0000000094c00000, 0x0000000094c00000|100%| E|CS|TAMS 0x0000000094b00000, 0x0000000094b00000| Complete 
| 332|0x0000000094c00000, 0x0000000094d00000, 0x0000000094d00000|100%| E|CS|TAMS 0x0000000094c00000, 0x0000000094c00000| Complete 
| 333|0x0000000094d00000, 0x0000000094e00000, 0x0000000094e00000|100%| E|CS|TAMS 0x0000000094d00000, 0x0000000094d00000| Complete 
| 334|0x0000000094e00000, 0x0000000094f00000, 0x0000000094f00000|100%| E|CS|TAMS 0x0000000094e00000, 0x0000000094e00000| Complete 

Card table byte_map: [0x0000023f7e8b0000,0x0000023f7ecb0000] _byte_map_base: 0x0000023f7e4b0000

Marking Bits (Prev, Next): (CMBitMap*) 0x0000023f69bd12f8, (CMBitMap*) 0x0000023f69bd1330
 Prev Bits: [0x0000023f00000000, 0x0000023f02000000)
 Next Bits: [0x0000023f02000000, 0x0000023f04000000)

Polling page: 0x0000023f69c70000

Metaspace:

Usage:
  Non-class:    103.15 MB capacity,   101.53 MB ( 98%) used,     1.26 MB (  1%) free+waste,   359.19 KB ( <1%) overhead. 
      Class:     15.48 MB capacity,    14.41 MB ( 93%) used,   941.91 KB (  6%) free+waste,   157.63 KB ( <1%) overhead. 
       Both:    118.63 MB capacity,   115.94 MB ( 98%) used,     2.18 MB (  2%) free+waste,   516.81 KB ( <1%) overhead. 

Virtual space:
  Non-class space:      104.00 MB reserved,     103.25 MB (>99%) committed 
      Class space:        1.00 GB reserved,      15.50 MB (  2%) committed 
             Both:        1.10 GB reserved,     118.75 MB ( 11%) committed 

Chunk freelists:
   Non-Class:  39.00 KB
       Class:  0 bytes
        Both:  39.00 KB

MaxMetaspaceSize: 17179869184.00 GB
CompressedClassSpaceSize: 1.00 GB
Initial GC threshold: 20.80 MB
Current GC threshold: 195.63 MB
CDS: off

CodeHeap 'non-profiled nmethods': size=120064Kb used=11244Kb max_used=11334Kb free=108819Kb
 bounds [0x0000023f76950000, 0x0000023f774b0000, 0x0000023f7de90000]
CodeHeap 'profiled nmethods': size=120000Kb used=42096Kb max_used=42526Kb free=77903Kb
 bounds [0x0000023f6f420000, 0x0000023f71e70000, 0x0000023f76950000]
CodeHeap 'non-nmethods': size=5696Kb used=2428Kb max_used=2520Kb free=3267Kb
 bounds [0x0000023f6ee90000, 0x0000023f6f120000, 0x0000023f6f420000]
 total_blobs=18310 nmethods=17359 adapters=861
 compilation: enabled
              stopped_count=0, restarted_count=0
 full_count=0

Compilation events (20 events):
Event: 74.042 Thread 0x0000023f7f71a800 19197       2       com.android.tools.r8.ir.regalloc.c::compareTo (134 bytes)
Event: 74.042 Thread 0x0000023f7f71a800 nmethod 19197 0x0000023f6ff0b310 code [0x0000023f6ff0b4e0, 0x0000023f6ff0b758]
Event: 74.042 Thread 0x0000023f7f71a800 19198       2       java.util.TreeSet::comparator (10 bytes)
Event: 74.042 Thread 0x0000023f7f71a800 nmethod 19198 0x0000023f6fd6f310 code [0x0000023f6fd6f4c0, 0x0000023f6fd6f5e8]
Event: 74.043 Thread 0x0000023f7f71a800 19199       2       com.android.tools.r8.ir.regalloc.b$$Lambda$1540/0x0000000100e7d040::compare (16 bytes)
Event: 74.043 Thread 0x0000023f7f71a800 nmethod 19199 0x0000023f70004a10 code [0x0000023f70004bc0, 0x0000023f70004d48]
Event: 74.046 Thread 0x0000023f7f71a800 19200       2       com.android.tools.r8.ir.regalloc.i::b (36 bytes)
Event: 74.046 Thread 0x0000023f7f71a800 nmethod 19200 0x0000023f6ff0af10 code [0x0000023f6ff0b0c0, 0x0000023f6ff0b1c8]
Event: 74.204 Thread 0x0000023f7f71a800 19201       2       com.android.tools.r8.internal.Zc::<init> (11 bytes)
Event: 74.204 Thread 0x0000023f7f71a800 nmethod 19201 0x0000023f70004490 code [0x0000023f70004640, 0x0000023f700047a8]
Event: 74.208 Thread 0x0000023f7f71a800 19202       2       com.android.tools.r8.internal.qb$$Lambda$1524/0x0000000100f20c40::test (12 bytes)
Event: 74.208 Thread 0x0000023f7f71a800 nmethod 19202 0x0000023f700d6d10 code [0x0000023f700d6ec0, 0x0000023f700d7018]
Event: 74.227 Thread 0x0000023f7f716000 nmethod 19106 0x0000023f77498f10 code [0x0000023f77499660, 0x0000023f774a10d0]
Event: 74.227 Thread 0x0000023f7f716000 19152       4       com.android.tools.r8.internal.uJ::a (447 bytes)
Event: 74.256 Thread 0x0000023f7f71a800 19203       2       com.android.tools.r8.internal.l4::a (64 bytes)
Event: 74.257 Thread 0x0000023f7f71a800 nmethod 19203 0x0000023f700d6710 code [0x0000023f700d68e0, 0x0000023f700d6ac8]
Event: 74.268 Thread 0x0000023f7f71a800 19206 %     3       com.android.tools.r8.internal.Hd::c @ 20 (81 bytes)
Event: 74.269 Thread 0x0000023f7f71a800 nmethod 19206% 0x0000023f6fbdbe90 code [0x0000023f6fbdc120, 0x0000023f6fbdcf78]
Event: 74.270 Thread 0x0000023f7f71a800 19207 %     3       com.android.tools.r8.internal.Hd::a @ 20 (81 bytes)
Event: 74.271 Thread 0x0000023f7f71a800 nmethod 19207% 0x0000023f6fc68290 code [0x0000023f6fc68520, 0x0000023f6fc69378]

GC Heap History (20 events):
Event: 64.945 GC heap before
{Heap before GC invocations=46 (full 0):
 garbage-first heap   total 227328K, used 187055K [0x0000000080000000, 0x0000000100000000)
  region size 1024K, 43 young (44032K), 6 survivors (6144K)
 Metaspace       used 113001K, capacity 115561K, committed 115840K, reserved 1150976K
  class space    used 14141K, capacity 15146K, committed 15232K, reserved 1048576K
}
Event: 64.986 GC heap after
{Heap after GC invocations=47 (full 0):
 garbage-first heap   total 227328K, used 155786K [0x0000000080000000, 0x0000000100000000)
  region size 1024K, 6 young (6144K), 6 survivors (6144K)
 Metaspace       used 113001K, capacity 115561K, committed 115840K, reserved 1150976K
  class space    used 14141K, capacity 15146K, committed 15232K, reserved 1048576K
}
Event: 65.037 GC heap before
{Heap before GC invocations=47 (full 0):
 garbage-first heap   total 227328K, used 159882K [0x0000000080000000, 0x0000000100000000)
  region size 1024K, 11 young (11264K), 6 survivors (6144K)
 Metaspace       used 113255K, capacity 115803K, committed 116096K, reserved 1150976K
  class space    used 14181K, capacity 15184K, committed 15232K, reserved 1048576K
}
Event: 65.065 GC heap after
{Heap after GC invocations=48 (full 0):
 garbage-first heap   total 273408K, used 151637K [0x0000000080000000, 0x0000000100000000)
  region size 1024K, 2 young (2048K), 2 survivors (2048K)
 Metaspace       used 113255K, capacity 115803K, committed 116096K, reserved 1150976K
  class space    used 14181K, capacity 15184K, committed 15232K, reserved 1048576K
}
Event: 65.857 GC heap before
{Heap before GC invocations=48 (full 0):
 garbage-first heap   total 273408K, used 204885K [0x0000000080000000, 0x0000000100000000)
  region size 1024K, 55 young (56320K), 2 survivors (2048K)
 Metaspace       used 115206K, capacity 117871K, committed 118016K, reserved 1150976K
  class space    used 14469K, capacity 15526K, committed 15616K, reserved 1048576K
}
Event: 65.910 GC heap after
{Heap after GC invocations=49 (full 0):
 garbage-first heap   total 273408K, used 161118K [0x0000000080000000, 0x0000000100000000)
  region size 1024K, 7 young (7168K), 7 survivors (7168K)
 Metaspace       used 115206K, capacity 117871K, committed 118016K, reserved 1150976K
  class space    used 14469K, capacity 15526K, committed 15616K, reserved 1048576K
}
Event: 67.122 GC heap before
{Heap before GC invocations=50 (full 0):
 garbage-first heap   total 273408K, used 212318K [0x0000000080000000, 0x0000000100000000)
  region size 1024K, 57 young (58368K), 7 survivors (7168K)
 Metaspace       used 115723K, capacity 118330K, committed 118528K, reserved 1153024K
  class space    used 14486K, capacity 15548K, committed 15616K, reserved 1048576K
}
Event: 67.151 GC heap after
{Heap after GC invocations=51 (full 0):
 garbage-first heap   total 273408K, used 167785K [0x0000000080000000, 0x0000000100000000)
  region size 1024K, 7 young (7168K), 7 survivors (7168K)
 Metaspace       used 115723K, capacity 118330K, committed 118528K, reserved 1153024K
  class space    used 14486K, capacity 15548K, committed 15616K, reserved 1048576K
}
Event: 68.240 GC heap before
{Heap before GC invocations=51 (full 0):
 garbage-first heap   total 273408K, used 217961K [0x0000000080000000, 0x0000000100000000)
  region size 1024K, 56 young (57344K), 7 survivors (7168K)
 Metaspace       used 116749K, capacity 119383K, committed 119680K, reserved 1153024K
  class space    used 14556K, capacity 15617K, committed 15744K, reserved 1048576K
}
Event: 68.264 GC heap after
{Heap after GC invocations=52 (full 0):
 garbage-first heap   total 273408K, used 171563K [0x0000000080000000, 0x0000000100000000)
  region size 1024K, 4 young (4096K), 4 survivors (4096K)
 Metaspace       used 116749K, capacity 119383K, committed 119680K, reserved 1153024K
  class space    used 14556K, capacity 15617K, committed 15744K, reserved 1048576K
}
Event: 69.681 GC heap before
{Heap before GC invocations=53 (full 0):
 garbage-first heap   total 273408K, used 221739K [0x0000000080000000, 0x0000000100000000)
  region size 1024K, 53 young (54272K), 4 survivors (4096K)
 Metaspace       used 117106K, capacity 119769K, committed 119936K, reserved 1153024K
  class space    used 14556K, capacity 15610K, committed 15744K, reserved 1048576K
}
Event: 69.701 GC heap after
{Heap after GC invocations=54 (full 0):
 garbage-first heap   total 343040K, used 173640K [0x0000000080000000, 0x0000000100000000)
  region size 1024K, 6 young (6144K), 6 survivors (6144K)
 Metaspace       used 117106K, capacity 119769K, committed 119936K, reserved 1153024K
  class space    used 14556K, capacity 15610K, committed 15744K, reserved 1048576K
}
Event: 69.812 GC heap before
{Heap before GC invocations=54 (full 0):
 garbage-first heap   total 343040K, used 183880K [0x0000000080000000, 0x0000000100000000)
  region size 1024K, 16 young (16384K), 6 survivors (6144K)
 Metaspace       used 117147K, capacity 119778K, committed 119936K, reserved 1153024K
  class space    used 14567K, capacity 15613K, committed 15744K, reserved 1048576K
}
Event: 69.831 GC heap after
{Heap after GC invocations=55 (full 0):
 garbage-first heap   total 343040K, used 174817K [0x0000000080000000, 0x0000000100000000)
  region size 1024K, 2 young (2048K), 2 survivors (2048K)
 Metaspace       used 117147K, capacity 119778K, committed 119936K, reserved 1153024K
  class space    used 14567K, capacity 15613K, committed 15744K, reserved 1048576K
}
Event: 70.731 GC heap before
{Heap before GC invocations=55 (full 0):
 garbage-first heap   total 343040K, used 253665K [0x0000000080000000, 0x0000000100000000)
  region size 1024K, 79 young (80896K), 2 survivors (2048K)
 Metaspace       used 117309K, capacity 119929K, committed 120192K, reserved 1153024K
  class space    used 14572K, capacity 15617K, committed 15744K, reserved 1048576K
}
Event: 70.742 GC heap after
{Heap after GC invocations=56 (full 0):
 garbage-first heap   total 343040K, used 175807K [0x0000000080000000, 0x0000000100000000)
  region size 1024K, 3 young (3072K), 3 survivors (3072K)
 Metaspace       used 117309K, capacity 119929K, committed 120192K, reserved 1153024K
  class space    used 14572K, capacity 15617K, committed 15744K, reserved 1048576K
}
Event: 72.210 GC heap before
{Heap before GC invocations=57 (full 0):
 garbage-first heap   total 343040K, used 259775K [0x0000000080000000, 0x0000000100000000)
  region size 1024K, 85 young (87040K), 3 survivors (3072K)
 Metaspace       used 117734K, capacity 120415K, committed 120704K, reserved 1155072K
  class space    used 14633K, capacity 15691K, committed 15744K, reserved 1048576K
}
Event: 72.226 GC heap after
{Heap after GC invocations=58 (full 0):
 garbage-first heap   total 343040K, used 178267K [0x0000000080000000, 0x0000000100000000)
  region size 1024K, 5 young (5120K), 5 survivors (5120K)
 Metaspace       used 117734K, capacity 120415K, committed 120704K, reserved 1155072K
  class space    used 14633K, capacity 15691K, committed 15744K, reserved 1048576K
}
Event: 74.160 GC heap before
{Heap before GC invocations=58 (full 0):
 garbage-first heap   total 343040K, used 266331K [0x0000000080000000, 0x0000000100000000)
  region size 1024K, 91 young (93184K), 5 survivors (5120K)
 Metaspace       used 118630K, capacity 121389K, committed 121600K, reserved 1155072K
  class space    used 14740K, capacity 15842K, committed 15872K, reserved 1048576K
}
Event: 74.187 GC heap after
{Heap after GC invocations=59 (full 0):
 garbage-first heap   total 343040K, used 180861K [0x0000000080000000, 0x0000000100000000)
  region size 1024K, 8 young (8192K), 8 survivors (8192K)
 Metaspace       used 118630K, capacity 121389K, committed 121600K, reserved 1155072K
  class space    used 14740K, capacity 15842K, committed 15872K, reserved 1048576K
}

Deoptimization events (20 events):
Event: 73.883 Thread 0x0000023f064b2800 Uncommon trap: trap_request=0xffffffde fr.pc=0x0000023f773f7e60 relative=0x0000000000000320
Event: 73.883 Thread 0x0000023f064b2800 Uncommon trap: reason=class_check action=maybe_recompile pc=0x0000023f773f7e60 method=com.android.tools.r8.internal.kV.a(Lcom/android/tools/r8/internal/kV;Lcom/android/tools/r8/internal/Yb;)I @ 19 c2
Event: 73.883 Thread 0x0000023f064b2800 DEOPT PACKING pc=0x0000023f773f7e60 sp=0x00000099cf2f9e50
Event: 73.883 Thread 0x0000023f064b2800 DEOPT UNPACKING pc=0x0000023f6eeda1af sp=0x00000099cf2f9e00 mode 2
Event: 73.883 Thread 0x0000023f064b2800 Uncommon trap: trap_request=0xffffffde fr.pc=0x0000023f773f7e60 relative=0x0000000000000320
Event: 73.883 Thread 0x0000023f064b2800 Uncommon trap: reason=class_check action=maybe_recompile pc=0x0000023f773f7e60 method=com.android.tools.r8.internal.kV.a(Lcom/android/tools/r8/internal/kV;Lcom/android/tools/r8/internal/Yb;)I @ 19 c2
Event: 73.883 Thread 0x0000023f064b2800 DEOPT PACKING pc=0x0000023f773f7e60 sp=0x00000099cf2f9e70
Event: 73.883 Thread 0x0000023f064b2800 DEOPT UNPACKING pc=0x0000023f6eeda1af sp=0x00000099cf2f9e20 mode 2
Event: 73.996 Thread 0x0000023f095ff000 DEOPT PACKING pc=0x0000023f71a6730e sp=0x00000099cfef9270
Event: 73.996 Thread 0x0000023f095ff000 DEOPT UNPACKING pc=0x0000023f6eeda95e sp=0x00000099cfef8a30 mode 0
Event: 74.041 Thread 0x0000023f064b4800 Uncommon trap: trap_request=0xffffff4d fr.pc=0x0000023f774472c8 relative=0x0000000000000168
Event: 74.041 Thread 0x0000023f064b4800 Uncommon trap: reason=unstable_if action=reinterpret pc=0x0000023f774472c8 method=com.android.tools.r8.ir.regalloc.c.compareTo(Ljava/lang/Object;)I @ 52 c2
Event: 74.041 Thread 0x0000023f064b4800 DEOPT PACKING pc=0x0000023f774472c8 sp=0x00000099ceef8d80
Event: 74.041 Thread 0x0000023f064b4800 DEOPT UNPACKING pc=0x0000023f6eeda1af sp=0x00000099ceef8d18 mode 2
Event: 74.247 Thread 0x0000023f064b4800 DEOPT PACKING pc=0x0000023f71a6730e sp=0x00000099ceef95c0
Event: 74.247 Thread 0x0000023f064b4800 DEOPT UNPACKING pc=0x0000023f6eeda95e sp=0x00000099ceef8d80 mode 0
Event: 74.256 Thread 0x0000023f064b4800 Uncommon trap: trap_request=0xffffff4d fr.pc=0x0000023f76f435b0 relative=0x00000000000016d0
Event: 74.256 Thread 0x0000023f064b4800 Uncommon trap: reason=unstable_if action=reinterpret pc=0x0000023f76f435b0 method=com.android.tools.r8.ir.regalloc.c.d(I)Lcom/android/tools/r8/ir/regalloc/c; @ 126 c2
Event: 74.256 Thread 0x0000023f064b4800 DEOPT PACKING pc=0x0000023f76f435b0 sp=0x00000099ceef9740
Event: 74.256 Thread 0x0000023f064b4800 DEOPT UNPACKING pc=0x0000023f6eeda1af sp=0x00000099ceef95a0 mode 2

Classes redefined (0 events):
No events

Internal exceptions (20 events):
Event: 62.389 Thread 0x0000023f095ff000 Exception <a 'java/lang/NoSuchMethodError'{0x000000008aeefb58}: 'long java.lang.invoke.DirectMethodHandle$Holder.invokeStatic(java.lang.Object, java.lang.Object)'> (0x000000008aeefb58) thrown at [./src/hotspot/share/interpreter/linkResolver.cpp, line 773]
Event: 62.660 Thread 0x0000023f064b2800 Exception <a 'java/lang/IncompatibleClassChangeError'{0x000000008d5a2920}: Found class java.lang.Object, but interface was expected> (0x000000008d5a2920) thrown at [./src/hotspot/share/interpreter/linkResolver.cpp, line 839]
Event: 62.662 Thread 0x0000023f064b2800 Exception <a 'java/lang/NoSuchMethodError'{0x000000008d5ab2e8}: 'java.lang.Object java.lang.invoke.DirectMethodHandle$Holder.newInvokeSpecial(java.lang.Object, int)'> (0x000000008d5ab2e8) thrown at [./src/hotspot/share/interpreter/linkResolver.cpp, line 773]
Event: 62.691 Thread 0x0000023f064b2800 Exception <a 'java/lang/IncompatibleClassChangeError'{0x000000008d5b7548}: Found class java.lang.Object, but interface was expected> (0x000000008d5b7548) thrown at [./src/hotspot/share/interpreter/linkResolver.cpp, line 839]
Event: 62.694 Thread 0x0000023f095ff000 Exception <a 'java/lang/IncompatibleClassChangeError'{0x000000008d594f98}: Found class java.lang.Object, but interface was expected> (0x000000008d594f98) thrown at [./src/hotspot/share/interpreter/linkResolver.cpp, line 839]
Event: 62.695 Thread 0x0000023f064b2800 Exception <a 'java/lang/IncompatibleClassChangeError'{0x000000008d5bfc20}: Found class java.lang.Object, but interface was expected> (0x000000008d5bfc20) thrown at [./src/hotspot/share/interpreter/linkResolver.cpp, line 839]
Event: 62.958 Thread 0x0000023f095ff000 Exception <a 'java/lang/IncompatibleClassChangeError'{0x000000008cd92a88}: Found class java.lang.Object, but interface was expected> (0x000000008cd92a88) thrown at [./src/hotspot/share/interpreter/linkResolver.cpp, line 839]
Event: 63.912 Thread 0x0000023f095ff000 Exception <a 'java/lang/NoSuchMethodError'{0x000000008c350c78}: 'java.lang.Object java.lang.invoke.DirectMethodHandle$Holder.invokeStatic(java.lang.Object, int, java.lang.Object, java.lang.Object)'> (0x000000008c350c78) thrown at [./src/hotspot/share/interpreter/linkResolver.cpp, line 773]
Event: 64.584 Thread 0x0000023f064b2800 Exception <a 'java/lang/NoSuchMethodError'{0x000000008c61fcd0}: 'int java.lang.invoke.DirectMethodHandle$Holder.invokeSpecial(java.lang.Object, java.lang.Object, java.lang.Object, java.lang.Object, java.lang.Object)'> (0x000000008c61fcd0) thrown at [./src/hotspot/share/interpreter/linkResolver.cpp, line 773]
Event: 64.900 Thread 0x0000023f064b2800 Exception <a 'java/lang/NoSuchMethodError'{0x000000008c4c0bf0}: 'void java.lang.invoke.DirectMethodHandle$Holder.invokeSpecial(java.lang.Object, java.lang.Object, int, java.lang.Object)'> (0x000000008c4c0bf0) thrown at [./src/hotspot/share/interpreter/linkResolver.cpp, line 773]
Event: 65.065 Thread 0x0000023f064b2800 Implicit null exception at 0x0000023f76b4a6de to 0x0000023f76b4b9d0
Event: 65.065 Thread 0x0000023f095fb800 Implicit null exception at 0x0000023f76b4a6de to 0x0000023f76b4b9d0
Event: 65.165 Thread 0x0000023f064b4800 Exception <a 'sun/nio/fs/WindowsException'{0x00000000900203f8}> (0x00000000900203f8) thrown at [./src/hotspot/share/prims/jni.cpp, line 615]
Event: 68.290 Thread 0x0000023f095ff000 Exception <a 'java/lang/NoSuchMethodError'{0x0000000090814a18}: 'int java.lang.invoke.DirectMethodHandle$Holder.invokeInterface(java.lang.Object, java.lang.Object, int)'> (0x0000000090814a18) thrown at [./src/hotspot/share/interpreter/linkResolver.cpp, line 773]
Event: 68.889 Thread 0x0000023f064b2800 Implicit null exception at 0x0000023f773f83bc to 0x0000023f773f84c0
Event: 72.488 Thread 0x0000023f095ff000 Implicit null exception at 0x0000023f77482a34 to 0x0000023f77487c28
Event: 72.561 Thread 0x0000023f064b2800 Exception <a 'java/lang/NoSuchMethodError'{0x0000000093be2620}: 'java.lang.Object java.lang.invoke.Invokers$Holder.linkToTargetMethod(java.lang.Object, int, java.lang.Object, java.lang.Object, java.lang.Object, java.lang.Object)'> (0x0000000093be2620) thrown at [./src/hotspot/share/interpreter/linkResolver.cpp, line 773]
Event: 72.563 Thread 0x0000023f064b2800 Exception <a 'java/lang/NoSuchMethodError'{0x0000000093bf6610}: 'java.lang.Object java.lang.invoke.Invokers$Holder.linkToTargetMethod(java.lang.Object, java.lang.Object, java.lang.Object, int, java.lang.Object, java.lang.Object, java.lang.Object)'> (0x0000000093bf6610) thrown at [./src/hotspot/share/interpreter/linkResolver.cpp, line 773]
Event: 72.567 Thread 0x0000023f064b2800 Exception <a 'java/lang/NoSuchMethodError'{0x0000000093a0c4c0}: 'void java.lang.invoke.DirectMethodHandle$Holder.invokeStatic(java.lang.Object, java.lang.Object, java.lang.Object, java.lang.Object, java.lang.Object, java.lang.Object, java.lang.Object, java.lang.Object)'> (0x0000000093a0c4c0) thrown at [./src/hotspot/share/interpreter/linkResolver.cpp, line 773]
Event: 73.764 Thread 0x0000023f064b2800 Exception <a 'java/lang/IncompatibleClassChangeError'{0x0000000091991940}: Found class java.lang.Object, but interface was expected> (0x0000000091991940) thrown at [./src/hotspot/share/interpreter/linkResolver.cpp, line 839]

Events (20 events):
Event: 73.924 loading class com/android/tools/r8/internal/kj
Event: 73.924 loading class com/android/tools/r8/internal/kj done
Event: 73.928 loading class com/android/tools/r8/internal/AK
Event: 73.928 loading class com/android/tools/r8/internal/AK done
Event: 73.929 loading class com/android/tools/r8/internal/jj
Event: 73.929 loading class com/android/tools/r8/internal/jj done
Event: 73.930 loading class com/android/tools/r8/internal/ij
Event: 73.930 loading class com/android/tools/r8/internal/ij done
Event: 73.987 Executing VM operation: Deoptimize
Event: 73.991 Executing VM operation: Deoptimize done
Event: 73.993 loading class com/android/tools/r8/dex/e
Event: 73.993 loading class com/android/tools/r8/dex/e done
Event: 74.049 Executing VM operation: G1CollectForAllocation
Event: 74.187 Executing VM operation: G1CollectForAllocation done
Event: 74.259 loading class com/android/tools/r8/internal/NP
Event: 74.259 loading class com/android/tools/r8/internal/NP done
Event: 74.260 loading class com/android/tools/r8/internal/lY
Event: 74.260 loading class com/android/tools/r8/internal/lY done
Event: 74.260 loading class com/android/tools/r8/internal/NP
Event: 74.260 loading class com/android/tools/r8/internal/NP done


Dynamic libraries:
0x00007ff6ed400000 - 0x00007ff6ed40a000 	F:\AndroidStudio\jre\bin\java.exe
0x00007fffde730000 - 0x00007fffde928000 	C:\WINDOWS\SYSTEM32\ntdll.dll
0x00007fffdd1b0000 - 0x00007fffdd26d000 	C:\WINDOWS\System32\KERNEL32.DLL
0x00007fffdbef0000 - 0x00007fffdc1be000 	C:\WINDOWS\System32\KERNELBASE.dll
0x00007fffdc1c0000 - 0x00007fffdc2c0000 	C:\WINDOWS\System32\ucrtbase.dll
0x00007fffb70a0000 - 0x00007fffb70b7000 	F:\AndroidStudio\jre\bin\VCRUNTIME140.dll
0x00007fffb7370000 - 0x00007fffb7389000 	F:\AndroidStudio\jre\bin\jli.dll
0x00007fffdceb0000 - 0x00007fffdd050000 	C:\WINDOWS\System32\USER32.dll
0x00007fffdc4b0000 - 0x00007fffdc4d2000 	C:\WINDOWS\System32\win32u.dll
0x00007fffc32f0000 - 0x00007fffc358a000 	C:\WINDOWS\WinSxS\amd64_microsoft.windows.common-controls_6595b64144ccf1df_6.0.19041.1110_none_60b5254171f9507e\COMCTL32.dll
0x00007fffde300000 - 0x00007fffde32a000 	C:\WINDOWS\System32\GDI32.dll
0x00007fffdcce0000 - 0x00007fffdcd7e000 	C:\WINDOWS\System32\msvcrt.dll
0x00007fffdc4e0000 - 0x00007fffdc5eb000 	C:\WINDOWS\System32\gdi32full.dll
0x00007fffdbe50000 - 0x00007fffdbeed000 	C:\WINDOWS\System32\msvcp_win.dll
0x00007fffde330000 - 0x00007fffde360000 	C:\WINDOWS\System32\IMM32.DLL
0x00007fff89bf0000 - 0x00007fff89c8d000 	F:\AndroidStudio\jre\bin\msvcp140.dll
0x00007fff74f40000 - 0x00007fff75a25000 	F:\AndroidStudio\jre\bin\server\jvm.dll
0x00007fffdc8c0000 - 0x00007fffdc96e000 	C:\WINDOWS\System32\ADVAPI32.dll
0x00007fffdd970000 - 0x00007fffdda0c000 	C:\WINDOWS\System32\sechost.dll
0x00007fffdc790000 - 0x00007fffdc8b5000 	C:\WINDOWS\System32\RPCRT4.dll
0x00007fffde680000 - 0x00007fffde688000 	C:\WINDOWS\System32\PSAPI.DLL
0x00007fffc28e0000 - 0x00007fffc28e9000 	C:\WINDOWS\SYSTEM32\WSOCK32.dll
0x00007fffc5be0000 - 0x00007fffc5c07000 	C:\WINDOWS\SYSTEM32\WINMM.dll
0x00007fffde290000 - 0x00007fffde2fb000 	C:\WINDOWS\System32\WS2_32.dll
0x00007fffd2800000 - 0x00007fffd280a000 	C:\WINDOWS\SYSTEM32\VERSION.dll
0x00007fffda6d0000 - 0x00007fffda6e2000 	C:\WINDOWS\SYSTEM32\kernel.appcore.dll
0x00007fffd4ac0000 - 0x00007fffd4ad1000 	F:\AndroidStudio\jre\bin\verify.dll
0x00007fffd9c40000 - 0x00007fffd9e24000 	C:\WINDOWS\SYSTEM32\DBGHELP.DLL
0x00007fffca720000 - 0x00007fffca74c000 	C:\WINDOWS\SYSTEM32\dbgcore.DLL
0x00007fffdc2c0000 - 0x00007fffdc342000 	C:\WINDOWS\System32\bcryptPrimitives.dll
0x00007fffb3b50000 - 0x00007fffb3b79000 	F:\AndroidStudio\jre\bin\java.dll
0x00007fffd4ab0000 - 0x00007fffd4abb000 	F:\AndroidStudio\jre\bin\jimage.dll
0x00007fffb3a10000 - 0x00007fffb3a28000 	F:\AndroidStudio\jre\bin\zip.dll
0x00007fffddae0000 - 0x00007fffde223000 	C:\WINDOWS\System32\SHELL32.dll
0x00007fffd9e30000 - 0x00007fffda5c5000 	C:\WINDOWS\SYSTEM32\windows.storage.dll
0x00007fffdc980000 - 0x00007fffdccd4000 	C:\WINDOWS\System32\combase.dll
0x00007fffdb7e0000 - 0x00007fffdb810000 	C:\WINDOWS\SYSTEM32\Wldp.dll
0x00007fffdd050000 - 0x00007fffdd0fd000 	C:\WINDOWS\System32\SHCORE.dll
0x00007fffde580000 - 0x00007fffde5d5000 	C:\WINDOWS\System32\shlwapi.dll
0x00007fffdbd90000 - 0x00007fffdbdaf000 	C:\WINDOWS\SYSTEM32\profapi.dll
0x00007fffb3700000 - 0x00007fffb371a000 	F:\AndroidStudio\jre\bin\net.dll
0x00007fffca320000 - 0x00007fffca42a000 	C:\WINDOWS\SYSTEM32\WINHTTP.dll
0x00007fffdb540000 - 0x00007fffdb5aa000 	C:\WINDOWS\system32\mswsock.dll
0x00007fffb36e0000 - 0x00007fffb36f4000 	F:\AndroidStudio\jre\bin\nio.dll
0x00007fffb3b80000 - 0x00007fffb3ba7000 	C:\Users\Sultan\.gradle\native\e1d6ef7f7dcc3fd88c89a11ec53ec762bb8ba0a96d01ffa2cd45eb1d1d8dd5c5\windows-amd64\native-platform.dll
0x00007fffc2cf0000 - 0x00007fffc2e34000 	C:\Users\Sultan\.gradle\native\5664cfc778a61ccfe75a443a1ab52a65af34e5dc3c78e0209fed803814484fcb\windows-amd64\native-platform-file-events.dll
0x00007fffd4aa0000 - 0x00007fffd4aaa000 	F:\AndroidStudio\jre\bin\management.dll
0x00007fffbac80000 - 0x00007fffbac8d000 	F:\AndroidStudio\jre\bin\management_ext.dll
0x00007fffdb730000 - 0x00007fffdb748000 	C:\WINDOWS\SYSTEM32\CRYPTSP.dll
0x00007fffdaec0000 - 0x00007fffdaef4000 	C:\WINDOWS\system32\rsaenh.dll
0x00007fffdc760000 - 0x00007fffdc787000 	C:\WINDOWS\System32\bcrypt.dll
0x00007fffdbd50000 - 0x00007fffdbd7e000 	C:\WINDOWS\SYSTEM32\USERENV.dll
0x00007fffdb750000 - 0x00007fffdb75c000 	C:\WINDOWS\SYSTEM32\CRYPTBASE.dll
0x00007fffdb230000 - 0x00007fffdb26b000 	C:\WINDOWS\SYSTEM32\IPHLPAPI.DLL
0x00007fffdc970000 - 0x00007fffdc978000 	C:\WINDOWS\System32\NSI.dll
0x00007fffcced0000 - 0x00007fffccee7000 	C:\WINDOWS\SYSTEM32\dhcpcsvc6.DLL
0x00007fffcd0b0000 - 0x00007fffcd0cd000 	C:\WINDOWS\SYSTEM32\dhcpcsvc.DLL
0x00007fffdb270000 - 0x00007fffdb33a000 	C:\WINDOWS\SYSTEM32\DNSAPI.dll
0x00007fffdab50000 - 0x00007fffdab83000 	C:\WINDOWS\SYSTEM32\ntmarta.dll

dbghelp: loaded successfully - version: 4.0.5 - missing functions: none
symbol engine: initialized successfully - sym options: 0x614 - pdb path: .;F:\AndroidStudio\jre\bin;C:\WINDOWS\SYSTEM32;C:\WINDOWS\WinSxS\amd64_microsoft.windows.common-controls_6595b64144ccf1df_6.0.19041.1110_none_60b5254171f9507e;F:\AndroidStudio\jre\bin\server;C:\Users\Sultan\.gradle\native\e1d6ef7f7dcc3fd88c89a11ec53ec762bb8ba0a96d01ffa2cd45eb1d1d8dd5c5\windows-amd64;C:\Users\Sultan\.gradle\native\5664cfc778a61ccfe75a443a1ab52a65af34e5dc3c78e0209fed803814484fcb\windows-amd64

VM Arguments:
jvm_args: --add-opens=java.base/java.util=ALL-UNNAMED --add-opens=java.base/java.lang=ALL-UNNAMED --add-opens=java.base/java.lang.invoke=ALL-UNNAMED --add-opens=java.base/java.util=ALL-UNNAMED --add-opens=java.prefs/java.util.prefs=ALL-UNNAMED --add-opens=java.prefs/java.util.prefs=ALL-UNNAMED --add-opens=java.base/java.nio.charset=ALL-UNNAMED --add-opens=java.base/java.net=ALL-UNNAMED --add-opens=java.base/java.util.concurrent.atomic=ALL-UNNAMED -Xmx2048m -Dfile.encoding=UTF-8 -Duser.country=RU -Duser.language=ru -Duser.variant 
java_command: org.gradle.launcher.daemon.bootstrap.GradleDaemon 7.3.3
java_class_path (initial): C:\Users\Sultan\.gradle\wrapper\dists\gradle-7.3.3-bin\6a41zxkdtcxs8rphpq6y0069z\gradle-7.3.3\lib\gradle-launcher-7.3.3.jar
Launcher Type: SUN_STANDARD

[Global flags]
     intx CICompilerCount                          = 3                                         {product} {ergonomic}
     uint ConcGCThreads                            = 1                                         {product} {ergonomic}
     uint G1ConcRefinementThreads                  = 4                                         {product} {ergonomic}
   size_t G1HeapRegionSize                         = 1048576                                   {product} {ergonomic}
    uintx GCDrainStackTargetSize                   = 64                                        {product} {ergonomic}
   size_t InitialHeapSize                          = 134217728                                 {product} {ergonomic}
   size_t MarkStackSize                            = 4194304                                   {product} {ergonomic}
   size_t MaxHeapSize                              = 2147483648                                {product} {command line}
   size_t MaxNewSize                               = 1287651328                                {product} {ergonomic}
   size_t MinHeapDeltaBytes                        = 1048576                                   {product} {ergonomic}
    uintx NonNMethodCodeHeapSize                   = 5830732                                {pd product} {ergonomic}
    uintx NonProfiledCodeHeapSize                  = 122913754                              {pd product} {ergonomic}
    uintx ProfiledCodeHeapSize                     = 122913754                              {pd product} {ergonomic}
    uintx ReservedCodeCacheSize                    = 251658240                              {pd product} {ergonomic}
     bool SegmentedCodeCache                       = true                                      {product} {ergonomic}
     bool UseCompressedClassPointers               = true                                 {lp64_product} {ergonomic}
     bool UseCompressedOops                        = true                                 {lp64_product} {ergonomic}
     bool UseG1GC                                  = true                                      {product} {ergonomic}
     bool UseLargePagesIndividualAllocation        = false                                  {pd product} {ergonomic}

Logging:
Log output configuration:
 #0: stdout all=warning uptime,level,tags
 #1: stderr all=off uptime,level,tags

Environment Variables:
JAVA_HOME=C:\Program Files\Java\jdk-18.0.2.1
PATH=C:\Program Files\Common Files\Oracle\Java\javapath;C:\WINDOWS\system32;C:\WINDOWS;C:\WINDOWS\System32\Wbem;C:\WINDOWS\System32\WindowsPowerShell\v1.0\;C:\WINDOWS\System32\OpenSSH\;C:\Program Files\Java\jdk-18.0.2.1\bin;F:\Git\cmd;C:\Users\Sultan\AppData\Local\Microsoft\WindowsApps;;C:\Program Files\JetBrains\IntelliJ IDEA Community Edition 2022.2.1\bin;;F:\Microsoft VS Code\bin
USERNAME=Sultan
OS=Windows_NT
PROCESSOR_IDENTIFIER=Intel64 Family 6 Model 142 Stepping 10, GenuineIntel



---------------  S Y S T E M  ---------------

OS: Windows 10 , 64 bit Build 19041 (10.0.19041.1889)
OS uptime: 0 days 1:00 hours

CPU:total 4 (initial active 4) (2 cores per cpu, 2 threads per core) family 6 model 142 stepping 10 microcode 0xb4, cmov, cx8, fxsr, mmx, sse, sse2, sse3, ssse3, sse4.1, sse4.2, popcnt, avx, avx2, aes, clmul, erms, 3dnowpref, lzcnt, ht, tsc, tscinvbit, bmi1, bmi2, adx, fma

Memory: 4k page, system-wide physical 8108M (315M free)
TotalPageFile size 10156M (AvailPageFile size 7M)
current process WorkingSet (physical memory assigned to process): 678M, peak: 721M
current process commit charge ("private bytes"): 774M, peak: 782M

vm_info: OpenJDK 64-Bit Server VM (11.0.12+7-b1504.28-7817840) for windows-amd64 JRE (11.0.12+7-b1504.28-7817840), built on Oct 13 2021 22:12:33 by "builder" with MS VC++ 14.0 (VS2015)

END.
