#
# There is insufficient memory for the Java Runtime Environment to continue.
# Native memory allocation (malloc) failed to allocate 1908976 bytes for Chunk::new
# Possible reasons:
#   The system is out of physical RAM or swap space
#   The process is running with CompressedOops enabled, and the Java Heap may be blocking the growth of the native heap
# Possible solutions:
#   Reduce memory load on the system
#   Increase physical memory or swap space
#   Check if swap backing store is full
#   Decrease Java heap size (-Xmx/-Xms)
#   Decrease number of Java threads
#   Decrease Java thread stack sizes (-Xss)
#   Set larger code cache with -XX:ReservedCodeCacheSize=
#   JVM is running with Unscaled Compressed Oops mode in which the Java heap is
#     placed in the first 4GB address space. The Java Heap base address is the
#     maximum limit for the native heap growth. Please use -XX:HeapBaseMinAddress
#     to set the Java Heap base and to place the Java Heap above 4GB virtual address.
# This output file may be truncated or incomplete.
#
#  Out of Memory Error (./src/hotspot/share/memory/arena.cpp:197), pid=10288, tid=9180
#
# JRE version: OpenJDK Runtime Environment (11.0.12+7) (build 11.0.12+7-b1504.28-7817840)
# Java VM: OpenJDK 64-Bit Server VM (11.0.12+7-b1504.28-7817840, mixed mode, tiered, compressed oops, g1 gc, windows-amd64)
# No core dump will be written. Minidumps are not enabled by default on client versions of Windows
#

---------------  S U M M A R Y ------------

Command Line: --add-opens=java.base/java.util=ALL-UNNAMED --add-opens=java.base/java.lang=ALL-UNNAMED --add-opens=java.base/java.lang.invoke=ALL-UNNAMED --add-opens=java.base/java.util=ALL-UNNAMED --add-opens=java.prefs/java.util.prefs=ALL-UNNAMED --add-opens=java.prefs/java.util.prefs=ALL-UNNAMED --add-opens=java.base/java.nio.charset=ALL-UNNAMED --add-opens=java.base/java.net=ALL-UNNAMED --add-opens=java.base/java.util.concurrent.atomic=ALL-UNNAMED -Xmx2048m -Dfile.encoding=UTF-8 -Duser.country=RU -Duser.language=ru -Duser.variant org.gradle.launcher.daemon.bootstrap.GradleDaemon 7.3.3

Host: Intel(R) Core(TM) i3-7020U CPU @ 2.30GHz, 4 cores, 7G,  Windows 10 , 64 bit Build 19041 (10.0.19041.1889)
Time: Wed Oct 19 11:51:56 2022 Центральная Азия (зима) elapsed time: 2412.431022 seconds (0d 0h 40m 12s)

---------------  T H R E A D  ---------------

Current thread (0x000001fc33cd9000):  JavaThread "C2 CompilerThread0" daemon [_thread_in_native, id=9180, stack(0x000000a28e200000,0x000000a28e300000)]


Current CompileTask:
C2:2412431 29393       4       com.android.utils.XmlUtils::append (645 bytes)

Stack: [0x000000a28e200000,0x000000a28e300000]
Native frames: (J=compiled Java code, j=interpreted, Vv=VM code, C=native code)
V  [jvm.dll+0x5fbcea]
V  [jvm.dll+0x731905]
V  [jvm.dll+0x732f1d]
V  [jvm.dll+0x7335d3]
V  [jvm.dll+0x247bf8]
V  [jvm.dll+0xc018c]
V  [jvm.dll+0xc06cc]
V  [jvm.dll+0x35b2db]
V  [jvm.dll+0x328803]
V  [jvm.dll+0x327cfa]
V  [jvm.dll+0x200602]
V  [jvm.dll+0x1ff794]
V  [jvm.dll+0x18868c]
V  [jvm.dll+0x20e0d7]
V  [jvm.dll+0x20c901]
V  [jvm.dll+0x6f9b7f]
V  [jvm.dll+0x6f26a5]
V  [jvm.dll+0x5fabf6]
C  [ucrtbase.dll+0x21bb2]
C  [KERNEL32.DLL+0x17034]
C  [ntdll.dll+0x526a1]


---------------  P R O C E S S  ---------------

Threads class SMR info:
_java_thread_list=0x000001fc3bba0050, length=110, elements={
0x000001fc1a0bd000, 0x000001fc33cb0800, 0x000001fc33cbb800, 0x000001fc33cd1000,
0x000001fc33cd3000, 0x000001fc33cd4000, 0x000001fc33cd9000, 0x000001fc33cdc000,
0x000001fc33cfa800, 0x000001fc347a3800, 0x000001fc35e03800, 0x000001fc36ad4800,
0x000001fc37e1e000, 0x000001fc3575d000, 0x000001fc3575b800, 0x000001fc35762000,
0x000001fc35760800, 0x000001fc3575f800, 0x000001fc382f2000, 0x000001fc382f3000,
0x000001fc382f7000, 0x000001fc382fd000, 0x000001fc382fa800, 0x000001fc36652000,
0x000001fc36657800, 0x000001fc3665d800, 0x000001fc375ed000, 0x000001fc375f6000,
0x000001fc375f8000, 0x000001fc375f8800, 0x000001fc375f3800, 0x000001fc35761800,
0x000001fc3575c800, 0x000001fc375f4800, 0x000001fc3665b800, 0x000001fc3665f000,
0x000001fc36660000, 0x000001fc3665e000, 0x000001fc3ee5b000, 0x000001fc3f21e800,
0x000001fc375ec800, 0x000001fc3f22b800, 0x000001fc375ee000, 0x000001fc382f1800,
0x000001fc382f9800, 0x000001fc382f5800, 0x000001fc3e5a3000, 0x000001fc36658800,
0x000001fc36652800, 0x000001fc36654800, 0x000001fc36653800, 0x000001fc36656000,
0x000001fc36657000, 0x000001fc36655000, 0x000001fc36651000, 0x000001fc3665b000,
0x000001fc3665c800, 0x000001fc3f182800, 0x000001fc3f183800, 0x000001fc3f186800,
0x000001fc3f186000, 0x000001fc3f184800, 0x000001fc3f187800, 0x000001fc3f182000,
0x000001fc3f189000, 0x000001fc3f18a000, 0x000001fc3f18b000, 0x000001fc3f185000,
0x000001fc3f18f000, 0x000001fc3f18b800, 0x000001fc3f18e000, 0x000001fc3f18c800,
0x000001fc3f18d800, 0x000001fc3f18f800, 0x000001fc3f221800, 0x000001fc3f220800,
0x000001fc3f220000, 0x000001fc3f223000, 0x000001fc3f21f000, 0x000001fc3f224000,
0x000001fc3f225000, 0x000001fc3f226800, 0x000001fc3f225800, 0x000001fc3f227800,
0x000001fc3f228000, 0x000001fc3f222800, 0x000001fc3f229000, 0x000001fc3f229800,
0x000001fc3f22a800, 0x000001fc3f22c000, 0x000001fc3f22d000, 0x000001fc3e59a000,
0x000001fc3e59c800, 0x000001fc3e59b000, 0x000001fc3e59d800, 0x000001fc3e59e800,
0x000001fc3e59c000, 0x000001fc3e598800, 0x000001fc3e5a4000, 0x000001fc3e59f000,
0x000001fc3e5a5800, 0x000001fc3e5a0000, 0x000001fc3e5a6800, 0x000001fc3e5a1800,
0x000001fc3e5a0800, 0x000001fc3e5a7800, 0x000001fc3e5a2800, 0x000001fc375ef000,
0x000001fc375f5800, 0x000001fc375f1800
}

Java Threads: ( => current thread )
  0x000001fc1a0bd000 JavaThread "main" [_thread_blocked, id=5236, stack(0x000000a28d600000,0x000000a28d700000)]
  0x000001fc33cb0800 JavaThread "Reference Handler" daemon [_thread_blocked, id=9936, stack(0x000000a28dd00000,0x000000a28de00000)]
  0x000001fc33cbb800 JavaThread "Finalizer" daemon [_thread_blocked, id=10384, stack(0x000000a28de00000,0x000000a28df00000)]
  0x000001fc33cd1000 JavaThread "Signal Dispatcher" daemon [_thread_blocked, id=4916, stack(0x000000a28df00000,0x000000a28e000000)]
  0x000001fc33cd3000 JavaThread "Attach Listener" daemon [_thread_blocked, id=5808, stack(0x000000a28e000000,0x000000a28e100000)]
  0x000001fc33cd4000 JavaThread "Service Thread" daemon [_thread_blocked, id=416, stack(0x000000a28e100000,0x000000a28e200000)]
=>0x000001fc33cd9000 JavaThread "C2 CompilerThread0" daemon [_thread_in_native, id=9180, stack(0x000000a28e200000,0x000000a28e300000)]
  0x000001fc33cdc000 JavaThread "C1 CompilerThread0" daemon [_thread_blocked, id=8648, stack(0x000000a28e300000,0x000000a28e400000)]
  0x000001fc33cfa800 JavaThread "Sweeper thread" daemon [_thread_blocked, id=10028, stack(0x000000a28e400000,0x000000a28e500000)]
  0x000001fc347a3800 JavaThread "Common-Cleaner" daemon [_thread_blocked, id=4532, stack(0x000000a28e500000,0x000000a28e600000)]
  0x000001fc35e03800 JavaThread "Daemon health stats" [_thread_blocked, id=5300, stack(0x000000a28ea00000,0x000000a28eb00000)]
  0x000001fc36ad4800 JavaThread "Incoming local TCP Connector on port 49976" [_thread_in_native, id=2928, stack(0x000000a28e700000,0x000000a28e800000)]
  0x000001fc37e1e000 JavaThread "Daemon periodic checks" [_thread_blocked, id=10312, stack(0x000000a28eb00000,0x000000a28ec00000)]
  0x000001fc3575d000 JavaThread "Cache worker for journal cache (C:\Users\Sultan\.gradle\caches\journal-1)" [_thread_blocked, id=1656, stack(0x000000a28f400000,0x000000a28f500000)]
  0x000001fc3575b800 JavaThread "File lock request listener" [_thread_in_native, id=2992, stack(0x000000a28f500000,0x000000a28f600000)]
  0x000001fc35762000 JavaThread "Cache worker for file hash cache (C:\Users\Sultan\.gradle\caches\7.3.3\fileHashes)" [_thread_blocked, id=10432, stack(0x000000a28f600000,0x000000a28f700000)]
  0x000001fc35760800 JavaThread "File watcher server" daemon [_thread_in_native, id=9160, stack(0x000000a28f900000,0x000000a28fa00000)]
  0x000001fc3575f800 JavaThread "File watcher consumer" daemon [_thread_blocked, id=2800, stack(0x000000a28fa00000,0x000000a28fb00000)]
  0x000001fc382f2000 JavaThread "Cache worker for execution history cache (C:\Users\Sultan\.gradle\caches\7.3.3\executionHistory)" [_thread_blocked, id=1624, stack(0x000000a28fe00000,0x000000a28ff00000)]
  0x000001fc382f3000 JavaThread "jar transforms" [_thread_blocked, id=7204, stack(0x000000a28ff00000,0x000000a290000000)]
  0x000001fc382f7000 JavaThread "Cache worker for file content cache (C:\Users\Sultan\.gradle\caches\7.3.3\fileContent)" [_thread_blocked, id=2932, stack(0x000000a290000000,0x000000a290100000)]
  0x000001fc382fd000 JavaThread "jar transforms Thread 2" [_thread_blocked, id=4196, stack(0x000000a290100000,0x000000a290200000)]
  0x000001fc382fa800 JavaThread "jar transforms Thread 3" [_thread_blocked, id=7568, stack(0x000000a290300000,0x000000a290400000)]
  0x000001fc36652000 JavaThread "jar transforms Thread 4" [_thread_blocked, id=8768, stack(0x000000a292d00000,0x000000a292e00000)]
  0x000001fc36657800 JavaThread "Memory manager" [_thread_blocked, id=3248, stack(0x000000a292e00000,0x000000a292f00000)]
  0x000001fc3665d800 JavaThread "pool-3-thread-1" [_thread_blocked, id=6832, stack(0x000000a293100000,0x000000a293200000)]
  0x000001fc375ed000 JavaThread "RMI Scheduler(0)" daemon [_thread_blocked, id=6928, stack(0x000000a293f00000,0x000000a294000000)]
  0x000001fc375f6000 JavaThread "RMI GC Daemon" daemon [_thread_blocked, id=6752, stack(0x000000a294100000,0x000000a294200000)]
  0x000001fc375f8000 JavaThread "RMI TCP Accept-0" daemon [_thread_in_native, id=3376, stack(0x000000a294300000,0x000000a294400000)]
  0x000001fc375f8800 JavaThread "RMI Reaper" [_thread_blocked, id=10388, stack(0x000000a294400000,0x000000a294500000)]
  0x000001fc375f3800 JavaThread "Cache worker for Java compile cache (C:\Users\Sultan\.gradle\caches\7.3.3\javaCompile)" [_thread_blocked, id=9092, stack(0x000000a28d400000,0x000000a28d500000)]
  0x000001fc35761800 JavaThread "pool-8-thread-1" [_thread_blocked, id=5828, stack(0x000000a292f00000,0x000000a293000000)]
  0x000001fc3575c800 JavaThread "pool-13-thread-1" [_thread_blocked, id=2404, stack(0x000000a293000000,0x000000a293100000)]
  0x000001fc375f4800 JavaThread "pool-16-thread-1" [_thread_blocked, id=5852, stack(0x000000a293200000,0x000000a293300000)]
  0x000001fc3665b800 JavaThread "pool-20-thread-1" [_thread_blocked, id=7672, stack(0x000000a293300000,0x000000a293400000)]
  0x000001fc3665f000 JavaThread "pool-24-thread-1" [_thread_blocked, id=7420, stack(0x000000a292c00000,0x000000a292d00000)]
  0x000001fc36660000 JavaThread "pool-28-thread-1" [_thread_blocked, id=10340, stack(0x000000a293500000,0x000000a293600000)]
  0x000001fc3665e000 JavaThread "pool-31-thread-1" [_thread_blocked, id=2580, stack(0x000000a293600000,0x000000a293700000)]
  0x000001fc3ee5b000 JavaThread "RMI RenewClean-[127.0.0.1:17368,org.jetbrains.kotlin.daemon.common.LoopbackNetworkInterface$ClientLoopbackSocketFactory@71db9f27]" daemon [_thread_blocked, id=7040, stack(0x000000a294700000,0x000000a294800000)]
  0x000001fc3f21e800 JavaThread "ForkJoinPool.commonPool-worker-3" daemon [_thread_blocked, id=10832, stack(0x000000a295000000,0x000000a295100000)]
  0x000001fc375ec800 JavaThread "pool-36-thread-1" [_thread_blocked, id=10148, stack(0x000000a293700000,0x000000a293800000)]
  0x000001fc3f22b800 JavaThread "pool-40-thread-1" [_thread_blocked, id=2160, stack(0x000000a293800000,0x000000a293900000)]
  0x000001fc375ee000 JavaThread "RMI TCP Connection(idle)" daemon [_thread_blocked, id=6468, stack(0x000000a294600000,0x000000a294700000)]
  0x000001fc382f1800 JavaThread "ForkJoinPool.commonPool-worker-7" daemon [_thread_blocked, id=360, stack(0x000000a295100000,0x000000a295200000)]
  0x000001fc382f9800 JavaThread "Daemon Thread 8" [_thread_blocked, id=11216, stack(0x000000a28d300000,0x000000a28d400000)]
  0x000001fc382f5800 JavaThread "Daemon worker Thread 8" [_thread_in_native, id=10020, stack(0x000000a28ed00000,0x000000a28ee00000)]
  0x000001fc3e5a3000 JavaThread "pool-45-thread-1" [_thread_blocked, id=8940, stack(0x000000a293900000,0x000000a293a00000)]
  0x000001fc36658800 JavaThread "ForkJoinPool.commonPool-worker-1" daemon [_thread_blocked, id=9344, stack(0x000000a295300000,0x000000a295400000)]
  0x000001fc36652800 JavaThread "Handler for socket connection from /127.0.0.1:49976 to /127.0.0.1:60794" [_thread_in_native, id=6728, stack(0x000000a28d500000,0x000000a28d600000)]
  0x000001fc36654800 JavaThread "Cancel handler" [_thread_blocked, id=7300, stack(0x000000a28ec00000,0x000000a28ed00000)]
  0x000001fc36653800 JavaThread "Asynchronous log dispatcher for DefaultDaemonConnection: socket connection from /127.0.0.1:49976 to /127.0.0.1:60794" [_thread_blocked, id=6436, stack(0x000000a28ee00000,0x000000a28ef00000)]
  0x000001fc36656000 JavaThread "Stdin handler" [_thread_blocked, id=4228, stack(0x000000a28ef00000,0x000000a28f000000)]
  0x000001fc36657000 JavaThread "Daemon client event forwarder" [_thread_blocked, id=7308, stack(0x000000a28f000000,0x000000a28f100000)]
  0x000001fc36655000 JavaThread "Cache worker for file hash cache (F:\NeobisProjects\viewpager_test\.gradle\7.3.3\fileHashes)" [_thread_blocked, id=4348, stack(0x000000a28f100000,0x000000a28f200000)]
  0x000001fc36651000 JavaThread "Cache worker for checksums cache (F:\NeobisProjects\viewpager_test\.gradle\7.3.3\checksums)" [_thread_blocked, id=4924, stack(0x000000a28f200000,0x000000a28f300000)]
  0x000001fc3665b000 JavaThread "Cache worker for cache directory md-supplier (C:\Users\Sultan\.gradle\caches\7.3.3\md-supplier)" [_thread_blocked, id=7332, stack(0x000000a28f700000,0x000000a28f800000)]
  0x000001fc3665c800 JavaThread "Cache worker for cache directory md-rule (C:\Users\Sultan\.gradle\caches\7.3.3\md-rule)" [_thread_blocked, id=2960, stack(0x000000a28f800000,0x000000a28f900000)]
  0x000001fc3f182800 JavaThread "Cache worker for dependencies-accessors (F:\NeobisProjects\viewpager_test\.gradle\7.3.3\dependencies-accessors)" [_thread_blocked, id=264, stack(0x000000a28fb00000,0x000000a28fc00000)]
  0x000001fc3f183800 JavaThread "Cache worker for Build Output Cleanup Cache (F:\NeobisProjects\viewpager_test\.gradle\buildOutputCleanup)" [_thread_blocked, id=6084, stack(0x000000a28fc00000,0x000000a28fd00000)]
  0x000001fc3f186800 JavaThread "Unconstrained build operations" [_thread_blocked, id=10116, stack(0x000000a28fd00000,0x000000a28fe00000)]
  0x000001fc3f186000 JavaThread "Unconstrained build operations Thread 2" [_thread_blocked, id=120, stack(0x000000a290200000,0x000000a290300000)]
  0x000001fc3f184800 JavaThread "Unconstrained build operations Thread 3" [_thread_blocked, id=5264, stack(0x000000a290400000,0x000000a290500000)]
  0x000001fc3f187800 JavaThread "Unconstrained build operations Thread 4" [_thread_blocked, id=5032, stack(0x000000a290500000,0x000000a290600000)]
  0x000001fc3f182000 JavaThread "Unconstrained build operations Thread 5" [_thread_blocked, id=5532, stack(0x000000a290600000,0x000000a290700000)]
  0x000001fc3f189000 JavaThread "Unconstrained build operations Thread 6" [_thread_blocked, id=5448, stack(0x000000a290700000,0x000000a290800000)]
  0x000001fc3f18a000 JavaThread "Unconstrained build operations Thread 7" [_thread_blocked, id=5244, stack(0x000000a290800000,0x000000a290900000)]
  0x000001fc3f18b000 JavaThread "Unconstrained build operations Thread 8" [_thread_blocked, id=8120, stack(0x000000a290900000,0x000000a290a00000)]
  0x000001fc3f185000 JavaThread "Unconstrained build operations Thread 9" [_thread_blocked, id=5132, stack(0x000000a290a00000,0x000000a290b00000)]
  0x000001fc3f18f000 JavaThread "Unconstrained build operations Thread 10" [_thread_blocked, id=8736, stack(0x000000a290b00000,0x000000a290c00000)]
  0x000001fc3f18b800 JavaThread "Unconstrained build operations Thread 11" [_thread_blocked, id=5856, stack(0x000000a290c00000,0x000000a290d00000)]
  0x000001fc3f18e000 JavaThread "Unconstrained build operations Thread 12" [_thread_blocked, id=7520, stack(0x000000a290d00000,0x000000a290e00000)]
  0x000001fc3f18c800 JavaThread "Unconstrained build operations Thread 13" [_thread_blocked, id=6260, stack(0x000000a290f00000,0x000000a291000000)]
  0x000001fc3f18d800 JavaThread "Unconstrained build operations Thread 14" [_thread_blocked, id=1144, stack(0x000000a291000000,0x000000a291100000)]
  0x000001fc3f18f800 JavaThread "Unconstrained build operations Thread 15" [_thread_blocked, id=1148, stack(0x000000a291100000,0x000000a291200000)]
  0x000001fc3f221800 JavaThread "Unconstrained build operations Thread 16" [_thread_blocked, id=5664, stack(0x000000a291200000,0x000000a291300000)]
  0x000001fc3f220800 JavaThread "Unconstrained build operations Thread 17" [_thread_blocked, id=8864, stack(0x000000a291300000,0x000000a291400000)]
  0x000001fc3f220000 JavaThread "Unconstrained build operations Thread 18" [_thread_blocked, id=4972, stack(0x000000a291400000,0x000000a291500000)]
  0x000001fc3f223000 JavaThread "Unconstrained build operations Thread 19" [_thread_blocked, id=2192, stack(0x000000a291500000,0x000000a291600000)]
  0x000001fc3f21f000 JavaThread "Unconstrained build operations Thread 20" [_thread_blocked, id=9948, stack(0x000000a291600000,0x000000a291700000)]
  0x000001fc3f224000 JavaThread "Unconstrained build operations Thread 21" [_thread_blocked, id=6652, stack(0x000000a291700000,0x000000a291800000)]
  0x000001fc3f225000 JavaThread "Unconstrained build operations Thread 22" [_thread_blocked, id=10632, stack(0x000000a291800000,0x000000a291900000)]
  0x000001fc3f226800 JavaThread "Unconstrained build operations Thread 23" [_thread_blocked, id=7596, stack(0x000000a291900000,0x000000a291a00000)]
  0x000001fc3f225800 JavaThread "Unconstrained build operations Thread 24" [_thread_blocked, id=7480, stack(0x000000a291a00000,0x000000a291b00000)]
  0x000001fc3f227800 JavaThread "Unconstrained build operations Thread 25" [_thread_blocked, id=9628, stack(0x000000a291b00000,0x000000a291c00000)]
  0x000001fc3f228000 JavaThread "Unconstrained build operations Thread 26" [_thread_blocked, id=3204, stack(0x000000a291c00000,0x000000a291d00000)]
  0x000001fc3f222800 JavaThread "Unconstrained build operations Thread 27" [_thread_blocked, id=7916, stack(0x000000a291d00000,0x000000a291e00000)]
  0x000001fc3f229000 JavaThread "Unconstrained build operations Thread 28" [_thread_blocked, id=9116, stack(0x000000a291e00000,0x000000a291f00000)]
  0x000001fc3f229800 JavaThread "Unconstrained build operations Thread 29" [_thread_blocked, id=6104, stack(0x000000a291f00000,0x000000a292000000)]
  0x000001fc3f22a800 JavaThread "Unconstrained build operations Thread 30" [_thread_blocked, id=3228, stack(0x000000a292000000,0x000000a292100000)]
  0x000001fc3f22c000 JavaThread "Unconstrained build operations Thread 31" [_thread_blocked, id=2996, stack(0x000000a292100000,0x000000a292200000)]
  0x000001fc3f22d000 JavaThread "Unconstrained build operations Thread 32" [_thread_blocked, id=8652, stack(0x000000a292200000,0x000000a292300000)]
  0x000001fc3e59a000 JavaThread "Unconstrained build operations Thread 33" [_thread_blocked, id=5708, stack(0x000000a292300000,0x000000a292400000)]
  0x000001fc3e59c800 JavaThread "Unconstrained build operations Thread 34" [_thread_blocked, id=10368, stack(0x000000a292400000,0x000000a292500000)]
  0x000001fc3e59b000 JavaThread "Unconstrained build operations Thread 35" [_thread_blocked, id=5720, stack(0x000000a292500000,0x000000a292600000)]
  0x000001fc3e59d800 JavaThread "Unconstrained build operations Thread 36" [_thread_blocked, id=4008, stack(0x000000a292600000,0x000000a292700000)]
  0x000001fc3e59e800 JavaThread "Unconstrained build operations Thread 37" [_thread_blocked, id=1560, stack(0x000000a292700000,0x000000a292800000)]
  0x000001fc3e59c000 JavaThread "Unconstrained build operations Thread 38" [_thread_blocked, id=6704, stack(0x000000a292800000,0x000000a292900000)]
  0x000001fc3e598800 JavaThread "Unconstrained build operations Thread 39" [_thread_blocked, id=7748, stack(0x000000a292900000,0x000000a292a00000)]
  0x000001fc3e5a4000 JavaThread "Unconstrained build operations Thread 40" [_thread_blocked, id=8048, stack(0x000000a292a00000,0x000000a292b00000)]
  0x000001fc3e59f000 JavaThread "build event listener" [_thread_blocked, id=10160, stack(0x000000a292b00000,0x000000a292c00000)]
  0x000001fc3e5a5800 JavaThread "build event listener" [_thread_blocked, id=3724, stack(0x000000a293400000,0x000000a293500000)]
  0x000001fc3e5a0000 JavaThread "pool-50-thread-1" [_thread_blocked, id=5896, stack(0x000000a293a00000,0x000000a293b00000)]
  0x000001fc3e5a6800 JavaThread "build event listener" [_thread_blocked, id=10892, stack(0x000000a293b00000,0x000000a293c00000)]
  0x000001fc3e5a1800 JavaThread "Execution worker for ':'" [_thread_blocked, id=8128, stack(0x000000a293c00000,0x000000a293d00000)]
  0x000001fc3e5a0800 JavaThread "Execution worker for ':' Thread 2" [_thread_blocked, id=11184, stack(0x000000a293d00000,0x000000a293e00000)]
  0x000001fc3e5a7800 JavaThread "Execution worker for ':' Thread 3" [_thread_blocked, id=8764, stack(0x000000a293e00000,0x000000a293f00000)]
  0x000001fc3e5a2800 JavaThread "Cache worker for execution history cache (F:\NeobisProjects\viewpager_test\.gradle\7.3.3\executionHistory)" [_thread_blocked, id=8952, stack(0x000000a294000000,0x000000a294100000)]
  0x000001fc375ef000 JavaThread "WorkerExecutor Queue" [_thread_blocked, id=10452, stack(0x000000a294200000,0x000000a294300000)]
  0x000001fc375f5800 JavaThread "WorkerExecutor Queue Thread 2" [_thread_blocked, id=1168, stack(0x000000a290e00000,0x000000a290f00000)]
  0x000001fc375f1800 JavaThread "C2 CompilerThread1" daemon [_thread_blocked, id=11008, stack(0x000000a294500000,0x000000a294600000)]

Other Threads:
  0x000001fc33cad000 VMThread "VM Thread" [stack: 0x000000a28dc00000,0x000000a28dd00000] [id=11228]
  0x000001fc347cf000 WatcherThread [stack: 0x000000a28e600000,0x000000a28e700000] [id=6960]
  0x000001fc17eed000 GCTaskThread "GC Thread#0" [stack: 0x000000a28d700000,0x000000a28d800000] [id=10300]
  0x000001fc34ca8800 GCTaskThread "GC Thread#1" [stack: 0x000000a28e800000,0x000000a28e900000] [id=7888]
  0x000001fc34c00000 GCTaskThread "GC Thread#2" [stack: 0x000000a28e900000,0x000000a28ea00000] [id=2352]
  0x000001fc36cc2800 GCTaskThread "GC Thread#3" [stack: 0x000000a28f300000,0x000000a28f400000] [id=1948]
  0x000001fc1a104000 ConcurrentGCThread "G1 Main Marker" [stack: 0x000000a28d800000,0x000000a28d900000] [id=2740]
  0x000001fc1a105000 ConcurrentGCThread "G1 Conc#0" [stack: 0x000000a28d900000,0x000000a28da00000] [id=9888]
  0x000001fc1a199800 ConcurrentGCThread "G1 Refine#0" [stack: 0x000000a28da00000,0x000000a28db00000] [id=1812]
  0x000001fc1a19a800 ConcurrentGCThread "G1 Young RemSet Sampling" [stack: 0x000000a28db00000,0x000000a28dc00000] [id=10896]

Threads with active compile tasks:
C2 CompilerThread02412530 29393       4       com.android.utils.XmlUtils::append (645 bytes)
C2 CompilerThread12412531 29418  s    4       java.util.Hashtable::isEmpty (13 bytes)

VM state:not at safepoint (normal execution)

VM Mutex/Monitor currently owned by a thread: None

Heap address: 0x0000000080000000, size: 2048 MB, Compressed Oops mode: 32-bit
Narrow klass base: 0x0000000000000000, Narrow klass shift: 3
Compressed class space size: 1073741824 Address: 0x0000000100000000

Heap:
 garbage-first heap   total 273408K, used 188358K [0x0000000080000000, 0x0000000100000000)
  region size 1024K, 9 young (9216K), 2 survivors (2048K)
 Metaspace       used 149310K, capacity 154176K, committed 154496K, reserved 1183744K
  class space    used 18170K, capacity 19937K, committed 19968K, reserved 1048576K
Heap Regions: E=young(eden), S=young(survivor), O=old, HS=humongous(starts), HC=humongous(continues), CS=collection set, F=free, A=archive, TAMS=top-at-mark-start (previous, next)
|   0|0x0000000080000000, 0x0000000080100000, 0x0000000080100000|100%| O|  |TAMS 0x0000000080100000, 0x0000000080000000| Updating 
|   1|0x0000000080100000, 0x0000000080200000, 0x0000000080200000|100%| O|  |TAMS 0x0000000080200000, 0x0000000080100000| Updating 
|   2|0x0000000080200000, 0x0000000080300000, 0x0000000080300000|100%| O|  |TAMS 0x0000000080300000, 0x0000000080200000| Updating 
|   3|0x0000000080300000, 0x0000000080400000, 0x0000000080400000|100%|HS|  |TAMS 0x0000000080400000, 0x0000000080300000| Complete 
|   4|0x0000000080400000, 0x0000000080500000, 0x0000000080500000|100%|HC|  |TAMS 0x0000000080500000, 0x0000000080400000| Complete 
|   5|0x0000000080500000, 0x0000000080600000, 0x0000000080600000|100%|HC|  |TAMS 0x0000000080600000, 0x0000000080500000| Complete 
|   6|0x0000000080600000, 0x0000000080700000, 0x0000000080700000|100%| O|  |TAMS 0x0000000080700000, 0x0000000080600000| Updating 
|   7|0x0000000080700000, 0x00000000807ffff8, 0x0000000080800000| 99%| O|  |TAMS 0x00000000807ffff8, 0x0000000080700000| Updating 
|   8|0x0000000080800000, 0x0000000080900000, 0x0000000080900000|100%| O|  |TAMS 0x0000000080900000, 0x0000000080800000| Updating 
|   9|0x0000000080900000, 0x0000000080a00000, 0x0000000080a00000|100%| O|  |TAMS 0x0000000080a00000, 0x0000000080900000| Updating 
|  10|0x0000000080a00000, 0x0000000080b00000, 0x0000000080b00000|100%| O|  |TAMS 0x0000000080b00000, 0x0000000080a00000| Updating 
|  11|0x0000000080b00000, 0x0000000080c00000, 0x0000000080c00000|100%| O|  |TAMS 0x0000000080c00000, 0x0000000080b00000| Updating 
|  12|0x0000000080c00000, 0x0000000080d00000, 0x0000000080d00000|100%| O|  |TAMS 0x0000000080d00000, 0x0000000080c00000| Updating 
|  13|0x0000000080d00000, 0x0000000080e00000, 0x0000000080e00000|100%| O|  |TAMS 0x0000000080e00000, 0x0000000080d00000| Updating 
|  14|0x0000000080e00000, 0x0000000080f00000, 0x0000000080f00000|100%| O|  |TAMS 0x0000000080f00000, 0x0000000080e00000| Updating 
|  15|0x0000000080f00000, 0x0000000081000000, 0x0000000081000000|100%| O|  |TAMS 0x0000000081000000, 0x0000000080f00000| Updating 
|  16|0x0000000081000000, 0x0000000081100000, 0x0000000081100000|100%|HS|  |TAMS 0x0000000081100000, 0x0000000081000000| Complete 
|  17|0x0000000081100000, 0x0000000081200000, 0x0000000081200000|100%| O|  |TAMS 0x0000000081200000, 0x0000000081100000| Updating 
|  18|0x0000000081200000, 0x0000000081300000, 0x0000000081300000|100%| O|  |TAMS 0x0000000081300000, 0x0000000081200000| Updating 
|  19|0x0000000081300000, 0x0000000081400000, 0x0000000081400000|100%| O|  |TAMS 0x0000000081400000, 0x0000000081300000| Updating 
|  20|0x0000000081400000, 0x0000000081500000, 0x0000000081500000|100%| O|  |TAMS 0x0000000081500000, 0x0000000081400000| Updating 
|  21|0x0000000081500000, 0x0000000081600000, 0x0000000081600000|100%| O|  |TAMS 0x0000000081600000, 0x0000000081500000| Updating 
|  22|0x0000000081600000, 0x0000000081700000, 0x0000000081700000|100%| O|  |TAMS 0x0000000081700000, 0x0000000081600000| Updating 
|  23|0x0000000081700000, 0x0000000081800000, 0x0000000081800000|100%|HS|  |TAMS 0x0000000081800000, 0x0000000081700000| Complete 
|  24|0x0000000081800000, 0x0000000081900000, 0x0000000081900000|100%|HS|  |TAMS 0x0000000081900000, 0x0000000081800000| Complete 
|  25|0x0000000081900000, 0x0000000081a00000, 0x0000000081a00000|100%|HS|  |TAMS 0x0000000081a00000, 0x0000000081900000| Complete 
|  26|0x0000000081a00000, 0x0000000081b00000, 0x0000000081b00000|100%|HC|  |TAMS 0x0000000081b00000, 0x0000000081a00000| Complete 
|  27|0x0000000081b00000, 0x0000000081c00000, 0x0000000081c00000|100%|HC|  |TAMS 0x0000000081c00000, 0x0000000081b00000| Complete 
|  28|0x0000000081c00000, 0x0000000081d00000, 0x0000000081d00000|100%|HS|  |TAMS 0x0000000081d00000, 0x0000000081c00000| Complete 
|  29|0x0000000081d00000, 0x0000000081e00000, 0x0000000081e00000|100%|HC|  |TAMS 0x0000000081e00000, 0x0000000081d00000| Complete 
|  30|0x0000000081e00000, 0x0000000081f00000, 0x0000000081f00000|100%| O|  |TAMS 0x0000000081f00000, 0x0000000081e00000| Updating 
|  31|0x0000000081f00000, 0x0000000082000000, 0x0000000082000000|100%| O|  |TAMS 0x0000000082000000, 0x0000000081f00000| Updating 
|  32|0x0000000082000000, 0x0000000082100000, 0x0000000082100000|100%| O|  |TAMS 0x0000000082100000, 0x0000000082000000| Updating 
|  33|0x0000000082100000, 0x0000000082200000, 0x0000000082200000|100%| O|  |TAMS 0x0000000082200000, 0x0000000082100000| Updating 
|  34|0x0000000082200000, 0x0000000082300000, 0x0000000082300000|100%| O|  |TAMS 0x0000000082300000, 0x0000000082200000| Updating 
|  35|0x0000000082300000, 0x0000000082400000, 0x0000000082400000|100%| O|  |TAMS 0x0000000082400000, 0x0000000082300000| Updating 
|  36|0x0000000082400000, 0x0000000082500000, 0x0000000082500000|100%| O|  |TAMS 0x0000000082500000, 0x0000000082400000| Updating 
|  37|0x0000000082500000, 0x0000000082600000, 0x0000000082600000|100%|HS|  |TAMS 0x0000000082600000, 0x0000000082500000| Complete 
|  38|0x0000000082600000, 0x0000000082700000, 0x0000000082700000|100%| O|  |TAMS 0x0000000082700000, 0x0000000082600000| Updating 
|  39|0x0000000082700000, 0x0000000082800000, 0x0000000082800000|100%| O|  |TAMS 0x0000000082800000, 0x0000000082700000| Updating 
|  40|0x0000000082800000, 0x0000000082900000, 0x0000000082900000|100%| O|  |TAMS 0x0000000082900000, 0x0000000082800000| Updating 
|  41|0x0000000082900000, 0x0000000082a00000, 0x0000000082a00000|100%| O|  |TAMS 0x0000000082a00000, 0x0000000082900000| Updating 
|  42|0x0000000082a00000, 0x0000000082b00000, 0x0000000082b00000|100%| O|  |TAMS 0x0000000082b00000, 0x0000000082a00000| Updating 
|  43|0x0000000082b00000, 0x0000000082c00000, 0x0000000082c00000|100%| O|  |TAMS 0x0000000082c00000, 0x0000000082b00000| Updating 
|  44|0x0000000082c00000, 0x0000000082d00000, 0x0000000082d00000|100%| O|  |TAMS 0x0000000082d00000, 0x0000000082c00000| Updating 
|  45|0x0000000082d00000, 0x0000000082e00000, 0x0000000082e00000|100%| O|  |TAMS 0x0000000082e00000, 0x0000000082d00000| Updating 
|  46|0x0000000082e00000, 0x0000000082f00000, 0x0000000082f00000|100%|HS|  |TAMS 0x0000000082e00000, 0x0000000082e00000| Complete 
|  47|0x0000000082f00000, 0x0000000083000000, 0x0000000083000000|100%|HS|  |TAMS 0x0000000082f00000, 0x0000000082f00000| Complete 
|  48|0x0000000083000000, 0x0000000083100000, 0x0000000083100000|100%| O|  |TAMS 0x0000000083100000, 0x0000000083000000| Updating 
|  49|0x0000000083100000, 0x0000000083100000, 0x0000000083200000|  0%| F|  |TAMS 0x0000000083100000, 0x0000000083100000| Untracked 
|  50|0x0000000083200000, 0x0000000083300000, 0x0000000083300000|100%| O|  |TAMS 0x0000000083300000, 0x0000000083200000| Updating 
|  51|0x0000000083300000, 0x0000000083400000, 0x0000000083400000|100%| O|  |TAMS 0x0000000083400000, 0x0000000083300000| Updating 
|  52|0x0000000083400000, 0x0000000083500000, 0x0000000083500000|100%| O|  |TAMS 0x0000000083500000, 0x0000000083400000| Updating 
|  53|0x0000000083500000, 0x0000000083600000, 0x0000000083600000|100%| O|  |TAMS 0x0000000083600000, 0x0000000083500000| Updating 
|  54|0x0000000083600000, 0x0000000083700000, 0x0000000083700000|100%| O|  |TAMS 0x0000000083700000, 0x0000000083600000| Updating 
|  55|0x0000000083700000, 0x0000000083700000, 0x0000000083800000|  0%| F|  |TAMS 0x0000000083700000, 0x0000000083700000| Untracked 
|  56|0x0000000083800000, 0x0000000083900000, 0x0000000083900000|100%| O|  |TAMS 0x0000000083900000, 0x0000000083800000| Updating 
|  57|0x0000000083900000, 0x0000000083a00000, 0x0000000083a00000|100%| O|  |TAMS 0x0000000083a00000, 0x0000000083900000| Updating 
|  58|0x0000000083a00000, 0x0000000083b00000, 0x0000000083b00000|100%| O|  |TAMS 0x0000000083b00000, 0x0000000083a00000| Updating 
|  59|0x0000000083b00000, 0x0000000083b00000, 0x0000000083c00000|  0%| F|  |TAMS 0x0000000083b00000, 0x0000000083b00000| Untracked 
|  60|0x0000000083c00000, 0x0000000083d00000, 0x0000000083d00000|100%|HS|  |TAMS 0x0000000083d00000, 0x0000000083c00000| Complete 
|  61|0x0000000083d00000, 0x0000000083e00000, 0x0000000083e00000|100%| O|  |TAMS 0x0000000083e00000, 0x0000000083d00000| Updating 
|  62|0x0000000083e00000, 0x0000000083f00000, 0x0000000083f00000|100%|HS|  |TAMS 0x0000000083e00000, 0x0000000083e00000| Complete 
|  63|0x0000000083f00000, 0x0000000084000000, 0x0000000084000000|100%|HC|  |TAMS 0x0000000083f00000, 0x0000000083f00000| Complete 
|  64|0x0000000084000000, 0x0000000084100000, 0x0000000084100000|100%| O|  |TAMS 0x0000000084100000, 0x0000000084000000| Updating 
|  65|0x0000000084100000, 0x0000000084100000, 0x0000000084200000|  0%| F|  |TAMS 0x0000000084100000, 0x0000000084100000| Untracked 
|  66|0x0000000084200000, 0x0000000084300000, 0x0000000084300000|100%| O|  |TAMS 0x0000000084300000, 0x0000000084200000| Updating 
|  67|0x0000000084300000, 0x0000000084400000, 0x0000000084400000|100%| O|  |TAMS 0x0000000084400000, 0x0000000084300000| Updating 
|  68|0x0000000084400000, 0x0000000084500000, 0x0000000084500000|100%| O|  |TAMS 0x0000000084500000, 0x0000000084400000| Updating 
|  69|0x0000000084500000, 0x0000000084600000, 0x0000000084600000|100%| O|  |TAMS 0x0000000084600000, 0x0000000084500000| Updating 
|  70|0x0000000084600000, 0x0000000084700000, 0x0000000084700000|100%| O|  |TAMS 0x0000000084700000, 0x0000000084600000| Updating 
|  71|0x0000000084700000, 0x0000000084800000, 0x0000000084800000|100%| O|  |TAMS 0x0000000084800000, 0x0000000084700000| Updating 
|  72|0x0000000084800000, 0x0000000084900000, 0x0000000084900000|100%|HS|  |TAMS 0x0000000084800000, 0x0000000084800000| Complete 
|  73|0x0000000084900000, 0x0000000084a00000, 0x0000000084a00000|100%|HC|  |TAMS 0x0000000084900000, 0x0000000084900000| Complete 
|  74|0x0000000084a00000, 0x0000000084b00000, 0x0000000084b00000|100%| O|  |TAMS 0x0000000084b00000, 0x0000000084a00000| Updating 
|  75|0x0000000084b00000, 0x0000000084c00000, 0x0000000084c00000|100%| O|  |TAMS 0x0000000084c00000, 0x0000000084b00000| Updating 
|  76|0x0000000084c00000, 0x0000000084d00000, 0x0000000084d00000|100%| O|  |TAMS 0x0000000084d00000, 0x0000000084c00000| Updating 
|  77|0x0000000084d00000, 0x0000000084e00000, 0x0000000084e00000|100%|HS|  |TAMS 0x0000000084e00000, 0x0000000084d00000| Complete 
|  78|0x0000000084e00000, 0x0000000084f00000, 0x0000000084f00000|100%|HC|  |TAMS 0x0000000084f00000, 0x0000000084e00000| Complete 
|  79|0x0000000084f00000, 0x0000000085000000, 0x0000000085000000|100%| O|  |TAMS 0x0000000085000000, 0x0000000084f00000| Updating 
|  80|0x0000000085000000, 0x0000000085000000, 0x0000000085100000|  0%| F|  |TAMS 0x0000000085000000, 0x0000000085000000| Untracked 
|  81|0x0000000085100000, 0x0000000085200000, 0x0000000085200000|100%| O|  |TAMS 0x0000000085200000, 0x0000000085100000| Updating 
|  82|0x0000000085200000, 0x0000000085300000, 0x0000000085300000|100%| O|  |TAMS 0x0000000085300000, 0x0000000085200000| Updating 
|  83|0x0000000085300000, 0x0000000085400000, 0x0000000085400000|100%| O|  |TAMS 0x0000000085400000, 0x0000000085300000| Updating 
|  84|0x0000000085400000, 0x0000000085500000, 0x0000000085500000|100%| O|  |TAMS 0x0000000085500000, 0x0000000085400000| Updating 
|  85|0x0000000085500000, 0x0000000085600000, 0x0000000085600000|100%| O|  |TAMS 0x0000000085600000, 0x0000000085500000| Updating 
|  86|0x0000000085600000, 0x0000000085700000, 0x0000000085700000|100%| O|  |TAMS 0x0000000085700000, 0x0000000085600000| Updating 
|  87|0x0000000085700000, 0x0000000085800000, 0x0000000085800000|100%| O|  |TAMS 0x0000000085800000, 0x0000000085700000| Updating 
|  88|0x0000000085800000, 0x0000000085900000, 0x0000000085900000|100%| O|  |TAMS 0x0000000085900000, 0x0000000085800000| Updating 
|  89|0x0000000085900000, 0x0000000085a00000, 0x0000000085a00000|100%| O|  |TAMS 0x0000000085a00000, 0x0000000085900000| Updating 
|  90|0x0000000085a00000, 0x0000000085b00000, 0x0000000085b00000|100%| O|  |TAMS 0x0000000085b00000, 0x0000000085a00000| Updating 
|  91|0x0000000085b00000, 0x0000000085c00000, 0x0000000085c00000|100%| O|  |TAMS 0x0000000085c00000, 0x0000000085b00000| Updating 
|  92|0x0000000085c00000, 0x0000000085d00000, 0x0000000085d00000|100%| O|  |TAMS 0x0000000085d00000, 0x0000000085c00000| Updating 
|  93|0x0000000085d00000, 0x0000000085e00000, 0x0000000085e00000|100%| O|  |TAMS 0x0000000085e00000, 0x0000000085d00000| Updating 
|  94|0x0000000085e00000, 0x0000000085f00000, 0x0000000085f00000|100%| O|  |TAMS 0x0000000085f00000, 0x0000000085e00000| Updating 
|  95|0x0000000085f00000, 0x0000000086000000, 0x0000000086000000|100%|HS|  |TAMS 0x0000000086000000, 0x0000000085f00000| Complete 
|  96|0x0000000086000000, 0x0000000086100000, 0x0000000086100000|100%| O|  |TAMS 0x0000000086100000, 0x0000000086000000| Updating 
|  97|0x0000000086100000, 0x0000000086100000, 0x0000000086200000|  0%| F|  |TAMS 0x0000000086100000, 0x0000000086100000| Untracked 
|  98|0x0000000086200000, 0x0000000086300000, 0x0000000086300000|100%|HS|  |TAMS 0x0000000086300000, 0x0000000086200000| Complete 
|  99|0x0000000086300000, 0x0000000086400000, 0x0000000086400000|100%| O|  |TAMS 0x0000000086400000, 0x0000000086300000| Updating 
| 100|0x0000000086400000, 0x0000000086500000, 0x0000000086500000|100%| O|  |TAMS 0x0000000086500000, 0x0000000086400000| Updating 
| 101|0x0000000086500000, 0x0000000086600000, 0x0000000086600000|100%| O|  |TAMS 0x0000000086600000, 0x0000000086500000| Updating 
| 102|0x0000000086600000, 0x0000000086700000, 0x0000000086700000|100%| O|  |TAMS 0x0000000086700000, 0x0000000086600000| Updating 
| 103|0x0000000086700000, 0x0000000086800000, 0x0000000086800000|100%| O|  |TAMS 0x0000000086800000, 0x0000000086700000| Updating 
| 104|0x0000000086800000, 0x0000000086900000, 0x0000000086900000|100%| O|  |TAMS 0x0000000086900000, 0x0000000086800000| Updating 
| 105|0x0000000086900000, 0x0000000086a00000, 0x0000000086a00000|100%| O|  |TAMS 0x0000000086a00000, 0x0000000086900000| Updating 
| 106|0x0000000086a00000, 0x0000000086b00000, 0x0000000086b00000|100%| O|  |TAMS 0x0000000086b00000, 0x0000000086a00000| Updating 
| 107|0x0000000086b00000, 0x0000000086c00000, 0x0000000086c00000|100%| O|  |TAMS 0x0000000086c00000, 0x0000000086b00000| Updating 
| 108|0x0000000086c00000, 0x0000000086d00000, 0x0000000086d00000|100%| O|  |TAMS 0x0000000086d00000, 0x0000000086c00000| Updating 
| 109|0x0000000086d00000, 0x0000000086e00000, 0x0000000086e00000|100%| O|  |TAMS 0x0000000086e00000, 0x0000000086d00000| Updating 
| 110|0x0000000086e00000, 0x0000000086f00000, 0x0000000086f00000|100%| O|  |TAMS 0x0000000086f00000, 0x0000000086e00000| Updating 
| 111|0x0000000086f00000, 0x0000000087000000, 0x0000000087000000|100%| O|  |TAMS 0x0000000087000000, 0x0000000086f00000| Updating 
| 112|0x0000000087000000, 0x0000000087100000, 0x0000000087100000|100%| O|  |TAMS 0x0000000087100000, 0x0000000087000000| Updating 
| 113|0x0000000087100000, 0x0000000087100000, 0x0000000087200000|  0%| F|  |TAMS 0x0000000087100000, 0x0000000087100000| Untracked 
| 114|0x0000000087200000, 0x0000000087300000, 0x0000000087300000|100%| O|  |TAMS 0x0000000087300000, 0x0000000087200000| Updating 
| 115|0x0000000087300000, 0x0000000087400000, 0x0000000087400000|100%| O|  |TAMS 0x0000000087400000, 0x0000000087300000| Updating 
| 116|0x0000000087400000, 0x0000000087500000, 0x0000000087500000|100%| O|  |TAMS 0x0000000087500000, 0x0000000087400000| Updating 
| 117|0x0000000087500000, 0x0000000087600000, 0x0000000087600000|100%| O|  |TAMS 0x0000000087600000, 0x0000000087500000| Updating 
| 118|0x0000000087600000, 0x0000000087700000, 0x0000000087700000|100%|HS|  |TAMS 0x0000000087700000, 0x0000000087600000| Complete 
| 119|0x0000000087700000, 0x0000000087800000, 0x0000000087800000|100%|HC|  |TAMS 0x0000000087800000, 0x0000000087700000| Complete 
| 120|0x0000000087800000, 0x0000000087900000, 0x0000000087900000|100%|HS|  |TAMS 0x0000000087900000, 0x0000000087800000| Complete 
| 121|0x0000000087900000, 0x0000000087a00000, 0x0000000087a00000|100%|HC|  |TAMS 0x0000000087a00000, 0x0000000087900000| Complete 
| 122|0x0000000087a00000, 0x0000000087b00000, 0x0000000087b00000|100%|HC|  |TAMS 0x0000000087b00000, 0x0000000087a00000| Complete 
| 123|0x0000000087b00000, 0x0000000087b00000, 0x0000000087c00000|  0%| F|  |TAMS 0x0000000087b00000, 0x0000000087b00000| Untracked 
| 124|0x0000000087c00000, 0x0000000087d00000, 0x0000000087d00000|100%| O|  |TAMS 0x0000000087d00000, 0x0000000087c00000| Updating 
| 125|0x0000000087d00000, 0x0000000087e00000, 0x0000000087e00000|100%| O|  |TAMS 0x0000000087e00000, 0x0000000087d00000| Updating 
| 126|0x0000000087e00000, 0x0000000087f00000, 0x0000000087f00000|100%| O|  |TAMS 0x0000000087f00000, 0x0000000087e00000| Updating 
| 127|0x0000000087f00000, 0x0000000088000000, 0x0000000088000000|100%| O|  |TAMS 0x0000000088000000, 0x0000000087f00000| Updating 
| 128|0x0000000088000000, 0x0000000088100000, 0x0000000088100000|100%| O|  |TAMS 0x0000000088100000, 0x0000000088000000| Updating 
| 129|0x0000000088100000, 0x0000000088200000, 0x0000000088200000|100%| O|  |TAMS 0x0000000088200000, 0x0000000088100000| Updating 
| 130|0x0000000088200000, 0x0000000088300000, 0x0000000088300000|100%| O|  |TAMS 0x0000000088300000, 0x0000000088200000| Updating 
| 131|0x0000000088300000, 0x0000000088400000, 0x0000000088400000|100%| O|  |TAMS 0x0000000088400000, 0x0000000088300000| Updating 
| 132|0x0000000088400000, 0x0000000088500000, 0x0000000088500000|100%| O|  |TAMS 0x0000000088500000, 0x0000000088400000| Updating 
| 133|0x0000000088500000, 0x0000000088600000, 0x0000000088600000|100%|HS|  |TAMS 0x0000000088600000, 0x0000000088500000| Complete 
| 134|0x0000000088600000, 0x0000000088700000, 0x0000000088700000|100%|HC|  |TAMS 0x0000000088700000, 0x0000000088600000| Complete 
| 135|0x0000000088700000, 0x0000000088800000, 0x0000000088800000|100%|HC|  |TAMS 0x0000000088800000, 0x0000000088700000| Complete 
| 136|0x0000000088800000, 0x0000000088900000, 0x0000000088900000|100%|HC|  |TAMS 0x0000000088900000, 0x0000000088800000| Complete 
| 137|0x0000000088900000, 0x0000000088a00000, 0x0000000088a00000|100%| O|  |TAMS 0x0000000088a00000, 0x0000000088900000| Updating 
| 138|0x0000000088a00000, 0x0000000088b00000, 0x0000000088b00000|100%| O|  |TAMS 0x0000000088b00000, 0x0000000088a00000| Updating 
| 139|0x0000000088b00000, 0x0000000088c00000, 0x0000000088c00000|100%|HS|  |TAMS 0x0000000088c00000, 0x0000000088b00000| Complete 
| 140|0x0000000088c00000, 0x0000000088d00000, 0x0000000088d00000|100%|HC|  |TAMS 0x0000000088d00000, 0x0000000088c00000| Complete 
| 141|0x0000000088d00000, 0x0000000088e00000, 0x0000000088e00000|100%|HC|  |TAMS 0x0000000088e00000, 0x0000000088d00000| Complete 
| 142|0x0000000088e00000, 0x0000000088f00000, 0x0000000088f00000|100%|HS|  |TAMS 0x0000000088f00000, 0x0000000088e00000| Complete 
| 143|0x0000000088f00000, 0x0000000089000000, 0x0000000089000000|100%|HC|  |TAMS 0x0000000089000000, 0x0000000088f00000| Complete 
| 144|0x0000000089000000, 0x0000000089100000, 0x0000000089100000|100%|HC|  |TAMS 0x0000000089100000, 0x0000000089000000| Complete 
| 145|0x0000000089100000, 0x0000000089200000, 0x0000000089200000|100%|HC|  |TAMS 0x0000000089200000, 0x0000000089100000| Complete 
| 146|0x0000000089200000, 0x0000000089300000, 0x0000000089300000|100%|HS|  |TAMS 0x0000000089300000, 0x0000000089200000| Complete 
| 147|0x0000000089300000, 0x0000000089400000, 0x0000000089400000|100%|HC|  |TAMS 0x0000000089400000, 0x0000000089300000| Complete 
| 148|0x0000000089400000, 0x0000000089500000, 0x0000000089500000|100%|HC|  |TAMS 0x0000000089500000, 0x0000000089400000| Complete 
| 149|0x0000000089500000, 0x0000000089600000, 0x0000000089600000|100%|HS|  |TAMS 0x0000000089600000, 0x0000000089500000| Complete 
| 150|0x0000000089600000, 0x0000000089700000, 0x0000000089700000|100%|HC|  |TAMS 0x0000000089700000, 0x0000000089600000| Complete 
| 151|0x0000000089700000, 0x0000000089800000, 0x0000000089800000|100%|HC|  |TAMS 0x0000000089800000, 0x0000000089700000| Complete 
| 152|0x0000000089800000, 0x0000000089900000, 0x0000000089900000|100%|HC|  |TAMS 0x0000000089900000, 0x0000000089800000| Complete 
| 153|0x0000000089900000, 0x0000000089a00000, 0x0000000089a00000|100%| O|  |TAMS 0x0000000089a00000, 0x0000000089900000| Updating 
| 154|0x0000000089a00000, 0x0000000089a00000, 0x0000000089b00000|  0%| F|  |TAMS 0x0000000089a00000, 0x0000000089a00000| Untracked 
| 155|0x0000000089b00000, 0x0000000089c00000, 0x0000000089c00000|100%| O|  |TAMS 0x0000000089c00000, 0x0000000089b00000| Updating 
| 156|0x0000000089c00000, 0x0000000089d00000, 0x0000000089d00000|100%| O|  |TAMS 0x0000000089d00000, 0x0000000089c00000| Updating 
| 157|0x0000000089d00000, 0x0000000089e00000, 0x0000000089e00000|100%| O|  |TAMS 0x0000000089e00000, 0x0000000089d00000| Updating 
| 158|0x0000000089e00000, 0x0000000089f00000, 0x0000000089f00000|100%| O|  |TAMS 0x0000000089f00000, 0x0000000089e00000| Updating 
| 159|0x0000000089f00000, 0x000000008a000000, 0x000000008a000000|100%| O|  |TAMS 0x000000008a000000, 0x0000000089f00000| Updating 
| 160|0x000000008a000000, 0x000000008a100000, 0x000000008a100000|100%| O|  |TAMS 0x000000008a100000, 0x000000008a000000| Updating 
| 161|0x000000008a100000, 0x000000008a200000, 0x000000008a200000|100%| O|  |TAMS 0x000000008a200000, 0x000000008a100000| Updating 
| 162|0x000000008a200000, 0x000000008a300000, 0x000000008a300000|100%| O|  |TAMS 0x000000008a300000, 0x000000008a200000| Updating 
| 163|0x000000008a300000, 0x000000008a400000, 0x000000008a400000|100%| O|  |TAMS 0x000000008a400000, 0x000000008a300000| Updating 
| 164|0x000000008a400000, 0x000000008a500000, 0x000000008a500000|100%| O|  |TAMS 0x000000008a500000, 0x000000008a400000| Updating 
| 165|0x000000008a500000, 0x000000008a600000, 0x000000008a600000|100%| O|  |TAMS 0x000000008a600000, 0x000000008a500000| Updating 
| 166|0x000000008a600000, 0x000000008a700000, 0x000000008a700000|100%| O|  |TAMS 0x000000008a700000, 0x000000008a600000| Updating 
| 167|0x000000008a700000, 0x000000008a800000, 0x000000008a800000|100%| O|  |TAMS 0x000000008a800000, 0x000000008a700000| Updating 
| 168|0x000000008a800000, 0x000000008a900000, 0x000000008a900000|100%| O|  |TAMS 0x000000008a900000, 0x000000008a800000| Updating 
| 169|0x000000008a900000, 0x000000008a9f1a00, 0x000000008aa00000| 94%| O|  |TAMS 0x000000008a9f1a00, 0x000000008a900000| Updating 
| 170|0x000000008aa00000, 0x000000008ab00000, 0x000000008ab00000|100%|HS|  |TAMS 0x000000008aa00000, 0x000000008aa00000| Complete 
| 171|0x000000008ab00000, 0x000000008ac00000, 0x000000008ac00000|100%|HC|  |TAMS 0x000000008ab00000, 0x000000008ab00000| Complete 
| 172|0x000000008ac00000, 0x000000008ac00000, 0x000000008ad00000|  0%| F|  |TAMS 0x000000008ac00000, 0x000000008ac00000| Untracked 
| 173|0x000000008ad00000, 0x000000008ad00000, 0x000000008ae00000|  0%| F|  |TAMS 0x000000008ad00000, 0x000000008ad00000| Untracked 
| 174|0x000000008ae00000, 0x000000008ae00000, 0x000000008af00000|  0%| F|  |TAMS 0x000000008ae00000, 0x000000008ae00000| Untracked 
| 175|0x000000008af00000, 0x000000008af00000, 0x000000008b000000|  0%| F|  |TAMS 0x000000008af00000, 0x000000008af00000| Untracked 
| 176|0x000000008b000000, 0x000000008b000000, 0x000000008b100000|  0%| F|  |TAMS 0x000000008b000000, 0x000000008b000000| Untracked 
| 177|0x000000008b100000, 0x000000008b100000, 0x000000008b200000|  0%| F|  |TAMS 0x000000008b100000, 0x000000008b100000| Untracked 
| 178|0x000000008b200000, 0x000000008b300000, 0x000000008b300000|100%| O|  |TAMS 0x000000008b300000, 0x000000008b200000| Updating 
| 179|0x000000008b300000, 0x000000008b400000, 0x000000008b400000|100%| O|  |TAMS 0x000000008b400000, 0x000000008b300000| Updating 
| 180|0x000000008b400000, 0x000000008b500000, 0x000000008b500000|100%| O|  |TAMS 0x000000008b500000, 0x000000008b400000| Updating 
| 181|0x000000008b500000, 0x000000008b600000, 0x000000008b600000|100%| O|  |TAMS 0x000000008b600000, 0x000000008b500000| Updating 
| 182|0x000000008b600000, 0x000000008b700000, 0x000000008b700000|100%| O|  |TAMS 0x000000008b700000, 0x000000008b600000| Updating 
| 183|0x000000008b700000, 0x000000008b800000, 0x000000008b800000|100%| O|  |TAMS 0x000000008b800000, 0x000000008b700000| Updating 
| 184|0x000000008b800000, 0x000000008b800000, 0x000000008b900000|  0%| F|  |TAMS 0x000000008b800000, 0x000000008b800000| Untracked 
| 185|0x000000008b900000, 0x000000008b900000, 0x000000008ba00000|  0%| F|  |TAMS 0x000000008b900000, 0x000000008b900000| Untracked 
| 186|0x000000008ba00000, 0x000000008bb00000, 0x000000008bb00000|100%| O|  |TAMS 0x000000008bb00000, 0x000000008ba00000| Updating 
| 187|0x000000008bb00000, 0x000000008bc00000, 0x000000008bc00000|100%| O|  |TAMS 0x000000008bc00000, 0x000000008bb00000| Updating 
| 188|0x000000008bc00000, 0x000000008bd00000, 0x000000008bd00000|100%| O|  |TAMS 0x000000008bd00000, 0x000000008bc00000| Updating 
| 189|0x000000008bd00000, 0x000000008be00000, 0x000000008be00000|100%| O|  |TAMS 0x000000008be00000, 0x000000008bd00000| Updating 
| 190|0x000000008be00000, 0x000000008bf00000, 0x000000008bf00000|100%| O|  |TAMS 0x000000008bf00000, 0x000000008be00000| Updating 
| 191|0x000000008bf00000, 0x000000008bf00000, 0x000000008c000000|  0%| F|  |TAMS 0x000000008bf00000, 0x000000008bf00000| Untracked 
| 192|0x000000008c000000, 0x000000008c100000, 0x000000008c100000|100%| O|  |TAMS 0x000000008c100000, 0x000000008c000000| Updating 
| 193|0x000000008c100000, 0x000000008c100000, 0x000000008c200000|  0%| F|  |TAMS 0x000000008c100000, 0x000000008c100000| Untracked 
| 194|0x000000008c200000, 0x000000008c300000, 0x000000008c300000|100%| O|  |TAMS 0x000000008c300000, 0x000000008c200000| Updating 
| 195|0x000000008c300000, 0x000000008c300000, 0x000000008c400000|  0%| F|  |TAMS 0x000000008c300000, 0x000000008c300000| Untracked 
| 196|0x000000008c400000, 0x000000008c400000, 0x000000008c500000|  0%| F|  |TAMS 0x000000008c400000, 0x000000008c400000| Untracked 
| 197|0x000000008c500000, 0x000000008c500000, 0x000000008c600000|  0%| F|  |TAMS 0x000000008c500000, 0x000000008c500000| Untracked 
| 198|0x000000008c600000, 0x000000008c600000, 0x000000008c700000|  0%| F|  |TAMS 0x000000008c600000, 0x000000008c600000| Untracked 
| 199|0x000000008c700000, 0x000000008c700000, 0x000000008c800000|  0%| F|  |TAMS 0x000000008c700000, 0x000000008c700000| Untracked 
| 200|0x000000008c800000, 0x000000008c800000, 0x000000008c900000|  0%| F|  |TAMS 0x000000008c800000, 0x000000008c800000| Untracked 
| 201|0x000000008c900000, 0x000000008c900000, 0x000000008ca00000|  0%| F|  |TAMS 0x000000008c900000, 0x000000008c900000| Untracked 
| 202|0x000000008ca00000, 0x000000008ca00000, 0x000000008cb00000|  0%| F|  |TAMS 0x000000008ca00000, 0x000000008ca00000| Untracked 
| 203|0x000000008cb00000, 0x000000008cb00000, 0x000000008cc00000|  0%| F|  |TAMS 0x000000008cb00000, 0x000000008cb00000| Untracked 
| 204|0x000000008cc00000, 0x000000008cc00000, 0x000000008cd00000|  0%| F|  |TAMS 0x000000008cc00000, 0x000000008cc00000| Untracked 
| 205|0x000000008cd00000, 0x000000008cd00000, 0x000000008ce00000|  0%| F|  |TAMS 0x000000008cd00000, 0x000000008cd00000| Untracked 
| 206|0x000000008ce00000, 0x000000008ce00000, 0x000000008cf00000|  0%| F|  |TAMS 0x000000008ce00000, 0x000000008ce00000| Untracked 
| 207|0x000000008cf00000, 0x000000008cf00000, 0x000000008d000000|  0%| F|  |TAMS 0x000000008cf00000, 0x000000008cf00000| Untracked 
| 208|0x000000008d000000, 0x000000008d000000, 0x000000008d100000|  0%| F|  |TAMS 0x000000008d000000, 0x000000008d000000| Untracked 
| 209|0x000000008d100000, 0x000000008d100000, 0x000000008d200000|  0%| F|  |TAMS 0x000000008d100000, 0x000000008d100000| Untracked 
| 210|0x000000008d200000, 0x000000008d200000, 0x000000008d300000|  0%| F|  |TAMS 0x000000008d200000, 0x000000008d200000| Untracked 
| 211|0x000000008d300000, 0x000000008d300000, 0x000000008d400000|  0%| F|  |TAMS 0x000000008d300000, 0x000000008d300000| Untracked 
| 212|0x000000008d400000, 0x000000008d400000, 0x000000008d500000|  0%| F|  |TAMS 0x000000008d400000, 0x000000008d400000| Untracked 
| 213|0x000000008d500000, 0x000000008d500000, 0x000000008d600000|  0%| F|  |TAMS 0x000000008d500000, 0x000000008d500000| Untracked 
| 214|0x000000008d600000, 0x000000008d600000, 0x000000008d700000|  0%| F|  |TAMS 0x000000008d600000, 0x000000008d600000| Untracked 
| 215|0x000000008d700000, 0x000000008d700000, 0x000000008d800000|  0%| F|  |TAMS 0x000000008d700000, 0x000000008d700000| Untracked 
| 216|0x000000008d800000, 0x000000008d800000, 0x000000008d900000|  0%| F|  |TAMS 0x000000008d800000, 0x000000008d800000| Untracked 
| 217|0x000000008d900000, 0x000000008d900000, 0x000000008da00000|  0%| F|  |TAMS 0x000000008d900000, 0x000000008d900000| Untracked 
| 218|0x000000008da00000, 0x000000008da00000, 0x000000008db00000|  0%| F|  |TAMS 0x000000008da00000, 0x000000008da00000| Untracked 
| 219|0x000000008db00000, 0x000000008db00000, 0x000000008dc00000|  0%| F|  |TAMS 0x000000008db00000, 0x000000008db00000| Untracked 
| 220|0x000000008dc00000, 0x000000008dc00000, 0x000000008dd00000|  0%| F|  |TAMS 0x000000008dc00000, 0x000000008dc00000| Untracked 
| 221|0x000000008dd00000, 0x000000008dd00000, 0x000000008de00000|  0%| F|  |TAMS 0x000000008dd00000, 0x000000008dd00000| Untracked 
| 222|0x000000008de00000, 0x000000008de00000, 0x000000008df00000|  0%| F|  |TAMS 0x000000008de00000, 0x000000008de00000| Untracked 
| 223|0x000000008df00000, 0x000000008df00000, 0x000000008e000000|  0%| F|  |TAMS 0x000000008df00000, 0x000000008df00000| Untracked 
| 224|0x000000008e000000, 0x000000008e000000, 0x000000008e100000|  0%| F|  |TAMS 0x000000008e000000, 0x000000008e000000| Untracked 
| 225|0x000000008e100000, 0x000000008e100000, 0x000000008e200000|  0%| F|  |TAMS 0x000000008e100000, 0x000000008e100000| Untracked 
| 226|0x000000008e200000, 0x000000008e200000, 0x000000008e300000|  0%| F|  |TAMS 0x000000008e200000, 0x000000008e200000| Untracked 
| 227|0x000000008e300000, 0x000000008e300000, 0x000000008e400000|  0%| F|  |TAMS 0x000000008e300000, 0x000000008e300000| Untracked 
| 228|0x000000008e400000, 0x000000008e400000, 0x000000008e500000|  0%| F|  |TAMS 0x000000008e400000, 0x000000008e400000| Untracked 
| 229|0x000000008e500000, 0x000000008e500000, 0x000000008e600000|  0%| F|  |TAMS 0x000000008e500000, 0x000000008e500000| Untracked 
| 230|0x000000008e600000, 0x000000008e600000, 0x000000008e700000|  0%| F|  |TAMS 0x000000008e600000, 0x000000008e600000| Untracked 
| 231|0x000000008e700000, 0x000000008e700000, 0x000000008e800000|  0%| F|  |TAMS 0x000000008e700000, 0x000000008e700000| Untracked 
| 232|0x000000008e800000, 0x000000008e800000, 0x000000008e900000|  0%| F|  |TAMS 0x000000008e800000, 0x000000008e800000| Untracked 
| 233|0x000000008e900000, 0x000000008e900000, 0x000000008ea00000|  0%| F|  |TAMS 0x000000008e900000, 0x000000008e900000| Untracked 
| 234|0x000000008ea00000, 0x000000008ea00000, 0x000000008eb00000|  0%| F|  |TAMS 0x000000008ea00000, 0x000000008ea00000| Untracked 
| 235|0x000000008eb00000, 0x000000008eb00000, 0x000000008ec00000|  0%| F|  |TAMS 0x000000008eb00000, 0x000000008eb00000| Untracked 
| 236|0x000000008ec00000, 0x000000008ec00000, 0x000000008ed00000|  0%| F|  |TAMS 0x000000008ec00000, 0x000000008ec00000| Untracked 
| 237|0x000000008ed00000, 0x000000008ed00000, 0x000000008ee00000|  0%| F|  |TAMS 0x000000008ed00000, 0x000000008ed00000| Untracked 
| 238|0x000000008ee00000, 0x000000008ee00000, 0x000000008ef00000|  0%| F|  |TAMS 0x000000008ee00000, 0x000000008ee00000| Untracked 
| 239|0x000000008ef00000, 0x000000008ef00000, 0x000000008f000000|  0%| F|  |TAMS 0x000000008ef00000, 0x000000008ef00000| Untracked 
| 240|0x000000008f000000, 0x000000008f000000, 0x000000008f100000|  0%| F|  |TAMS 0x000000008f000000, 0x000000008f000000| Untracked 
| 241|0x000000008f100000, 0x000000008f100000, 0x000000008f200000|  0%| F|  |TAMS 0x000000008f100000, 0x000000008f100000| Untracked 
| 242|0x000000008f200000, 0x000000008f200000, 0x000000008f300000|  0%| F|  |TAMS 0x000000008f200000, 0x000000008f200000| Untracked 
| 243|0x000000008f300000, 0x000000008f300000, 0x000000008f400000|  0%| F|  |TAMS 0x000000008f300000, 0x000000008f300000| Untracked 
| 244|0x000000008f400000, 0x000000008f400000, 0x000000008f500000|  0%| F|  |TAMS 0x000000008f400000, 0x000000008f400000| Untracked 
| 245|0x000000008f500000, 0x000000008f500000, 0x000000008f600000|  0%| F|  |TAMS 0x000000008f500000, 0x000000008f500000| Untracked 
| 246|0x000000008f600000, 0x000000008f600000, 0x000000008f700000|  0%| F|  |TAMS 0x000000008f600000, 0x000000008f600000| Untracked 
| 247|0x000000008f700000, 0x000000008f700000, 0x000000008f800000|  0%| F|  |TAMS 0x000000008f700000, 0x000000008f700000| Untracked 
| 248|0x000000008f800000, 0x000000008f800000, 0x000000008f900000|  0%| F|  |TAMS 0x000000008f800000, 0x000000008f800000| Untracked 
| 249|0x000000008f900000, 0x000000008f900000, 0x000000008fa00000|  0%| F|  |TAMS 0x000000008f900000, 0x000000008f900000| Untracked 
| 250|0x000000008fa00000, 0x000000008fa00000, 0x000000008fb00000|  0%| F|  |TAMS 0x000000008fa00000, 0x000000008fa00000| Untracked 
| 251|0x000000008fb00000, 0x000000008fb00000, 0x000000008fc00000|  0%| F|  |TAMS 0x000000008fb00000, 0x000000008fb00000| Untracked 
| 252|0x000000008fc00000, 0x000000008fc00000, 0x000000008fd00000|  0%| F|  |TAMS 0x000000008fc00000, 0x000000008fc00000| Untracked 
| 253|0x000000008fd00000, 0x000000008fd00000, 0x000000008fe00000|  0%| F|  |TAMS 0x000000008fd00000, 0x000000008fd00000| Untracked 
| 254|0x000000008fe00000, 0x000000008fe00000, 0x000000008ff00000|  0%| F|  |TAMS 0x000000008fe00000, 0x000000008fe00000| Untracked 
| 255|0x000000008ff00000, 0x000000008ff00000, 0x0000000090000000|  0%| F|  |TAMS 0x000000008ff00000, 0x000000008ff00000| Untracked 
| 256|0x0000000090000000, 0x0000000090000000, 0x0000000090100000|  0%| F|  |TAMS 0x0000000090000000, 0x0000000090000000| Untracked 
| 257|0x0000000090100000, 0x0000000090100000, 0x0000000090200000|  0%| F|  |TAMS 0x0000000090100000, 0x0000000090100000| Untracked 
| 258|0x0000000090200000, 0x0000000090201cd8, 0x0000000090300000|  0%| E|  |TAMS 0x0000000090200000, 0x0000000090200000| Complete 
| 259|0x0000000090300000, 0x0000000090400000, 0x0000000090400000|100%| E|CS|TAMS 0x0000000090300000, 0x0000000090300000| Complete 
| 260|0x0000000090400000, 0x0000000090500000, 0x0000000090500000|100%| E|CS|TAMS 0x0000000090400000, 0x0000000090400000| Complete 
| 261|0x0000000090500000, 0x0000000090600000, 0x0000000090600000|100%| S|CS|TAMS 0x0000000090500000, 0x0000000090500000| Complete 
| 262|0x0000000090600000, 0x0000000090700000, 0x0000000090700000|100%| S|CS|TAMS 0x0000000090600000, 0x0000000090600000| Complete 
| 263|0x0000000090700000, 0x0000000090800000, 0x0000000090800000|100%| E|CS|TAMS 0x0000000090700000, 0x0000000090700000| Complete 
| 264|0x0000000090800000, 0x0000000090900000, 0x0000000090900000|100%| E|CS|TAMS 0x0000000090800000, 0x0000000090800000| Complete 
| 265|0x0000000090900000, 0x0000000090a00000, 0x0000000090a00000|100%| E|CS|TAMS 0x0000000090900000, 0x0000000090900000| Complete 
| 266|0x0000000090a00000, 0x0000000090b00000, 0x0000000090b00000|100%| E|CS|TAMS 0x0000000090a00000, 0x0000000090a00000| Complete 

Card table byte_map: [0x000001fc2cfd0000,0x000001fc2d3d0000] _byte_map_base: 0x000001fc2cbd0000

Marking Bits (Prev, Next): (CMBitMap*) 0x000001fc1a0fb678, (CMBitMap*) 0x000001fc1a0fb6b0
 Prev Bits: [0x000001fc2d7d0000, 0x000001fc2f7d0000)
 Next Bits: [0x000001fc2f7d0000, 0x000001fc317d0000)

Polling page: 0x000001fc18000000

Metaspace:

Usage:
  Non-class:    131.09 MB capacity,   128.07 MB ( 98%) used,     2.48 MB (  2%) free+waste,   556.81 KB ( <1%) overhead. 
      Class:     19.47 MB capacity,    17.74 MB ( 91%) used,     1.49 MB (  8%) free+waste,   243.69 KB (  1%) overhead. 
       Both:    150.56 MB capacity,   145.81 MB ( 97%) used,     3.97 MB (  3%) free+waste,   800.50 KB ( <1%) overhead. 

Virtual space:
  Non-class space:      132.00 MB reserved,     131.38 MB (>99%) committed 
      Class space:        1.00 GB reserved,      19.50 MB (  2%) committed 
             Both:        1.13 GB reserved,     150.88 MB ( 13%) committed 

Chunk freelists:
   Non-Class:  61.00 KB
       Class:  31.00 KB
        Both:  92.00 KB

MaxMetaspaceSize: 17179869184.00 GB
CompressedClassSpaceSize: 1.00 GB
Initial GC threshold: 20.80 MB
Current GC threshold: 251.46 MB
CDS: off

CodeHeap 'non-profiled nmethods': size=120064Kb used=20085Kb max_used=20470Kb free=99978Kb
 bounds [0x000001fc25690000, 0x000001fc26a90000, 0x000001fc2cbd0000]
CodeHeap 'profiled nmethods': size=120000Kb used=55795Kb max_used=57750Kb free=64204Kb
 bounds [0x000001fc1e160000, 0x000001fc219d0000, 0x000001fc25690000]
CodeHeap 'non-nmethods': size=5696Kb used=2529Kb max_used=2597Kb free=3166Kb
 bounds [0x000001fc1dbd0000, 0x000001fc1de80000, 0x000001fc1e160000]
 total_blobs=25808 nmethods=24742 adapters=976
 compilation: enabled
              stopped_count=0, restarted_count=0
 full_count=0

Compilation events (20 events):
Event: 2412.286 Thread 0x000001fc33cdc000 nmethod 29399 0x000001fc1e4f6790 code [0x000001fc1e4f69c0, 0x000001fc1e4f7318]
Event: 2412.309 Thread 0x000001fc375f1800 29400       4       org.apache.xerces.dom.ElementNSImpl::getNamespaceURI (16 bytes)
Event: 2412.310 Thread 0x000001fc375f1800 nmethod 29400 0x000001fc26235990 code [0x000001fc26235b20, 0x000001fc26235bb8]
Event: 2412.337 Thread 0x000001fc33cdc000 29402       3       java.io.FileOutputStream$1::close (11 bytes)
Event: 2412.337 Thread 0x000001fc33cdc000 nmethod 29402 0x000001fc1f49fa10 code [0x000001fc1f49fc00, 0x000001fc1f4a0258]
Event: 2412.346 Thread 0x000001fc375f1800 29403       4       java.util.Hashtable$Enumerator::<init> (51 bytes)
Event: 2412.351 Thread 0x000001fc375f1800 nmethod 29403 0x000001fc2619d890 code [0x000001fc2619da20, 0x000001fc2619dc98]
Event: 2412.358 Thread 0x000001fc375f1800 29404       4       org.apache.xerces.dom.ParentNode::internalRemoveChild (319 bytes)
Event: 2412.368 Thread 0x000001fc33cdc000 29409       1       java.nio.charset.CharsetEncoder::charset (5 bytes)
Event: 2412.368 Thread 0x000001fc33cdc000 nmethod 29409 0x000001fc25cc9910 code [0x000001fc25cc9ac0, 0x000001fc25cc9b78]
Event: 2412.391 Thread 0x000001fc375f1800 nmethod 29404 0x000001fc25b8a310 code [0x000001fc25b8a500, 0x000001fc25b8b1b8]
Event: 2412.391 Thread 0x000001fc375f1800 29408       4       org.apache.xerces.dom.ParentNode::setOwnerDocument (44 bytes)
Event: 2412.396 Thread 0x000001fc375f1800 nmethod 29408 0x000001fc259c6c10 code [0x000001fc259c6da0, 0x000001fc259c7078]
Event: 2412.396 Thread 0x000001fc375f1800 29406       4       org.apache.xerces.dom.ChildNode::getParentNode (16 bytes)
Event: 2412.397 Thread 0x000001fc375f1800 nmethod 29406 0x000001fc25e10690 code [0x000001fc25e10820, 0x000001fc25e108b8]
Event: 2412.397 Thread 0x000001fc375f1800 29407       4       org.apache.xerces.dom.ElementImpl::setOwnerDocument (21 bytes)
Event: 2412.410 Thread 0x000001fc33cdc000 29410       3       org.apache.xerces.dom.ElementImpl::getNodeName (16 bytes)
Event: 2412.410 Thread 0x000001fc33cdc000 nmethod 29410 0x000001fc1f18c510 code [0x000001fc1f18c6e0, 0x000001fc1f18c9a8]
Event: 2412.410 Thread 0x000001fc33cdc000 29411   !   3       org.apache.xerces.dom.CoreDocumentImpl::adoptNode (537 bytes)
Event: 2412.415 Thread 0x000001fc33cdc000 nmethod 29411 0x000001fc2085ce90 code [0x000001fc2085d500, 0x000001fc20861938]

GC Heap History (20 events):
Event: 2369.359 GC heap before
{Heap before GC invocations=128 (full 0):
 garbage-first heap   total 273408K, used 212912K [0x0000000080000000, 0x0000000100000000)
  region size 1024K, 42 young (43008K), 2 survivors (2048K)
 Metaspace       used 148455K, capacity 153226K, committed 153728K, reserved 1183744K
  class space    used 18120K, capacity 19802K, committed 19968K, reserved 1048576K
}
Event: 2369.387 GC heap after
{Heap after GC invocations=129 (full 0):
 garbage-first heap   total 273408K, used 179199K [0x0000000080000000, 0x0000000100000000)
  region size 1024K, 6 young (6144K), 6 survivors (6144K)
 Metaspace       used 148455K, capacity 153226K, committed 153728K, reserved 1183744K
  class space    used 18120K, capacity 19802K, committed 19968K, reserved 1048576K
}
Event: 2374.172 GC heap before
{Heap before GC invocations=130 (full 0):
 garbage-first heap   total 273408K, used 217087K [0x0000000080000000, 0x0000000100000000)
  region size 1024K, 45 young (46080K), 6 survivors (6144K)
 Metaspace       used 148481K, capacity 153228K, committed 153728K, reserved 1183744K
  class space    used 18120K, capacity 19802K, committed 19968K, reserved 1048576K
}
Event: 2374.187 GC heap after
{Heap after GC invocations=131 (full 0):
 garbage-first heap   total 273408K, used 178257K [0x0000000080000000, 0x0000000100000000)
  region size 1024K, 2 young (2048K), 2 survivors (2048K)
 Metaspace       used 148481K, capacity 153228K, committed 153728K, reserved 1183744K
  class space    used 18120K, capacity 19802K, committed 19968K, reserved 1048576K
}
Event: 2374.252 GC heap before
{Heap before GC invocations=131 (full 0):
 garbage-first heap   total 273408K, used 190545K [0x0000000080000000, 0x0000000100000000)
  region size 1024K, 13 young (13312K), 2 survivors (2048K)
 Metaspace       used 148496K, capacity 153292K, committed 153728K, reserved 1183744K
  class space    used 18120K, capacity 19802K, committed 19968K, reserved 1048576K
}
Event: 2374.278 GC heap after
{Heap after GC invocations=132 (full 0):
 garbage-first heap   total 273408K, used 174584K [0x0000000080000000, 0x0000000100000000)
  region size 1024K, 2 young (2048K), 2 survivors (2048K)
 Metaspace       used 148496K, capacity 153292K, committed 153728K, reserved 1183744K
  class space    used 18120K, capacity 19802K, committed 19968K, reserved 1048576K
}
Event: 2374.496 GC heap before
{Heap before GC invocations=132 (full 0):
 garbage-first heap   total 273408K, used 216568K [0x0000000080000000, 0x0000000100000000)
  region size 1024K, 45 young (46080K), 2 survivors (2048K)
 Metaspace       used 148499K, capacity 153292K, committed 153728K, reserved 1183744K
  class space    used 18120K, capacity 19802K, committed 19968K, reserved 1048576K
}
Event: 2374.520 GC heap after
{Heap after GC invocations=133 (full 0):
 garbage-first heap   total 273408K, used 179594K [0x0000000080000000, 0x0000000100000000)
  region size 1024K, 6 young (6144K), 6 survivors (6144K)
 Metaspace       used 148499K, capacity 153292K, committed 153728K, reserved 1183744K
  class space    used 18120K, capacity 19802K, committed 19968K, reserved 1048576K
}
Event: 2406.161 GC heap before
{Heap before GC invocations=134 (full 0):
 garbage-first heap   total 273408K, used 228746K [0x0000000080000000, 0x0000000100000000)
  region size 1024K, 47 young (48128K), 6 survivors (6144K)
 Metaspace       used 148563K, capacity 153318K, committed 153728K, reserved 1183744K
  class space    used 18122K, capacity 19807K, committed 19968K, reserved 1048576K
}
Event: 2406.172 GC heap after
{Heap after GC invocations=135 (full 0):
 garbage-first heap   total 273408K, used 173816K [0x0000000080000000, 0x0000000100000000)
  region size 1024K, 2 young (2048K), 2 survivors (2048K)
 Metaspace       used 148563K, capacity 153318K, committed 153728K, reserved 1183744K
  class space    used 18122K, capacity 19807K, committed 19968K, reserved 1048576K
}
Event: 2406.278 GC heap before
{Heap before GC invocations=135 (full 0):
 garbage-first heap   total 273408K, used 184056K [0x0000000080000000, 0x0000000100000000)
  region size 1024K, 13 young (13312K), 2 survivors (2048K)
 Metaspace       used 148563K, capacity 153318K, committed 153728K, reserved 1183744K
  class space    used 18122K, capacity 19807K, committed 19968K, reserved 1048576K
}
Event: 2406.297 GC heap after
{Heap after GC invocations=136 (full 0):
 garbage-first heap   total 273408K, used 158972K [0x0000000080000000, 0x0000000100000000)
  region size 1024K, 1 young (1024K), 1 survivors (1024K)
 Metaspace       used 148563K, capacity 153318K, committed 153728K, reserved 1183744K
  class space    used 18122K, capacity 19807K, committed 19968K, reserved 1048576K
}
Event: 2408.152 GC heap before
{Heap before GC invocations=136 (full 0):
 garbage-first heap   total 273408K, used 211196K [0x0000000080000000, 0x0000000100000000)
  region size 1024K, 53 young (54272K), 1 survivors (1024K)
 Metaspace       used 148952K, capacity 153797K, committed 153984K, reserved 1183744K
  class space    used 18151K, capacity 19916K, committed 19968K, reserved 1048576K
}
Event: 2408.178 GC heap after
{Heap after GC invocations=137 (full 0):
 garbage-first heap   total 273408K, used 166320K [0x0000000080000000, 0x0000000100000000)
  region size 1024K, 7 young (7168K), 7 survivors (7168K)
 Metaspace       used 148952K, capacity 153797K, committed 153984K, reserved 1183744K
  class space    used 18151K, capacity 19916K, committed 19968K, reserved 1048576K
}
Event: 2411.537 GC heap before
{Heap before GC invocations=138 (full 0):
 garbage-first heap   total 273408K, used 217520K [0x0000000080000000, 0x0000000100000000)
  region size 1024K, 56 young (57344K), 7 survivors (7168K)
 Metaspace       used 149127K, capacity 153992K, committed 154240K, reserved 1183744K
  class space    used 18151K, capacity 19917K, committed 19968K, reserved 1048576K
}
Event: 2411.577 GC heap after
{Heap after GC invocations=139 (full 0):
 garbage-first heap   total 273408K, used 183094K [0x0000000080000000, 0x0000000100000000)
  region size 1024K, 7 young (7168K), 7 survivors (7168K)
 Metaspace       used 149127K, capacity 153992K, committed 154240K, reserved 1183744K
  class space    used 18151K, capacity 19917K, committed 19968K, reserved 1048576K
}
Event: 2411.677 GC heap before
{Heap before GC invocations=139 (full 0):
 garbage-first heap   total 273408K, used 189238K [0x0000000080000000, 0x0000000100000000)
  region size 1024K, 13 young (13312K), 7 survivors (7168K)
 Metaspace       used 149280K, capacity 154176K, committed 154496K, reserved 1183744K
  class space    used 18168K, capacity 19937K, committed 19968K, reserved 1048576K
}
Event: 2411.719 GC heap after
{Heap after GC invocations=140 (full 0):
 garbage-first heap   total 273408K, used 173675K [0x0000000080000000, 0x0000000100000000)
  region size 1024K, 2 young (2048K), 2 survivors (2048K)
 Metaspace       used 149280K, capacity 154176K, committed 154496K, reserved 1183744K
  class space    used 18168K, capacity 19937K, committed 19968K, reserved 1048576K
}
Event: 2411.965 GC heap before
{Heap before GC invocations=140 (full 0):
 garbage-first heap   total 273408K, used 176747K [0x0000000080000000, 0x0000000100000000)
  region size 1024K, 6 young (6144K), 2 survivors (2048K)
 Metaspace       used 149308K, capacity 154176K, committed 154496K, reserved 1183744K
  class space    used 18170K, capacity 19937K, committed 19968K, reserved 1048576K
}
Event: 2411.977 GC heap after
{Heap after GC invocations=141 (full 0):
 garbage-first heap   total 273408K, used 174022K [0x0000000080000000, 0x0000000100000000)
  region size 1024K, 2 young (2048K), 2 survivors (2048K)
 Metaspace       used 149308K, capacity 154176K, committed 154496K, reserved 1183744K
  class space    used 18170K, capacity 19937K, committed 19968K, reserved 1048576K
}

Deoptimization events (20 events):
Event: 2412.049 Thread 0x000001fc382f5800 Uncommon trap: trap_request=0xffffff4d fr.pc=0x000001fc26951a70 relative=0x0000000000000150
Event: 2412.049 Thread 0x000001fc382f5800 Uncommon trap: reason=unstable_if action=reinterpret pc=0x000001fc26951a70 method=java.lang.StringUTF16.lastIndexOf([BII)I @ 27 c2
Event: 2412.049 Thread 0x000001fc382f5800 DEOPT PACKING pc=0x000001fc26951a70 sp=0x000000a28edf6df0
Event: 2412.049 Thread 0x000001fc382f5800 DEOPT UNPACKING pc=0x000001fc1dc1a1af sp=0x000000a28edf6d88 mode 2
Event: 2412.071 Thread 0x000001fc382f5800 Uncommon trap: trap_request=0xffffffde fr.pc=0x000001fc26377624 relative=0x00000000000001c4
Event: 2412.071 Thread 0x000001fc382f5800 Uncommon trap: reason=class_check action=maybe_recompile pc=0x000001fc26377624 method=org.apache.xerces.dom.NodeImpl.getUserData(Ljava/lang/String;)Ljava/lang/Object; @ 1 c2
Event: 2412.071 Thread 0x000001fc382f5800 DEOPT PACKING pc=0x000001fc26377624 sp=0x000000a28edf7130
Event: 2412.071 Thread 0x000001fc382f5800 DEOPT UNPACKING pc=0x000001fc1dc1a1af sp=0x000000a28edf70f0 mode 2
Event: 2412.072 Thread 0x000001fc382f5800 Uncommon trap: trap_request=0xffffffde fr.pc=0x000001fc26377624 relative=0x00000000000001c4
Event: 2412.072 Thread 0x000001fc382f5800 Uncommon trap: reason=class_check action=maybe_recompile pc=0x000001fc26377624 method=org.apache.xerces.dom.NodeImpl.getUserData(Ljava/lang/String;)Ljava/lang/Object; @ 1 c2
Event: 2412.072 Thread 0x000001fc382f5800 DEOPT PACKING pc=0x000001fc26377624 sp=0x000000a28edf6e90
Event: 2412.072 Thread 0x000001fc382f5800 DEOPT UNPACKING pc=0x000001fc1dc1a1af sp=0x000000a28edf6e50 mode 2
Event: 2412.215 Thread 0x000001fc382f5800 Uncommon trap: trap_request=0xffffffde fr.pc=0x000001fc26377624 relative=0x00000000000001c4
Event: 2412.215 Thread 0x000001fc382f5800 Uncommon trap: reason=class_check action=maybe_recompile pc=0x000001fc26377624 method=org.apache.xerces.dom.NodeImpl.getUserData(Ljava/lang/String;)Ljava/lang/Object; @ 1 c2
Event: 2412.215 Thread 0x000001fc382f5800 DEOPT PACKING pc=0x000001fc26377624 sp=0x000000a28edf6fb0
Event: 2412.215 Thread 0x000001fc382f5800 DEOPT UNPACKING pc=0x000001fc1dc1a1af sp=0x000000a28edf6f70 mode 2
Event: 2412.215 Thread 0x000001fc382f5800 Uncommon trap: trap_request=0xffffffde fr.pc=0x000001fc26377624 relative=0x00000000000001c4
Event: 2412.215 Thread 0x000001fc382f5800 Uncommon trap: reason=class_check action=maybe_recompile pc=0x000001fc26377624 method=org.apache.xerces.dom.NodeImpl.getUserData(Ljava/lang/String;)Ljava/lang/Object; @ 1 c2
Event: 2412.215 Thread 0x000001fc382f5800 DEOPT PACKING pc=0x000001fc26377624 sp=0x000000a28edf6d10
Event: 2412.215 Thread 0x000001fc382f5800 DEOPT UNPACKING pc=0x000001fc1dc1a1af sp=0x000000a28edf6cd0 mode 2

Classes redefined (0 events):
No events

Internal exceptions (20 events):
Event: 2406.552 Thread 0x000001fc382f5800 Exception <a 'sun/nio/fs/WindowsException'{0x000000008f8db0f0}> (0x000000008f8db0f0) thrown at [./src/hotspot/share/prims/jni.cpp, line 615]
Event: 2406.626 Thread 0x000001fc382f5800 Exception <a 'sun/nio/fs/WindowsException'{0x000000008f2a1970}> (0x000000008f2a1970) thrown at [./src/hotspot/share/prims/jni.cpp, line 615]
Event: 2407.462 Thread 0x000001fc3e5a0800 Exception <a 'java/lang/NoSuchMethodError'{0x000000008e7302f8}: <clinit>> (0x000000008e7302f8) thrown at [./src/hotspot/share/prims/jni.cpp, line 1365]
Event: 2411.586 Thread 0x000001fc382f5800 Implicit null exception at 0x000001fc26942d58 to 0x000001fc26944ec0
Event: 2411.610 Thread 0x000001fc382f5800 Exception <a 'java/lang/NoSuchMethodError'{0x0000000090762f68}: <clinit>> (0x0000000090762f68) thrown at [./src/hotspot/share/prims/jni.cpp, line 1365]
Event: 2411.612 Thread 0x000001fc382f5800 Exception <a 'java/lang/NoSuchMethodError'{0x00000000907786d0}: <clinit>> (0x00000000907786d0) thrown at [./src/hotspot/share/prims/jni.cpp, line 1365]
Event: 2411.628 Thread 0x000001fc382f5800 Exception <a 'java/lang/NoSuchMethodError'{0x0000000090602620}: <clinit>> (0x0000000090602620) thrown at [./src/hotspot/share/prims/jni.cpp, line 1365]
Event: 2411.629 Thread 0x000001fc382f5800 Exception <a 'java/lang/NoSuchMethodError'{0x00000000906059e0}: <clinit>> (0x00000000906059e0) thrown at [./src/hotspot/share/prims/jni.cpp, line 1365]
Event: 2411.629 Thread 0x000001fc382f5800 Exception <a 'java/lang/NoSuchMethodError'{0x000000009060abb8}: <clinit>> (0x000000009060abb8) thrown at [./src/hotspot/share/prims/jni.cpp, line 1365]
Event: 2411.629 Thread 0x000001fc382f5800 Exception <a 'java/lang/NoSuchMethodError'{0x0000000090616dc0}: <clinit>> (0x0000000090616dc0) thrown at [./src/hotspot/share/prims/jni.cpp, line 1365]
Event: 2411.637 Thread 0x000001fc382f5800 Exception <a 'java/lang/NoSuchMethodError'{0x000000009067e998}: <clinit>> (0x000000009067e998) thrown at [./src/hotspot/share/prims/jni.cpp, line 1365]
Event: 2411.645 Thread 0x000001fc382f5800 Exception <a 'java/lang/NoSuchMethodError'{0x00000000906c7670}: <clinit>> (0x00000000906c7670) thrown at [./src/hotspot/share/prims/jni.cpp, line 1365]
Event: 2411.646 Thread 0x000001fc382f5800 Exception <a 'java/lang/NoSuchMethodError'{0x00000000906cb8c8}: <clinit>> (0x00000000906cb8c8) thrown at [./src/hotspot/share/prims/jni.cpp, line 1365]
Event: 2411.646 Thread 0x000001fc382f5800 Exception <a 'java/lang/NoSuchMethodError'{0x00000000906cefd8}: <clinit>> (0x00000000906cefd8) thrown at [./src/hotspot/share/prims/jni.cpp, line 1365]
Event: 2411.647 Thread 0x000001fc382f5800 Exception <a 'java/lang/NoSuchMethodError'{0x00000000906f0780}: <clinit>> (0x00000000906f0780) thrown at [./src/hotspot/share/prims/jni.cpp, line 1365]
Event: 2411.649 Thread 0x000001fc382f5800 Exception <a 'java/lang/NoSuchMethodError'{0x00000000905116b0}: <clinit>> (0x00000000905116b0) thrown at [./src/hotspot/share/prims/jni.cpp, line 1365]
Event: 2411.651 Thread 0x000001fc382f5800 Exception <a 'java/lang/NoSuchMethodError'{0x000000009052e5f0}: <clinit>> (0x000000009052e5f0) thrown at [./src/hotspot/share/prims/jni.cpp, line 1365]
Event: 2411.655 Thread 0x000001fc382f5800 Exception <a 'java/lang/NoSuchMethodError'{0x000000009055bf38}: <clinit>> (0x000000009055bf38) thrown at [./src/hotspot/share/prims/jni.cpp, line 1365]
Event: 2411.664 Thread 0x000001fc382f5800 Exception <a 'java/lang/NoSuchMethodError'{0x000000009058bff0}: <clinit>> (0x000000009058bff0) thrown at [./src/hotspot/share/prims/jni.cpp, line 1365]
Event: 2411.665 Thread 0x000001fc382f5800 Exception <a 'java/lang/NoSuchMethodError'{0x00000000905a57e8}: <clinit>> (0x00000000905a57e8) thrown at [./src/hotspot/share/prims/jni.cpp, line 1365]

Events (20 events):
Event: 2411.601 loading class com/android/build/gradle/internal/tasks/Workers$WorkerExecutorAdapter$submit$1
Event: 2411.601 loading class com/android/build/gradle/internal/tasks/Workers$WorkerExecutorAdapter$submit$1 done
Event: 2411.603 loading class com/android/build/gradle/internal/tasks/Workers$RunnableWrapperParams
Event: 2411.603 loading class com/android/build/gradle/internal/tasks/Workers$RunnableWrapperParams done
Event: 2411.614 loading class com/android/ide/common/util/PathString
Event: 2411.614 loading class com/android/ide/common/util/PathString done
Event: 2411.617 loading class com/android/ide/common/rendering/api/ResourceReference
Event: 2411.617 loading class com/android/ide/common/rendering/api/ResourceReference done
Event: 2411.653 loading class com/android/ide/common/rendering/api/ResourceNamespace$1
Event: 2411.653 loading class com/android/ide/common/rendering/api/ResourceNamespace$1 done
Event: 2411.665 loading class com/android/build/gradle/internal/LoggerWrapper$1
Event: 2411.665 loading class com/android/build/gradle/internal/LoggerWrapper$1 done
Event: 2411.667 Thread 0x000001fc375f5800 Thread added: 0x000001fc375f5800
Event: 2411.671 Executing VM operation: G1CollectForAllocation
Event: 2411.719 Executing VM operation: G1CollectForAllocation done
Event: 2411.735 Executing VM operation: RevokeBias
Event: 2411.736 Executing VM operation: RevokeBias done
Event: 2411.811 Thread 0x000001fc375f1800 Thread added: 0x000001fc375f1800
Event: 2411.964 Executing VM operation: G1CollectForAllocation
Event: 2411.977 Executing VM operation: G1CollectForAllocation done


Dynamic libraries:
0x00007ff6ed400000 - 0x00007ff6ed40a000 	F:\AndroidStudio\jre\bin\java.exe
0x00007fffde730000 - 0x00007fffde928000 	C:\WINDOWS\SYSTEM32\ntdll.dll
0x00007fffdd1b0000 - 0x00007fffdd26d000 	C:\WINDOWS\System32\KERNEL32.DLL
0x00007fffdbef0000 - 0x00007fffdc1be000 	C:\WINDOWS\System32\KERNELBASE.dll
0x00007fffdc1c0000 - 0x00007fffdc2c0000 	C:\WINDOWS\System32\ucrtbase.dll
0x00007fffb7370000 - 0x00007fffb7389000 	F:\AndroidStudio\jre\bin\jli.dll
0x00007fffdceb0000 - 0x00007fffdd050000 	C:\WINDOWS\System32\USER32.dll
0x00007fffdc4b0000 - 0x00007fffdc4d2000 	C:\WINDOWS\System32\win32u.dll
0x00007fffde300000 - 0x00007fffde32a000 	C:\WINDOWS\System32\GDI32.dll
0x00007fffc32f0000 - 0x00007fffc358a000 	C:\WINDOWS\WinSxS\amd64_microsoft.windows.common-controls_6595b64144ccf1df_6.0.19041.1110_none_60b5254171f9507e\COMCTL32.dll
0x00007fffdc4e0000 - 0x00007fffdc5eb000 	C:\WINDOWS\System32\gdi32full.dll
0x00007fffdbe50000 - 0x00007fffdbeed000 	C:\WINDOWS\System32\msvcp_win.dll
0x00007fffdcce0000 - 0x00007fffdcd7e000 	C:\WINDOWS\System32\msvcrt.dll
0x00007fffb70a0000 - 0x00007fffb70b7000 	F:\AndroidStudio\jre\bin\VCRUNTIME140.dll
0x00007fffde330000 - 0x00007fffde360000 	C:\WINDOWS\System32\IMM32.DLL
0x00007fff89bf0000 - 0x00007fff89c8d000 	F:\AndroidStudio\jre\bin\msvcp140.dll
0x00007fff74f40000 - 0x00007fff75a25000 	F:\AndroidStudio\jre\bin\server\jvm.dll
0x00007fffdc8c0000 - 0x00007fffdc96e000 	C:\WINDOWS\System32\ADVAPI32.dll
0x00007fffdd970000 - 0x00007fffdda0c000 	C:\WINDOWS\System32\sechost.dll
0x00007fffdc790000 - 0x00007fffdc8b5000 	C:\WINDOWS\System32\RPCRT4.dll
0x00007fffde680000 - 0x00007fffde688000 	C:\WINDOWS\System32\PSAPI.DLL
0x00007fffc5be0000 - 0x00007fffc5c07000 	C:\WINDOWS\SYSTEM32\WINMM.dll
0x00007fffd2800000 - 0x00007fffd280a000 	C:\WINDOWS\SYSTEM32\VERSION.dll
0x00007fffc28e0000 - 0x00007fffc28e9000 	C:\WINDOWS\SYSTEM32\WSOCK32.dll
0x00007fffde290000 - 0x00007fffde2fb000 	C:\WINDOWS\System32\WS2_32.dll
0x00007fffda6d0000 - 0x00007fffda6e2000 	C:\WINDOWS\SYSTEM32\kernel.appcore.dll
0x00007fffd4ac0000 - 0x00007fffd4ad1000 	F:\AndroidStudio\jre\bin\verify.dll
0x00007fffd9c40000 - 0x00007fffd9e24000 	C:\WINDOWS\SYSTEM32\DBGHELP.DLL
0x00007fffca720000 - 0x00007fffca74c000 	C:\WINDOWS\SYSTEM32\dbgcore.DLL
0x00007fffdc2c0000 - 0x00007fffdc342000 	C:\WINDOWS\System32\bcryptPrimitives.dll
0x00007fffb3b50000 - 0x00007fffb3b79000 	F:\AndroidStudio\jre\bin\java.dll
0x00007fffd4ab0000 - 0x00007fffd4abb000 	F:\AndroidStudio\jre\bin\jimage.dll
0x00007fffb3a10000 - 0x00007fffb3a28000 	F:\AndroidStudio\jre\bin\zip.dll
0x00007fffddae0000 - 0x00007fffde223000 	C:\WINDOWS\System32\SHELL32.dll
0x00007fffd9e30000 - 0x00007fffda5c5000 	C:\WINDOWS\SYSTEM32\windows.storage.dll
0x00007fffdc980000 - 0x00007fffdccd4000 	C:\WINDOWS\System32\combase.dll
0x00007fffdb7e0000 - 0x00007fffdb810000 	C:\WINDOWS\SYSTEM32\Wldp.dll
0x00007fffdd050000 - 0x00007fffdd0fd000 	C:\WINDOWS\System32\SHCORE.dll
0x00007fffde580000 - 0x00007fffde5d5000 	C:\WINDOWS\System32\shlwapi.dll
0x00007fffdbd90000 - 0x00007fffdbdaf000 	C:\WINDOWS\SYSTEM32\profapi.dll
0x00007fffb3700000 - 0x00007fffb371a000 	F:\AndroidStudio\jre\bin\net.dll
0x00007fffca320000 - 0x00007fffca42a000 	C:\WINDOWS\SYSTEM32\WINHTTP.dll
0x00007fffdb540000 - 0x00007fffdb5aa000 	C:\WINDOWS\system32\mswsock.dll
0x00007fffb36e0000 - 0x00007fffb36f4000 	F:\AndroidStudio\jre\bin\nio.dll
0x00007fffb3b80000 - 0x00007fffb3ba7000 	C:\Users\Sultan\.gradle\native\e1d6ef7f7dcc3fd88c89a11ec53ec762bb8ba0a96d01ffa2cd45eb1d1d8dd5c5\windows-amd64\native-platform.dll
0x00007fff87f50000 - 0x00007fff88094000 	C:\Users\Sultan\.gradle\native\5664cfc778a61ccfe75a443a1ab52a65af34e5dc3c78e0209fed803814484fcb\windows-amd64\native-platform-file-events.dll
0x00007fffd4aa0000 - 0x00007fffd4aaa000 	F:\AndroidStudio\jre\bin\management.dll
0x00007fffbac80000 - 0x00007fffbac8d000 	F:\AndroidStudio\jre\bin\management_ext.dll
0x00007fffdb730000 - 0x00007fffdb748000 	C:\WINDOWS\SYSTEM32\CRYPTSP.dll
0x00007fffdaec0000 - 0x00007fffdaef4000 	C:\WINDOWS\system32\rsaenh.dll
0x00007fffdc760000 - 0x00007fffdc787000 	C:\WINDOWS\System32\bcrypt.dll
0x00007fffdbd50000 - 0x00007fffdbd7e000 	C:\WINDOWS\SYSTEM32\USERENV.dll
0x00007fffdb750000 - 0x00007fffdb75c000 	C:\WINDOWS\SYSTEM32\CRYPTBASE.dll
0x00007fffdb230000 - 0x00007fffdb26b000 	C:\WINDOWS\SYSTEM32\IPHLPAPI.DLL
0x00007fffdc970000 - 0x00007fffdc978000 	C:\WINDOWS\System32\NSI.dll
0x00007fffcced0000 - 0x00007fffccee7000 	C:\WINDOWS\SYSTEM32\dhcpcsvc6.DLL
0x00007fffcd0b0000 - 0x00007fffcd0cd000 	C:\WINDOWS\SYSTEM32\dhcpcsvc.DLL
0x00007fffdb270000 - 0x00007fffdb33a000 	C:\WINDOWS\SYSTEM32\DNSAPI.dll
0x00007fffdab50000 - 0x00007fffdab83000 	C:\WINDOWS\SYSTEM32\ntmarta.dll
0x00007fffb3520000 - 0x00007fffb353e000 	C:\Users\Sultan\AppData\Local\Temp\native-platform13906426426291458761dir\native-platform.dll
0x00007fffd35b0000 - 0x00007fffd35b8000 	F:\AndroidStudio\jre\bin\rmi.dll
0x00007fffb36c0000 - 0x00007fffb36d7000 	C:\WINDOWS\system32\napinsp.dll
0x00007fffb33b0000 - 0x00007fffb33cb000 	C:\WINDOWS\system32\pnrpnsp.dll
0x00007fffd5e10000 - 0x00007fffd5e25000 	C:\WINDOWS\system32\wshbth.dll
0x00007fffd6a40000 - 0x00007fffd6a5d000 	C:\WINDOWS\system32\NLAapi.dll
0x00007fffb3360000 - 0x00007fffb3372000 	C:\WINDOWS\System32\winrnr.dll
0x00007fffc5640000 - 0x00007fffc564a000 	C:\Windows\System32\rasadhlp.dll
0x00007fffca240000 - 0x00007fffca2c0000 	C:\WINDOWS\System32\fwpuclnt.dll
0x00007fffb33f0000 - 0x00007fffb3417000 	F:\AndroidStudio\jre\bin\sunec.dll

dbghelp: loaded successfully - version: 4.0.5 - missing functions: none
symbol engine: initialized successfully - sym options: 0x614 - pdb path: .;F:\AndroidStudio\jre\bin;C:\WINDOWS\SYSTEM32;C:\WINDOWS\WinSxS\amd64_microsoft.windows.common-controls_6595b64144ccf1df_6.0.19041.1110_none_60b5254171f9507e;F:\AndroidStudio\jre\bin\server;C:\Users\Sultan\.gradle\native\e1d6ef7f7dcc3fd88c89a11ec53ec762bb8ba0a96d01ffa2cd45eb1d1d8dd5c5\windows-amd64;C:\Users\Sultan\.gradle\native\5664cfc778a61ccfe75a443a1ab52a65af34e5dc3c78e0209fed803814484fcb\windows-amd64;C:\Users\Sultan\AppData\Local\Temp\native-platform13906426426291458761dir

VM Arguments:
jvm_args: --add-opens=java.base/java.util=ALL-UNNAMED --add-opens=java.base/java.lang=ALL-UNNAMED --add-opens=java.base/java.lang.invoke=ALL-UNNAMED --add-opens=java.base/java.util=ALL-UNNAMED --add-opens=java.prefs/java.util.prefs=ALL-UNNAMED --add-opens=java.prefs/java.util.prefs=ALL-UNNAMED --add-opens=java.base/java.nio.charset=ALL-UNNAMED --add-opens=java.base/java.net=ALL-UNNAMED --add-opens=java.base/java.util.concurrent.atomic=ALL-UNNAMED -Xmx2048m -Dfile.encoding=UTF-8 -Duser.country=RU -Duser.language=ru -Duser.variant 
java_command: org.gradle.launcher.daemon.bootstrap.GradleDaemon 7.3.3
java_class_path (initial): C:\Users\Sultan\.gradle\wrapper\dists\gradle-7.3.3-bin\6a41zxkdtcxs8rphpq6y0069z\gradle-7.3.3\lib\gradle-launcher-7.3.3.jar
Launcher Type: SUN_STANDARD

[Global flags]
     intx CICompilerCount                          = 3                                         {product} {ergonomic}
     uint ConcGCThreads                            = 1                                         {product} {ergonomic}
     uint G1ConcRefinementThreads                  = 4                                         {product} {ergonomic}
   size_t G1HeapRegionSize                         = 1048576                                   {product} {ergonomic}
    uintx GCDrainStackTargetSize                   = 64                                        {product} {ergonomic}
   size_t InitialHeapSize                          = 134217728                                 {product} {ergonomic}
   size_t MarkStackSize                            = 4194304                                   {product} {ergonomic}
   size_t MaxHeapSize                              = 2147483648                                {product} {command line}
   size_t MaxNewSize                               = 1287651328                                {product} {ergonomic}
   size_t MinHeapDeltaBytes                        = 1048576                                   {product} {ergonomic}
    uintx NonNMethodCodeHeapSize                   = 5830732                                {pd product} {ergonomic}
    uintx NonProfiledCodeHeapSize                  = 122913754                              {pd product} {ergonomic}
    uintx ProfiledCodeHeapSize                     = 122913754                              {pd product} {ergonomic}
    uintx ReservedCodeCacheSize                    = 251658240                              {pd product} {ergonomic}
     bool SegmentedCodeCache                       = true                                      {product} {ergonomic}
     bool UseCompressedClassPointers               = true                                 {lp64_product} {ergonomic}
     bool UseCompressedOops                        = true                                 {lp64_product} {ergonomic}
     bool UseG1GC                                  = true                                      {product} {ergonomic}
     bool UseLargePagesIndividualAllocation        = false                                  {pd product} {ergonomic}

Logging:
Log output configuration:
 #0: stdout all=warning uptime,level,tags
 #1: stderr all=off uptime,level,tags

Environment Variables:
JAVA_HOME=C:\Program Files\Java\jdk-18.0.2.1
PATH=C:\Program Files\Common Files\Oracle\Java\javapath;C:\WINDOWS\system32;C:\WINDOWS;C:\WINDOWS\System32\Wbem;C:\WINDOWS\System32\WindowsPowerShell\v1.0\;C:\WINDOWS\System32\OpenSSH\;C:\Program Files\Java\jdk-18.0.2.1\bin;F:\Git\cmd;C:\Users\Sultan\AppData\Local\Microsoft\WindowsApps;;C:\Program Files\JetBrains\IntelliJ IDEA Community Edition 2022.2.1\bin;;F:\Microsoft VS Code\bin
USERNAME=Sultan
OS=Windows_NT
PROCESSOR_IDENTIFIER=Intel64 Family 6 Model 142 Stepping 10, GenuineIntel



---------------  S Y S T E M  ---------------

OS: Windows 10 , 64 bit Build 19041 (10.0.19041.1889)
OS uptime: 0 days 0:59 hours

CPU:total 4 (initial active 4) (2 cores per cpu, 2 threads per core) family 6 model 142 stepping 10 microcode 0xb4, cmov, cx8, fxsr, mmx, sse, sse2, sse3, ssse3, sse4.1, sse4.2, popcnt, avx, avx2, aes, clmul, erms, 3dnowpref, lzcnt, ht, tsc, tscinvbit, bmi1, bmi2, adx, fma

Memory: 4k page, system-wide physical 8108M (437M free)
TotalPageFile size 10156M (AvailPageFile size 2M)
current process WorkingSet (physical memory assigned to process): 565M, peak: 580M
current process commit charge ("private bytes"): 708M, peak: 726M

vm_info: OpenJDK 64-Bit Server VM (11.0.12+7-b1504.28-7817840) for windows-amd64 JRE (11.0.12+7-b1504.28-7817840), built on Oct 13 2021 22:12:33 by "builder" with MS VC++ 14.0 (VS2015)

END.
